<testsuite name="Merged Test Suite" tests="325" failures="1" errors="0" time="9147.955">
  <testcase name="Health Monitoring A VirtualMachineInstance with a watchdog device [test_id:4641]should be shut down when the watchdog expires" classname="Tests Suite" time="36.634989195"></testcase>
  <testcase name="Guest Access Credentials with qemu guest agent should propagate public ssh keys" classname="Tests Suite" time="79.681098149"></testcase>
  <testcase name="[ref_id:1182]Probes for readiness should succeed [test_id:1202][posneg:positive]with working TCP probe and tcp server on ipv6" classname="Tests Suite" time="26.43260455"></testcase>
  <testcase name="[ref_id:1182]Probes for readiness should succeed [test_id:1202][posneg:positive]with working HTTP probe and http server, no ip family is specified " classname="Tests Suite" time="37.103543381"></testcase>
  <testcase name="[ref_id:1182]Probes for readiness should fail [test_id:1219][posneg:negative]with working HTTP probe and no running server" classname="Tests Suite" time="11.265031514"></testcase>
  <testcase name="[ref_id:1182]Probes for liveness should not fail the VMI [test_id:1199][posneg:positive]with working TCP probe and tcp server on ipv4" classname="Tests Suite" time="153.19186973"></testcase>
  <testcase name="[ref_id:1182]Probes for liveness should not fail the VMI [test_id:1201][posneg:positive]with working HTTP probe and http server on ipv6" classname="Tests Suite" time="134.302019869"></testcase>
  <testcase name="[ref_id:1182]Probes for liveness should fail the VMI [test_id:1217][posneg:negative]with working TCP probe and no running server" classname="Tests Suite" time="120.688054501"></testcase>
  <testcase name="[rfe_id:609][crit:medium][vendor:cnv-qe@redhat.com][level:component]VMIPreset Preset Matching [test_id:1598]Should reject a second submission of a VMIPreset" classname="Tests Suite" time="3.624691934"></testcase>
  <testcase name="[rfe_id:609][crit:medium][vendor:cnv-qe@redhat.com][level:component]VMIPreset Preset Matching [test_id:1600]Should reject presets that conflict with VirtualMachineInstance settings" classname="Tests Suite" time="15.447812303"></testcase>
  <testcase name="[rfe_id:609][crit:medium][vendor:cnv-qe@redhat.com][level:component]VMIPreset Preset Matching [test_id:1603]Should not be applied to existing VMIs" classname="Tests Suite" time="13.687495468"></testcase>
  <testcase name="[rfe_id:609][crit:medium][vendor:cnv-qe@redhat.com][level:component]VMIPreset Preset Lifecycle [test_id:617][rfe_id:609] should create and delete preset" classname="Tests Suite" time="3.798198197"></testcase>
  <testcase name="[rfe_id:609][crit:medium][vendor:cnv-qe@redhat.com][level:component]VMIPreset [rfe_id:613]MatchLabels [test_id:672] Should match multiple VMs via MatchLabel" classname="Tests Suite" time="8.258872752"></testcase>
  <testcase name="CloudInitHookSidecars VMI definition with CloudInit hook sidecar [test_id:3167]should successfully start with hook sidecar annotation" classname="Tests Suite" time="3.824188724"></testcase>
  <testcase name="Configurations with all devices on the root PCI bus [test_id:4623]should start run the guest as usual" classname="Tests Suite" time="33.126066756"></testcase>
  <testcase name="Configurations [rfe_id:897][crit:medium][vendor:cnv-qe@redhat.com][level:component]for CPU and memory limits should [test_id:3111]lead to get the guaranteed QOS class assigned when limit and requests are identical" classname="Tests Suite" time="4.634311474"></testcase>
  <testcase name="Configurations VirtualMachineInstance definition [rfe_id:140][crit:medium][vendor:cnv-qe@redhat.com][level:component]with no memory requested [test_id:3113]should failed to the VMI creation" classname="Tests Suite" time="4.567016574"></testcase>
  <testcase name="Configurations VirtualMachineInstance definition with BIOS bootloader method and no disk [test_id:5265]should find no bootable device by default" classname="Tests Suite" time="40.589441737"></testcase>
  <testcase name="Configurations VirtualMachineInstance definition [rfe_id:609][crit:medium][vendor:cnv-qe@redhat.com][level:component]Support memory over commitment test [test_id:730]Check OverCommit VM Created and Started" classname="Tests Suite" time="10.665012991"></testcase>
  <testcase name="Configurations VirtualMachineInstance definition [rfe_id:609][crit:medium][vendor:cnv-qe@redhat.com][level:component]Support memory over commitment test [test_id:732]Check Free memory on the VMI" classname="Tests Suite" time="30.828089956"></testcase>
  <testcase name="Configurations VirtualMachineInstance definition [rfe_id:3077][crit:medium][vendor:cnv-qe@redhat.com][level:component]with input devices [test_id:2642]should failed to start the VMI with wrong type of input device" classname="Tests Suite" time="3.6254846499999998"></testcase>
  <testcase name="Configurations VirtualMachineInstance definition [rfe_id:3077][crit:medium][vendor:cnv-qe@redhat.com][level:component]with input devices [test_id:3074]should failed to start the VMI with wrong bus of input device" classname="Tests Suite" time="5.394570482"></testcase>
  <testcase name="Configurations VirtualMachineInstance definition [rfe_id:3077][crit:medium][vendor:cnv-qe@redhat.com][level:component]with input devices [test_id:3072]should start the VMI with tablet input device with virtio bus" classname="Tests Suite" time="20.736068759"></testcase>
  <testcase name="Configurations VirtualMachineInstance definition [rfe_id:140][crit:medium][vendor:cnv-qe@redhat.com][level:component]with hugepages with unsupported page size [test_id:1673]should failed to schedule the pod" classname="Tests Suite" time="4.830429924"></testcase>
  <testcase name="Configurations VirtualMachineInstance definition [rfe_id:893][crit:medium][vendor:cnv-qe@redhat.com][level:component]with rng [test_id:1675]should not have the virtio rng device when not present" classname="Tests Suite" time="20.936294619999998"></testcase>
  <testcase name="Configurations [rfe_id:140][crit:medium][vendor:cnv-qe@redhat.com][level:component]with CPU spec [rfe_id:140][crit:medium][vendor:cnv-qe@redhat.com][level:component]when CPU model defined [test_id:1678]should report defined CPU model" classname="Tests Suite" time="51.232301195"></testcase>
  <testcase name="Configurations [rfe_id:140][crit:medium][vendor:cnv-qe@redhat.com][level:component]with CPU spec when CPU features defined [test_id:3123]should start a Virtaul Machine with matching features" classname="Tests Suite" time="37.368057335"></testcase>
  <testcase name="Configurations [rfe_id:898][crit:medium][vendor:cnv-qe@redhat.com][level:component]New VirtualMachineInstance with all supported drives [test_id:3906]should configure custom Pci address" classname="Tests Suite" time="33.130672548"></testcase>
  <testcase name="Configurations Check KVM CPUID advertisement [test_id:5271]test cpuid hidden" classname="Tests Suite" time="108.230933002"></testcase>
  <testcase name="oc/kubectl integration [test_id:5183]vmirs have validation" classname="Tests Suite" time="3.879536869"></testcase>
  <testcase name="oc/kubectl integration [rfe_id:3423][vendor:cnv-qe@redhat.com][level:component]oc/kubectl get vm/vmi tests should verify set of columns for [test_id:3464]virtualmachine" classname="Tests Suite" time="11.365449086"></testcase>
  <testcase name="oc/kubectl integration [rfe_id:3423][vendor:cnv-qe@redhat.com][level:component]oc/kubectl get vm/vmi tests should verify set of wide columns for [test_id:3468]virtualmachine" classname="Tests Suite" time="9.95108079"></testcase>
  <testcase name="oc/kubectl integration [rfe_id:3423][vendor:cnv-qe@redhat.com][level:component]oc/kubectl get vm/vmi tests should verify set of wide columns for [test_id:4423]virtualmachine" classname="Tests Suite" time="9.813219021"></testcase>
  <testcase name="[rfe_id:3423][crit:high][vendor:cnv-qe@redhat.com][level:component]VmWatch [test_id:3466]Should update vmi status with the proper columns using &#39;kubectl get vmi -w&#39;" classname="Tests Suite" time="76.616551914">
    <failure type="Failure">tests/vm_watch_test.go:218&#xA;Timed out after 60.000s.&#xA;Expected&#xA;    &lt;bool&gt;: false&#xA;to be true&#xA;tests/vm_watch_test.go:334</failure>
    <system-out>W0216 15:04:23.598349   47742 warnings.go:70] apiextensions.k8s.io/v1beta1 CustomResourceDefinition is deprecated in v1.16+, unavailable in v1.22+; use apiextensions.k8s.io/v1 CustomResourceDefinition&#xA;W0216 15:04:24.448383   47742 warnings.go:70] apiextensions.k8s.io/v1beta1 CustomResourceDefinition is deprecated in v1.16+, unavailable in v1.22+; use apiextensions.k8s.io/v1 CustomResourceDefinition&#xA;W0216 15:04:25.849543   47742 warnings.go:70] apiextensions.k8s.io/v1beta1 CustomResourceDefinition is deprecated in v1.16+, unavailable in v1.22+; use apiextensions.k8s.io/v1 CustomResourceDefinition&#xA;</system-out>
  </testcase>
  <testcase name="[rfe_id:127][posneg:negative][crit:medium][vendor:cnv-qe@redhat.com][level:component]Console [rfe_id:127][posneg:negative][crit:medium][vendor:cnv-qe@redhat.com][level:component]A new VirtualMachineInstance without a serial console [test_id:4116]should create the vmi without any issue" classname="Tests Suite" time="11.643740873"></testcase>
  <testcase name="[rfe_id:127][posneg:negative][crit:medium][vendor:cnv-qe@redhat.com][level:component]Console [rfe_id:127][posneg:negative][crit:medium][vendor:cnv-qe@redhat.com][level:component]A new VirtualMachineInstance without a serial console [test_id:4118]should not connect to the serial console" classname="Tests Suite" time="10.683115396"></testcase>
  <testcase name="Subresource Api [rfe_id:1195][crit:medium][vendor:cnv-qe@redhat.com][level:component] Rbac Authorization For Version Command Without permissions [test_id:3173]should be able to access subresource version endpoint" classname="Tests Suite" time="6.017663965"></testcase>
  <testcase name="Subresource Api [rfe_id:1177][crit:medium][vendor:cnv-qe@redhat.com][level:component] VirtualMachine subresource with a restart endpoint [test_id:2265][posneg:negative] should return an error when VM has not been found but VMI is running" classname="Tests Suite" time="9.435563412"></testcase>
  <testcase name="Subresource Api [rfe_id:1177][crit:medium][vendor:cnv-qe@redhat.com][level:component] VirtualMachine subresource With RunStrategy RerunOnFailure [test_id:3176]Should restart the VM" classname="Tests Suite" time="23.748570448"></testcase>
  <testcase name="Subresource Api [rfe_id:1195][crit:medium][vendor:cnv-qe@redhat.com][level:component] the openapi spec for the subresources [test_id:3177]should be aggregated into the apiserver openapi spec" classname="Tests Suite" time="3.713169657"></testcase>
  <testcase name="[rfe_id:500][crit:high][vendor:cnv-qe@redhat.com][level:component]User Access With default kubevirt service accounts should verify permissions on resources are correct for view, edit, and admin [test_id:526]given a vmi" classname="Tests Suite" time="8.570616636"></testcase>
  <testcase name="[rfe_id:500][crit:high][vendor:cnv-qe@redhat.com][level:component]User Access With default kubevirt service accounts should verify permissions on resources are correct for view, edit, and admin [test_id:527]given a vm" classname="Tests Suite" time="6.61063495"></testcase>
  <testcase name="[rfe_id:500][crit:high][vendor:cnv-qe@redhat.com][level:component]User Access With default kubevirt service accounts should verify permissions on resources are correct for view, edit, and admin [test_id:529][crit:low]given a vmi replica set" classname="Tests Suite" time="6.493101368"></testcase>
  <testcase name="[rfe_id:500][crit:high][vendor:cnv-qe@redhat.com][level:component]User Access With default kubevirt service accounts should verify permissions on resources are correct for view, edit, and admin [test_id:5243]given a vmsnapshot" classname="Tests Suite" time="6.468308428"></testcase>
  <testcase name="[rfe_id:500][crit:high][vendor:cnv-qe@redhat.com][level:component]User Access With default kubevirt service accounts should verify permissions on resources are correct for view, edit, and admin [test_id:5245]given a vmsrestore" classname="Tests Suite" time="6.599225207"></testcase>
  <testcase name="[rfe_id:500][crit:high][vendor:cnv-qe@redhat.com][level:component]User Access With default kubevirt service accounts should verify permissions on subresources are correct for view, edit, and admin [test_id:3233]on vm stop" classname="Tests Suite" time="7.80754673"></testcase>
  <testcase name="[rfe_id:273][crit:high][vendor:cnv-qe@redhat.com][level:component]VMIlifecycle [rfe_id:273][crit:high][vendor:cnv-qe@redhat.com][level:component]Creating a VirtualMachineInstance [test_id:1620]should start it" classname="Tests Suite" time="9.476625216"></testcase>
  <testcase name="[rfe_id:273][crit:high][vendor:cnv-qe@redhat.com][level:component]VMIlifecycle [rfe_id:273][crit:high][vendor:cnv-qe@redhat.com][level:component]Creating a VirtualMachineInstance [test_id:3196]should carry kubernetes and kubevirt annotations to pod" classname="Tests Suite" time="10.255377135"></testcase>
  <testcase name="[rfe_id:273][crit:high][vendor:cnv-qe@redhat.com][level:component]VMIlifecycle [rfe_id:273][crit:high][vendor:cnv-qe@redhat.com][level:component]Creating a VirtualMachineInstance [test_id:1623]should reject POST if validation webhook deems the spec invalid" classname="Tests Suite" time="4.983658567"></testcase>
  <testcase name="[rfe_id:273][crit:high][vendor:cnv-qe@redhat.com][level:component]VMIlifecycle [rfe_id:273][crit:high][vendor:cnv-qe@redhat.com][level:component]Creating a VirtualMachineInstance [test_id:1624]should reject PATCH if schema is invalid" classname="Tests Suite" time="5.998316716"></testcase>
  <testcase name="[rfe_id:273][crit:high][vendor:cnv-qe@redhat.com][level:component]VMIlifecycle [rfe_id:273][crit:high][vendor:cnv-qe@redhat.com][level:component]Creating a VirtualMachineInstance with boot order [rfe_id:273][crit:high][vendor:cnv-qe@redhat.com][level:component]should be able to boot from selected disk [test_id:1627]Alpine as first boot" classname="Tests Suite" time="24.206925647"></testcase>
  <testcase name="[rfe_id:273][crit:high][vendor:cnv-qe@redhat.com][level:component]VMIlifecycle [rfe_id:273][crit:high][vendor:cnv-qe@redhat.com][level:component]Creating a VirtualMachineInstance with affinity [test_id:1638]the vmi with node affinity and anti-pod affinity should not be scheduled" classname="Tests Suite" time="13.49608131"></testcase>
  <testcase name="[rfe_id:273][crit:high][vendor:cnv-qe@redhat.com][level:component]VMIlifecycle [rfe_id:273][crit:high][vendor:cnv-qe@redhat.com][level:component]Creating a VirtualMachineInstance VM Accelerated Mode [test_id:1647]should not enable emulation in virt-launcher" classname="Tests Suite" time="12.464420456"></testcase>
  <testcase name="[rfe_id:273][crit:high][vendor:cnv-qe@redhat.com][level:component]VMIlifecycle [rfe_id:273][crit:high][vendor:cnv-qe@redhat.com][level:component]Delete a VirtualMachineInstance&#39;s Pod [test_id:1650]should result in the VirtualMachineInstance moving to a finalized state" classname="Tests Suite" time="13.487581509"></testcase>
  <testcase name="[rfe_id:273][crit:high][vendor:cnv-qe@redhat.com][level:component]VMIlifecycle [rfe_id:273][crit:high][vendor:cnv-qe@redhat.com][level:component]Delete a VirtualMachineInstance with ACPI and 0 grace period seconds [test_id:1652]should result in vmi status failed" classname="Tests Suite" time="32.077529417"></testcase>
  <testcase name="[rfe_id:273][crit:high][vendor:cnv-qe@redhat.com][level:component]VMIlifecycle [rfe_id:273][crit:high][vendor:cnv-qe@redhat.com][level:component]Delete a VirtualMachineInstance with ACPI and some grace period seconds [rfe_id:273][crit:medium][vendor:cnv-qe@redhat.com][level:component]should result in vmi status succeeded [test_id:1654]with default grace period seconds" classname="Tests Suite" time="36.016411336"></testcase>
  <testcase name="[rfe_id:3064][crit:medium][vendor:cnv-qe@redhat.com][level:component]Pausing A valid VMI when paused via virtctl [test_id:3080]should signal unpaused state with removed condition" classname="Tests Suite" time="14.35347358"></testcase>
  <testcase name="[rfe_id:3064][crit:medium][vendor:cnv-qe@redhat.com][level:component]Pausing A valid VM when paused via API [test_id:4598]should signal paused state with condition" classname="Tests Suite" time="14.789835"></testcase>
  <testcase name="[rfe_id:3064][crit:medium][vendor:cnv-qe@redhat.com][level:component]Pausing A valid VM when paused via virtctl [test_id:3088]should gracefully handle pausing the VMI again" classname="Tests Suite" time="14.775593527"></testcase>
  <testcase name="[rfe_id:3064][crit:medium][vendor:cnv-qe@redhat.com][level:component]Pausing A valid VM when paused via virtctl [test_id:3085]should be stopped successfully" classname="Tests Suite" time="26.860485513"></testcase>
  <testcase name="[rfe_id:3064][crit:medium][vendor:cnv-qe@redhat.com][level:component]Pausing A valid VM when paused via virtctl [test_id:3083]should gracefully handle console connection" classname="Tests Suite" time="15.748990003"></testcase>
  <testcase name="[rfe_id:151][crit:high][vendor:cnv-qe@redhat.com][level:component]CloudInit UserData [rfe_id:151][crit:medium][vendor:cnv-qe@redhat.com][level:component]A new VirtualMachineInstance with cloudInitNoCloud userDataBase64 source [test_id:1615]should have cloud-init data" classname="Tests Suite" time="26.745454566"></testcase>
  <testcase name="[rfe_id:151][crit:high][vendor:cnv-qe@redhat.com][level:component]CloudInit UserData [rfe_id:151][crit:medium][vendor:cnv-qe@redhat.com][level:component]A new VirtualMachineInstance with cloudInitConfigDrive userDataBase64 source [test_id:3178]should have cloud-init data" classname="Tests Suite" time="24.068891446"></testcase>
  <testcase name="[rfe_id:151][crit:high][vendor:cnv-qe@redhat.com][level:component]CloudInit UserData [rfe_id:151][crit:medium][vendor:cnv-qe@redhat.com][level:component]A new VirtualMachineInstance with cloudInitNoCloud userData source [test_id:1617]should process provided cloud-init data" classname="Tests Suite" time="42.419731267"></testcase>
  <testcase name="[rfe_id:151][crit:high][vendor:cnv-qe@redhat.com][level:component]CloudInit UserData [rfe_id:151][crit:medium][vendor:cnv-qe@redhat.com][level:component]A new VirtualMachineInstance [test_id:1618]should take user-data from k8s secret" classname="Tests Suite" time="24.3285891"></testcase>
  <testcase name="[rfe_id:151][crit:high][vendor:cnv-qe@redhat.com][level:component]CloudInit UserData [rfe_id:151][crit:medium][vendor:cnv-qe@redhat.com][level:component]A new VirtualMachineInstance with cloudInitNoCloud networkData [test_id:3183]should have cloud-init network-config from k8s secret" classname="Tests Suite" time="31.466316171"></testcase>
  <testcase name="[rfe_id:151][crit:high][vendor:cnv-qe@redhat.com][level:component]CloudInit UserData [rfe_id:151][crit:medium][vendor:cnv-qe@redhat.com][level:component]A new VirtualMachineInstance with cloudInitConfigDrive networkData [test_id:3185]should have cloud-init network-config with NetworkDataBase64 source" classname="Tests Suite" time="30.512610806"></testcase>
  <testcase name="[rfe_id:151][crit:high][vendor:cnv-qe@redhat.com][level:component]CloudInit UserData [rfe_id:151][crit:medium][vendor:cnv-qe@redhat.com][level:component]A new VirtualMachineInstance with cloudInitConfigDrive networkData [test_id:3187]should have cloud-init userdata and network-config from separate k8s secrets with lowercase labels" classname="Tests Suite" time="35.627852872"></testcase>
  <testcase name="[rfe_id:1177][crit:medium][vendor:cnv-qe@redhat.com][level:component]VirtualMachine A valid VirtualMachine given cpu/memory in requests/limits should allow float type" classname="Tests Suite" time="26.782049017"></testcase>
  <testcase name="[rfe_id:1177][crit:medium][vendor:cnv-qe@redhat.com][level:component]VirtualMachine A valid VirtualMachine given [test_id:1522]should remove owner references on the VirtualMachineInstance if it is orphan deleted" classname="Tests Suite" time="5.66853139"></testcase>
  <testcase name="[rfe_id:1177][crit:medium][vendor:cnv-qe@redhat.com][level:component]VirtualMachine A valid VirtualMachine given [test_id:1524]should recreate VirtualMachineInstance if the VirtualMachineInstance&#39;s pod gets deleted" classname="Tests Suite" time="27.25876227"></testcase>
  <testcase name="[rfe_id:1177][crit:medium][vendor:cnv-qe@redhat.com][level:component]VirtualMachine A valid VirtualMachine given [test_id:1526]should start and stop VirtualMachineInstance multiple times" classname="Tests Suite" time="219.251608187"></testcase>
  <testcase name="[rfe_id:1177][crit:medium][vendor:cnv-qe@redhat.com][level:component]VirtualMachine A valid VirtualMachine given Using virtctl interface Using RunStrategyHalted [test_id:2037] should start a stopped VM" classname="Tests Suite" time="11.511716732"></testcase>
  <testcase name="[rfe_id:1177][crit:medium][vendor:cnv-qe@redhat.com][level:component]VirtualMachine A valid VirtualMachine given Using virtctl interface Using RunStrategyManual [test_id:2189] should stop" classname="Tests Suite" time="23.783190029"></testcase>
  <testcase name="[rfe_id:1177][crit:medium][vendor:cnv-qe@redhat.com][level:component]VirtualMachine A valid VirtualMachine given Using virtctl interface Using RunStrategyManual [test_id:2190] should not remove a succeeded VMI" classname="Tests Suite" time="46.762178407"></testcase>
  <testcase name="[rfe_id:1177][crit:medium][vendor:cnv-qe@redhat.com][level:component]VirtualMachine [rfe_id:273]with oc/kubectl [test_id:264]should create and delete via command line" classname="Tests Suite" time="23.226339288"></testcase>
  <testcase name="[rfe_id:1177][crit:medium][vendor:cnv-qe@redhat.com][level:component]VirtualMachine VM rename VM update [test_id:4654]should fail if the new name is already taken" classname="Tests Suite" time="3.46997364"></testcase>
  <testcase name="[rfe_id:1177][crit:medium][vendor:cnv-qe@redhat.com][level:component]VirtualMachine VM rename VM update [test_id:4656]should fail if the new name is invalid" classname="Tests Suite" time="5.3933622549999995"></testcase>
  <testcase name="[rfe_id:1177][crit:medium][vendor:cnv-qe@redhat.com][level:component]VirtualMachine VM rename VM update [test_id:4658]should fail if the VM is running" classname="Tests Suite" time="5.394996554"></testcase>
  <testcase name="[rfe_id:253][crit:medium][vendor:cnv-qe@redhat.com][level:component]Expose Expose service on a VM Expose ClusterIP service [label:masquerade_binding_connectivity]Should expose a Cluster IP service on a VMI and connect to it [test_id:1531] over default IPv4 IP family" classname="Tests Suite" time="36.039692642"></testcase>
  <testcase name="[rfe_id:253][crit:medium][vendor:cnv-qe@redhat.com][level:component]Expose Expose service on a VM Expose ClusterIP service with string target-port Should expose a ClusterIP service and connect to the vm on port 80 over IPv6 IP family" classname="Tests Suite" time="1.038961842"></testcase>
  <testcase name="[rfe_id:253][crit:medium][vendor:cnv-qe@redhat.com][level:component]Expose Expose service on a VM Expose ClusterIP service with ports on the vmi defined Should expose a ClusterIP service and connect to all ports defined on the vmi [test_id:1533] over default IPv4 IP family" classname="Tests Suite" time="1.036656319"></testcase>
  <testcase name="[rfe_id:253][crit:medium][vendor:cnv-qe@redhat.com][level:component]Expose Expose service on a VM Expose ClusterIP service with ports on the vmi defined Should expose a ClusterIP service and connect to all ports defined on the vmi over IPv6 IP family" classname="Tests Suite" time="1.031288717"></testcase>
  <testcase name="[rfe_id:253][crit:medium][vendor:cnv-qe@redhat.com][level:component]Expose Expose service on a VM Expose NodePort service [label:masquerade_binding_connectivity]Should expose a NodePort service on a VMI and connect to it [test_id:1534] over default IPv4 IP family" classname="Tests Suite" time="6.0469156569999996"></testcase>
  <testcase name="[rfe_id:253][crit:medium][vendor:cnv-qe@redhat.com][level:component]Expose Expose UDP service on a VMI Expose ClusterIP UDP service [label:masquerade_binding_connectivity]Should expose a ClusterIP service on a VMI and connect to it [test_id:1535] over default IPv4 IP family" classname="Tests Suite" time="42.228739314"></testcase>
  <testcase name="[rfe_id:253][crit:medium][vendor:cnv-qe@redhat.com][level:component]Expose Expose UDP service on a VMI Expose NodePort UDP service [label:masquerade_binding_connectivity]Should expose a NodePort service on a VMI and connect to it over IPv6 IP family" classname="Tests Suite" time="65.504912881"></testcase>
  <testcase name="[rfe_id:253][crit:medium][vendor:cnv-qe@redhat.com][level:component]Expose Expose a VM as a service. Expose a VM as a ClusterIP service. [label:masquerade_binding_connectivity]Connect to ClusterIP service that was set when VM was offline. [test_id:1538] over default IPv4 IP family" classname="Tests Suite" time="39.819596555"></testcase>
  <testcase name="[rfe_id:253][crit:medium][vendor:cnv-qe@redhat.com][level:component]Expose Expose a VM as a service. Expose a VM as a ClusterIP service. [label:masquerade_binding_connectivity]Should verify the exposed service is functional before and after VM restart. [test_id:345] over default IPv4 IP family" classname="Tests Suite" time="76.014647393"></testcase>
  <testcase name="[rfe_id:253][crit:medium][vendor:cnv-qe@redhat.com][level:component]Expose Expose a VM as a service. Expose a VM as a ClusterIP service. [label:masquerade_binding_connectivity]Should Verify an exposed service of a VM is not functional after VM deletion. over IPv6 IP family" classname="Tests Suite" time="129.413993718"></testcase>
  <testcase name="[rfe_id:588][crit:medium][vendor:cnv-qe@redhat.com][level:component]ContainerDisk [rfe_id:4052][crit:high][vendor:cnv-qe@redhat.com][level:component]VMI disk permissions with ephemeral registry disk [test_id:4299]should not have world write permissions" classname="Tests Suite" time="21.091940574"></testcase>
  <testcase name="Storage Starting a VirtualMachineInstance [rfe_id:3106][crit:medium][vendor:cnv-qe@redhat.com][level:component]with Alpine PVC should be successfully started [test_id:4618]with NFS Disk PVC using ipv4 address of the NFS pod" classname="Tests Suite" time="110.663773039"></testcase>
  <testcase name="Storage Starting a VirtualMachineInstance [rfe_id:3106][crit:medium][vendor:cnv-qe@redhat.com][level:component]With an emptyDisk defined and a specified serial number [test_id:3135]should create a writeable emptyDisk with the specified serial number" classname="Tests Suite" time="31.573584037"></testcase>
  <testcase name="Storage Starting a VirtualMachineInstance [rfe_id:3106][crit:medium][vendor:cnv-qe@redhat.com][level:component]With ephemeral alpine PVC should be successfully started [test_id:3136]with Ephemeral PVC" classname="Tests Suite" time="23.350003253"></testcase>
  <testcase name="Storage Starting a VirtualMachineInstance [rfe_id:3106][crit:medium][vendor:cnv-qe@redhat.com][level:component]With ephemeral alpine PVC should be successfully started [test_id:4619]with Ephemeral PVC from NFS using ipv4 address of the NFS pod" classname="Tests Suite" time="150.183965131"></testcase>
  <testcase name="Storage Starting a VirtualMachineInstance [rfe_id:2298][crit:medium][vendor:cnv-qe@redhat.com][level:component] With HostDisk and PVC initialization With a HostDisk defined With &#39;DiskExistsOrCreate&#39; type Should create a disk image and start [test_id:851]with virtio driver" classname="Tests Suite" time="10.418282392"></testcase>
  <testcase name="Storage Starting a VirtualMachineInstance [rfe_id:2298][crit:medium][vendor:cnv-qe@redhat.com][level:component] With HostDisk and PVC initialization With a HostDisk defined With &#39;DiskExistsOrCreate&#39; type [test_id:3107]should start with multiple hostdisks in the same directory" classname="Tests Suite" time="10.207457257"></testcase>
  <testcase name="Storage Starting a VirtualMachineInstance [rfe_id:2298][crit:medium][vendor:cnv-qe@redhat.com][level:component] With HostDisk and PVC initialization With a HostDisk defined With &#39;DiskExists&#39; type [test_id:847]Should fail with a capacity option" classname="Tests Suite" time="6.18141115"></testcase>
  <testcase name="Storage Starting a VirtualMachineInstance [rfe_id:2298][crit:medium][vendor:cnv-qe@redhat.com][level:component] With HostDisk and PVC initialization With a HostDisk defined With unknown hostDisk type [test_id:852]Should fail to start VMI" classname="Tests Suite" time="4.049045338"></testcase>
  <testcase name="Storage Starting a VirtualMachineInstance [rfe_id:2288][crit:high][vendor:cnv-qe@redhat.com][level:component] With Cirros BlockMode PVC [test_id:1015] should be successfully started" classname="Tests Suite" time="32.146119034"></testcase>
  <testcase name="Storage Starting a VirtualMachineInstance [rfe_id:2288][crit:high][vendor:cnv-qe@redhat.com][level:component] With not existing PVC [test_id:1040] should get unschedulable condition" classname="Tests Suite" time="4.825311904"></testcase>
  <testcase name="Storage Starting a VirtualMachineInstance With both SCSI and SATA devices should successfully start with distinct device names" classname="Tests Suite" time="21.007513713"></testcase>
  <testcase name="[sig-storage] Hotplug Offline VM Should add volumes on an offline VM with DataVolume" classname="Tests Suite" time="10.924851232"></testcase>
  <testcase name="HookSidecars [rfe_id:2667][crit:medium][vendor:cnv-qe@redhat.com][level:component] VMI definition with SM BIOS hook sidecar [test_id:3156]should successfully start with hook sidecar annotation for v1alpha2" classname="Tests Suite" time="19.659686207"></testcase>
  <testcase name="HookSidecars [rfe_id:2667][crit:medium][vendor:cnv-qe@redhat.com][level:component] VMI definition with SM BIOS hook sidecar [test_id:3158]should update domain XML with SM BIOS properties" classname="Tests Suite" time="14.668822254"></testcase>
  <testcase name="Guest Access Credentials with qemu guest agent should propagate user password" classname="Tests Suite" time="77.670021182"></testcase>
  <testcase name="[ref_id:1182]Probes for readiness should succeed [test_id:1202][posneg:positive]with working TCP probe and tcp server on ipv4" classname="Tests Suite" time="35.620176581"></testcase>
  <testcase name="[ref_id:1182]Probes for readiness should succeed [test_id:1200][posneg:positive]with working HTTP probe and http server on ipv6" classname="Tests Suite" time="28.589649494"></testcase>
  <testcase name="[ref_id:1182]Probes for readiness should fail [test_id:1220][posneg:negative]with working TCP probe and no running server" classname="Tests Suite" time="12.668164133"></testcase>
  <testcase name="[ref_id:1182]Probes for liveness should not fail the VMI [test_id:1199][posneg:positive]with working TCP probe and tcp server on ipv6" classname="Tests Suite" time="135.119494193"></testcase>
  <testcase name="[ref_id:1182]Probes for liveness should not fail the VMI [test_id:1201][posneg:positive]with working HTTP probe and http server, no ip family is specified" classname="Tests Suite" time="157.08201302"></testcase>
  <testcase name="[ref_id:1182]Probes for liveness should fail the VMI [test_id:1218][posneg:negative]with working HTTP probe and no running server" classname="Tests Suite" time="120.321437669"></testcase>
  <testcase name="[rfe_id:609][crit:medium][vendor:cnv-qe@redhat.com][level:component]VMIPreset Preset Matching [test_id:1601]Should accept presets that don&#39;t conflict with VirtualMachineInstance settings" classname="Tests Suite" time="14.697906208"></testcase>
  <testcase name="[rfe_id:609][crit:medium][vendor:cnv-qe@redhat.com][level:component]VMIPreset Exclusions [test_id:1604]Should not apply presets to VirtualMachineInstance&#39;s with the exclusion marking" classname="Tests Suite" time="12.690309941"></testcase>
  <testcase name="[rfe_id:609][crit:medium][vendor:cnv-qe@redhat.com][level:component]VMIPreset Match Expressions [test_id:726] Should match multiple VMs via MatchExpression" classname="Tests Suite" time="6.649970487"></testcase>
  <testcase name="Controller devices with ephemeral disk a scsi controller should NOT appear if disabled" classname="Tests Suite" time="8.308226756"></testcase>
  <testcase name="CloudInitHookSidecars VMI definition with CloudInit hook sidecar [test_id:3169]should have cloud-init user-data from sidecar" classname="Tests Suite" time="33.672981078"></testcase>
  <testcase name="Configurations [rfe_id:897][crit:medium][vendor:cnv-qe@redhat.com][level:component]for CPU and memory limits should [test_id:3110]lead to get the burstable QOS class assigned when limit and requests differ" classname="Tests Suite" time="4.648803242"></testcase>
  <testcase name="Configurations [rfe_id:897][crit:medium][vendor:cnv-qe@redhat.com][level:component]for CPU and memory limits should [test_id:3112]lead to get the guaranteed QOS class assigned when only limits are set" classname="Tests Suite" time="5.588219722"></testcase>
  <testcase name="Configurations VirtualMachineInstance definition with BIOS bootloader method and no disk [test_id:5266]should boot to NIC rom if a boot order was set on a network interface" classname="Tests Suite" time="15.240692791"></testcase>
  <testcase name="Configurations VirtualMachineInstance definition [rfe_id:140][crit:medium][vendor:cnv-qe@redhat.com][level:component]with diverging memory limit from memory request and no guest memory [test_id:3115]should show the memory limit inside the VMI" classname="Tests Suite" time="32.49910136"></testcase>
  <testcase name="Configurations VirtualMachineInstance definition [rfe_id:609][crit:medium][vendor:cnv-qe@redhat.com][level:component]Support memory over commitment test [test_id:731]Check OverCommit status on VMI" classname="Tests Suite" time="10.6736966"></testcase>
  <testcase name="Configurations VirtualMachineInstance definition [rfe_id:3078][crit:medium][vendor:cnv-qe@redhat.com][level:component]with usb controller [test_id:3117]should start the VMI with usb controller when usb device is present" classname="Tests Suite" time="21.838320962"></testcase>
  <testcase name="Configurations VirtualMachineInstance definition [rfe_id:3078][crit:medium][vendor:cnv-qe@redhat.com][level:component]with usb controller [test_id:3118]should start the VMI without usb controller" classname="Tests Suite" time="20.024863242"></testcase>
  <testcase name="Configurations VirtualMachineInstance definition [rfe_id:140][crit:medium][vendor:cnv-qe@redhat.com][level:component]with namespace memory limits lower than VMI required memory [test_id:1670]should failed to start the VMI" classname="Tests Suite" time="3.816277925"></testcase>
  <testcase name="Configurations VirtualMachineInstance definition [rfe_id:140][crit:medium][vendor:cnv-qe@redhat.com][level:component]with namespace cpu limits lower than VMI required cpu [test_id:3119]should fail to start the VMI" classname="Tests Suite" time="5.596423869"></testcase>
  <testcase name="Configurations VirtualMachineInstance definition [rfe_id:140][crit:medium][vendor:cnv-qe@redhat.com][level:component]with namespace limits higher than VMI requests [test_id:3120]should start the VMI with the right default settings from namespace limits" classname="Tests Suite" time="13.645741732"></testcase>
  <testcase name="Configurations VirtualMachineInstance definition [rfe_id:140][crit:medium][vendor:cnv-qe@redhat.com][level:component]with serial-number [test_id:3121]should have serial-number set when present" classname="Tests Suite" time="9.845341545"></testcase>
  <testcase name="Configurations VirtualMachineInstance definition [rfe_id:140][crit:medium][vendor:cnv-qe@redhat.com][level:component]with serial-number [test_id:3122]should not have serial-number set when not present" classname="Tests Suite" time="11.857889851"></testcase>
  <testcase name="Configurations [rfe_id:140][crit:medium][vendor:cnv-qe@redhat.com][level:component]with CPU spec [rfe_id:140][crit:medium][vendor:cnv-qe@redhat.com][level:component]when CPU model equals to passthrough [test_id:1679]should report exactly the same model as node CPU" classname="Tests Suite" time="53.292576189"></testcase>
  <testcase name="Configurations with a custom scheduler [test_id:4631]schould set the custom scheduler on the pod" classname="Tests Suite" time="4.632990506"></testcase>
  <testcase name="Configurations [rfe_id:140][crit:medium][vendor:cnv-qe@redhat.com][level:component]with CPU request settings [test_id:3127]should set CPU request from VMI spec" classname="Tests Suite" time="5.595759872"></testcase>
  <testcase name="Configurations [rfe_id:140][crit:medium][vendor:cnv-qe@redhat.com][level:component]with CPU request settings [test_id:3128]should set CPU request when it is not provided" classname="Tests Suite" time="5.808360553"></testcase>
  <testcase name="Configurations [rfe_id:898][crit:medium][vendor:cnv-qe@redhat.com][level:component]New VirtualMachineInstance with all supported drives [test_id:1682]should have all the device nodes" classname="Tests Suite" time="35.767045695"></testcase>
  <testcase name="Configurations With ephemeral CD-ROM For various bus types [test_id:3776] Should be rejected when using virtio" classname="Tests Suite" time="3.618563007"></testcase>
  <testcase name="Configurations Custom PCI Addresses configuration should configure custom pci address [test_id:5269]across all available PCI root bus slots" classname="Tests Suite" time="70.349423516"></testcase>
  <testcase name="Configurations Check KVM CPUID advertisement [test_id:5272]test cpuid default" classname="Tests Suite" time="74.291165882"></testcase>
  <testcase name="[rfe_id:3423][crit:high][vendor:cnv-qe@redhat.com][level:component]VmWatch [test_id:3468]Should update vm status with the proper columns using &#39;kubectl get vm -w&#39;" classname="Tests Suite" time="3.923679876"></testcase>
  <testcase name="[rfe_id:127][posneg:negative][crit:medium][vendor:cnv-qe@redhat.com][level:component]Console [rfe_id:127][posneg:negative][crit:medium][vendor:cnv-qe@redhat.com][level:component]A new VirtualMachineInstance with a serial console with a cirros image [test_id:1588]should return that we are running cirros" classname="Tests Suite" time="26.998564741"></testcase>
  <testcase name="[rfe_id:127][posneg:negative][crit:medium][vendor:cnv-qe@redhat.com][level:component]Console [rfe_id:127][posneg:negative][crit:medium][vendor:cnv-qe@redhat.com][level:component]A new VirtualMachineInstance with a serial console with an alpine image should return that we are running alpine [test_id:4636]with ContainerDisk" classname="Tests Suite" time="19.735507221"></testcase>
  <testcase name="[rfe_id:127][posneg:negative][crit:medium][vendor:cnv-qe@redhat.com][level:component]Console [rfe_id:127][posneg:negative][crit:medium][vendor:cnv-qe@redhat.com][level:component]A new VirtualMachineInstance with a serial console [test_id:1591]should close console connection when new console connection is opened" classname="Tests Suite" time="18.761373016"></testcase>
  <testcase name="[rfe_id:127][posneg:negative][crit:medium][vendor:cnv-qe@redhat.com][level:component]Console [rfe_id:127][posneg:negative][crit:medium][vendor:cnv-qe@redhat.com][level:component]A new VirtualMachineInstance with a serial console [test_id:1593]should fail waiting for the virtual machine instance to be running" classname="Tests Suite" time="34.404760492"></testcase>
  <testcase name="[rfe_id:127][posneg:negative][crit:medium][vendor:cnv-qe@redhat.com][level:component]Console [rfe_id:127][posneg:negative][crit:medium][vendor:cnv-qe@redhat.com][level:component]A new VirtualMachineInstance without a serial console [test_id:4117]should not have the  serial console in xml" classname="Tests Suite" time="10.659205731"></testcase>
  <testcase name="Subresource Api [rfe_id:1195][crit:medium][vendor:cnv-qe@redhat.com][level:component] Rbac Authorization Without permissions [test_id:3171]should not be able to access subresource endpoint" classname="Tests Suite" time="6.023936964"></testcase>
  <testcase name="Subresource Api [rfe_id:1177][crit:medium][vendor:cnv-qe@redhat.com][level:component] VirtualMachine subresource with a restart endpoint [test_id:1304] should restart a VM" classname="Tests Suite" time="82.878852387"></testcase>
  <testcase name="[rfe_id:273][crit:high][vendor:cnv-qe@redhat.com][level:component]VMIlifecycle [rfe_id:273][crit:high][vendor:cnv-qe@redhat.com][level:component]Creating a VirtualMachineInstance [test_id:1619]should success" classname="Tests Suite" time="4.205535148"></testcase>
  <testcase name="[rfe_id:273][crit:high][vendor:cnv-qe@redhat.com][level:component]VMIlifecycle [rfe_id:273][crit:high][vendor:cnv-qe@redhat.com][level:component]Creating a VirtualMachineInstance [test_id:1621]should attach virt-launcher to it" classname="Tests Suite" time="13.200847291"></testcase>
  <testcase name="[rfe_id:273][crit:high][vendor:cnv-qe@redhat.com][level:component]VMIlifecycle [rfe_id:273][crit:high][vendor:cnv-qe@redhat.com][level:component]Creating a VirtualMachineInstance [test_id:1622]should log libvirtd logs" classname="Tests Suite" time="12.664930435"></testcase>
  <testcase name="[rfe_id:273][crit:high][vendor:cnv-qe@redhat.com][level:component]VMIlifecycle [rfe_id:273][crit:high][vendor:cnv-qe@redhat.com][level:component]Creating a VirtualMachineInstance when it already exist [test_id:1626]should be rejected" classname="Tests Suite" time="5.558026058"></testcase>
  <testcase name="[rfe_id:273][crit:high][vendor:cnv-qe@redhat.com][level:component]VMIlifecycle [rfe_id:273][crit:high][vendor:cnv-qe@redhat.com][level:component]Creating a VirtualMachineInstance with boot order [rfe_id:273][crit:high][vendor:cnv-qe@redhat.com][level:component]should be able to boot from selected disk [test_id:1628]Cirros as first boot" classname="Tests Suite" time="16.976761874"></testcase>
  <testcase name="[rfe_id:273][crit:high][vendor:cnv-qe@redhat.com][level:component]VMIlifecycle [rfe_id:273][crit:high][vendor:cnv-qe@redhat.com][level:component]Creating a VirtualMachineInstance with user-data without k8s secret [test_id:1630]should log warning and proceed once the secret is there" classname="Tests Suite" time="12.663210768999999"></testcase>
  <testcase name="[rfe_id:273][crit:high][vendor:cnv-qe@redhat.com][level:component]VMIlifecycle [rfe_id:273][crit:high][vendor:cnv-qe@redhat.com][level:component]Creating a VirtualMachineInstance with non default namespace [rfe_id:273][crit:high][vendor:cnv-qe@redhat.com][level:component]should log libvirt start and stop lifecycle events of the domain [test_id:1641]kubevirt-test-default" classname="Tests Suite" time="86.372217795"></testcase>
  <testcase name="[rfe_id:273][crit:high][vendor:cnv-qe@redhat.com][level:component]VMIlifecycle [rfe_id:273][crit:high][vendor:cnv-qe@redhat.com][level:component]Delete a VirtualMachineInstance with grace period greater than 0 [test_id:1655]should run graceful shutdown" classname="Tests Suite" time="16.956605977"></testcase>
  <testcase name="Version Check that version parameters where loaded by ldflags in build time [test_id:555]Should return a good version information struct" classname="Tests Suite" time="4.462691514"></testcase>
  <testcase name="[rfe_id:3064][crit:medium][vendor:cnv-qe@redhat.com][level:component]Pausing A valid VMI when paused via virtctl [test_id:3079]should signal paused state with condition" classname="Tests Suite" time="14.480448952"></testcase>
  <testcase name="[rfe_id:3064][crit:medium][vendor:cnv-qe@redhat.com][level:component]Pausing A valid VMI with a LivenessProbe configured when paused via virtctl [test_id:3224]should not be paused" classname="Tests Suite" time="10.666327477"></testcase>
  <testcase name="[rfe_id:3064][crit:medium][vendor:cnv-qe@redhat.com][level:component]Pausing A valid VM when paused via virtctl [test_id:3059]should signal paused state with condition" classname="Tests Suite" time="13.780728936"></testcase>
  <testcase name="[rfe_id:3064][crit:medium][vendor:cnv-qe@redhat.com][level:component]Pausing A valid VM when paused via virtctl [test_id:3060]should signal unpaused state with removed condition" classname="Tests Suite" time="18.151805268"></testcase>
  <testcase name="[rfe_id:3064][crit:medium][vendor:cnv-qe@redhat.com][level:component]Pausing A valid VM when paused via virtctl [test_id:3229]should gracefully handle being started again" classname="Tests Suite" time="14.782979648"></testcase>
  <testcase name="[rfe_id:3064][crit:medium][vendor:cnv-qe@redhat.com][level:component]Pausing A valid VM when paused via virtctl [test_id:3086]should not be migrated" classname="Tests Suite" time="12.760035509"></testcase>
  <testcase name="[rfe_id:3064][crit:medium][vendor:cnv-qe@redhat.com][level:component]Pausing A valid VM when paused via virtctl [test_id:3084]should gracefully handle vnc connection" classname="Tests Suite" time="13.800387537"></testcase>
  <testcase name="[rfe_id:151][crit:high][vendor:cnv-qe@redhat.com][level:component]CloudInit UserData [rfe_id:151][crit:medium][vendor:cnv-qe@redhat.com][level:component]A new VirtualMachineInstance with cloudInitNoCloud userDataBase64 source with injected ssh-key [test_id:1616]should have ssh-key under authorized keys" classname="Tests Suite" time="64.770660678"></testcase>
  <testcase name="[rfe_id:151][crit:high][vendor:cnv-qe@redhat.com][level:component]CloudInit UserData [rfe_id:151][crit:medium][vendor:cnv-qe@redhat.com][level:component]A new VirtualMachineInstance with cloudInitConfigDrive userData source [test_id:3180]should process provided cloud-init data" classname="Tests Suite" time="41.251242188"></testcase>
  <testcase name="[rfe_id:151][crit:high][vendor:cnv-qe@redhat.com][level:component]CloudInit UserData [rfe_id:151][crit:medium][vendor:cnv-qe@redhat.com][level:component]A new VirtualMachineInstance with cloudInitNoCloud networkData [test_id:3182]should have cloud-init network-config with NetworkDataBase64 source" classname="Tests Suite" time="33.866954341"></testcase>
  <testcase name="[rfe_id:151][crit:high][vendor:cnv-qe@redhat.com][level:component]CloudInit UserData [rfe_id:151][crit:medium][vendor:cnv-qe@redhat.com][level:component]A new VirtualMachineInstance with cloudInitConfigDrive networkData [test_id:4622]should have cloud-init meta_data with tagged devices" classname="Tests Suite" time="48.843609164"></testcase>
  <testcase name="[rfe_id:151][crit:high][vendor:cnv-qe@redhat.com][level:component]CloudInit UserData [rfe_id:151][crit:medium][vendor:cnv-qe@redhat.com][level:component]A new VirtualMachineInstance with cloudInitConfigDrive networkData [test_id:3187]should have cloud-init userdata and network-config from separate k8s secrets with camelCase labels" classname="Tests Suite" time="33.840645009"></testcase>
  <testcase name="[rfe_id:1177][crit:medium][vendor:cnv-qe@redhat.com][level:component]VirtualMachine A valid VirtualMachine given [test_id:3161]should carry annotations to VMI" classname="Tests Suite" time="4.79922078"></testcase>
  <testcase name="[rfe_id:1177][crit:medium][vendor:cnv-qe@redhat.com][level:component]VirtualMachine A valid VirtualMachine given [test_id:3162]should ignore kubernetes and kubevirt annotations to VMI" classname="Tests Suite" time="6.198090435"></testcase>
  <testcase name="[rfe_id:1177][crit:medium][vendor:cnv-qe@redhat.com][level:component]VirtualMachine A valid VirtualMachine given [test_id:1520]should update VirtualMachine once VMIs are up with ContainerDisk" classname="Tests Suite" time="11.236989606"></testcase>
  <testcase name="[rfe_id:1177][crit:medium][vendor:cnv-qe@redhat.com][level:component]VirtualMachine A valid VirtualMachine given [test_id:1525]should stop VirtualMachineInstance if running set to false with ContainerDisk" classname="Tests Suite" time="30.152221747"></testcase>
  <testcase name="[rfe_id:1177][crit:medium][vendor:cnv-qe@redhat.com][level:component]VirtualMachine A valid VirtualMachine given [test_id:1527]should not update the VirtualMachineInstance spec if Running" classname="Tests Suite" time="46.749782573"></testcase>
  <testcase name="[rfe_id:1177][crit:medium][vendor:cnv-qe@redhat.com][level:component]VirtualMachine A valid VirtualMachine given [test_id:4645]should set the Ready condition on VM" classname="Tests Suite" time="17.706124211"></testcase>
  <testcase name="[rfe_id:1177][crit:medium][vendor:cnv-qe@redhat.com][level:component]VirtualMachine A valid VirtualMachine given Using virtctl interface [test_id:1529]should start a VirtualMachineInstance once" classname="Tests Suite" time="10.644956925"></testcase>
  <testcase name="[rfe_id:1177][crit:medium][vendor:cnv-qe@redhat.com][level:component]VirtualMachine A valid VirtualMachine given Using virtctl interface [test_id:1530]should stop a VirtualMachineInstance once" classname="Tests Suite" time="39.862263753"></testcase>
  <testcase name="[rfe_id:1177][crit:medium][vendor:cnv-qe@redhat.com][level:component]VirtualMachine A valid VirtualMachine given Using virtctl interface [test_id:3007]Should force restart a VM with terminationGracePeriodSeconds&gt;0" classname="Tests Suite" time="11.545216478"></testcase>
  <testcase name="[rfe_id:1177][crit:medium][vendor:cnv-qe@redhat.com][level:component]VirtualMachine A valid VirtualMachine given Using virtctl interface Using RunStrategyAlways [test_id:3163]should stop a running VM" classname="Tests Suite" time="32.908136463"></testcase>
  <testcase name="[rfe_id:1177][crit:medium][vendor:cnv-qe@redhat.com][level:component]VirtualMachine A valid VirtualMachine given Using virtctl interface Using RunStrategyAlways [test_id:3165]should restart a succeeded VMI" classname="Tests Suite" time="34.851670494"></testcase>
  <testcase name="[rfe_id:1177][crit:medium][vendor:cnv-qe@redhat.com][level:component]VirtualMachine A valid VirtualMachine given Using virtctl interface Using RunStrategyRerunOnFailure [test_id:2187] should restart a running VM" classname="Tests Suite" time="16.785514156"></testcase>
  <testcase name="[rfe_id:1177][crit:medium][vendor:cnv-qe@redhat.com][level:component]VirtualMachine A valid VirtualMachine given Using virtctl interface Using RunStrategyRerunOnFailure [test_id:2188] should not remove a succeeded VMI" classname="Tests Suite" time="50.170469624"></testcase>
  <testcase name="[rfe_id:1177][crit:medium][vendor:cnv-qe@redhat.com][level:component]VirtualMachine A valid VirtualMachine given VM rename [test_id:4646]should rename a stopped VM only once" classname="Tests Suite" time="3.654253831"></testcase>
  <testcase name="[rfe_id:1177][crit:medium][vendor:cnv-qe@redhat.com][level:component]VirtualMachine A valid VirtualMachine given VM rename [test_id:4647]should rename a stopped VM" classname="Tests Suite" time="5.47010818"></testcase>
  <testcase name="[rfe_id:1177][crit:medium][vendor:cnv-qe@redhat.com][level:component]VirtualMachine A valid VirtualMachine given VM rename [test_id:4648]should reject renaming a running VM" classname="Tests Suite" time="5.335039107"></testcase>
  <testcase name="[rfe_id:1177][crit:medium][vendor:cnv-qe@redhat.com][level:component]VirtualMachine A valid VirtualMachine given VM rename [test_id:4649]should reject renaming a VM to the same name" classname="Tests Suite" time="5.356608037"></testcase>
  <testcase name="[rfe_id:1177][crit:medium][vendor:cnv-qe@redhat.com][level:component]VirtualMachine A valid VirtualMachine given VM rename [test_id:4650]should reject renaming a VM with an empty name" classname="Tests Suite" time="5.404879968"></testcase>
  <testcase name="[rfe_id:1177][crit:medium][vendor:cnv-qe@redhat.com][level:component]VirtualMachine A valid VirtualMachine given VM rename [test_id:4652]should reject renaming a VM if the new name is taken" classname="Tests Suite" time="5.485976536"></testcase>
  <testcase name="[rfe_id:1177][crit:medium][vendor:cnv-qe@redhat.com][level:component]VirtualMachine [rfe_id:273]with oc/kubectl [test_id:299]should create VM via command line using all supported API versions with v1 api" classname="Tests Suite" time="12.871591427"></testcase>
  <testcase name="[rfe_id:1177][crit:medium][vendor:cnv-qe@redhat.com][level:component]VirtualMachine [rfe_id:273]with oc/kubectl [test_id:232]should create same manifest twice via command line" classname="Tests Suite" time="60.621251395"></testcase>
  <testcase name="[rfe_id:253][crit:medium][vendor:cnv-qe@redhat.com][level:component]Expose Expose service on a VM Expose ClusterIP service with string target-port Should expose a ClusterIP service and connect to the vm on port 80 [test_id:1532] over default IPv4 IP family" classname="Tests Suite" time="36.003935548"></testcase>
  <testcase name="[rfe_id:253][crit:medium][vendor:cnv-qe@redhat.com][level:component]Expose Expose UDP service on a VMI Expose ClusterIP UDP service [label:masquerade_binding_connectivity]Should expose a ClusterIP service on a VMI and connect to it over IPv6 IP family" classname="Tests Suite" time="45.001351163"></testcase>
  <testcase name="[rfe_id:253][crit:medium][vendor:cnv-qe@redhat.com][level:component]Expose Expose service on a VMI replica set Expose ClusterIP service [label:masquerade_binding_connectivity]Should create a ClusterIP service on VMRS and connect to it [test_id:1537] over default IPv4 IP family" classname="Tests Suite" time="52.400448064"></testcase>
  <testcase name="[rfe_id:253][crit:medium][vendor:cnv-qe@redhat.com][level:component]Expose Expose a VM as a service. Expose a VM as a ClusterIP service. [label:masquerade_binding_connectivity]Connect to ClusterIP service that was set when VM was offline. over IPv6 IP family" classname="Tests Suite" time="40.775804732"></testcase>
  <testcase name="[rfe_id:253][crit:medium][vendor:cnv-qe@redhat.com][level:component]Expose Expose a VM as a service. Expose a VM as a ClusterIP service. [label:masquerade_binding_connectivity]Should Verify an exposed service of a VM is not functional after VM deletion. [test_id:343] over default IPv4 IP family" classname="Tests Suite" time="121.336464082"></testcase>
  <testcase name="[rfe_id:588][crit:medium][vendor:cnv-qe@redhat.com][level:component]ContainerDisk should [test_id:3247]generate and set Always pull policy" classname="Tests Suite" time="5.636238748"></testcase>
  <testcase name="[rfe_id:588][crit:medium][vendor:cnv-qe@redhat.com][level:component]ContainerDisk should [test_id:3249]pass through Never pull policy to the pod" classname="Tests Suite" time="5.792297005"></testcase>
  <testcase name="[rfe_id:588][crit:medium][vendor:cnv-qe@redhat.com][level:component]ContainerDisk [rfe_id:273][crit:medium][vendor:cnv-qe@redhat.com][level:component]Starting and stopping the same VirtualMachineInstance with ephemeral registry disk [test_id:1463][Conformance] should success multiple times" classname="Tests Suite" time="97.395716409"></testcase>
  <testcase name="Storage Starting a VirtualMachineInstance [rfe_id:3106][crit:medium][vendor:cnv-qe@redhat.com][level:component]with Alpine PVC should be successfully started and stopped multiple times [test_id:3133]with CDRom PVC" classname="Tests Suite" time="119.647305218"></testcase>
  <testcase name="Storage Starting a VirtualMachineInstance Run a VMI with VirtIO-FS and a datavolume should be successfully started and virtiofs could be accessed" classname="Tests Suite" time="82.576569272"></testcase>
  <testcase name="Storage Starting a VirtualMachineInstance [rfe_id:3106][crit:medium][vendor:cnv-qe@redhat.com][level:component]With ephemeral alpine PVC [test_id:3137]should not persist data" classname="Tests Suite" time="43.405052836"></testcase>
  <testcase name="Storage Starting a VirtualMachineInstance [rfe_id:3106][crit:medium][vendor:cnv-qe@redhat.com][level:component]With VirtualMachineInstance with two PVCs [test_id:3138]should start vmi multiple times" classname="Tests Suite" time="134.033079369"></testcase>
  <testcase name="[sig-storage] Hotplug Offline VM Should add volumes on an offline VM with PersistentVolume" classname="Tests Suite" time="12.881374897"></testcase>
  <testcase name="HookSidecars [rfe_id:2667][crit:medium][vendor:cnv-qe@redhat.com][level:component] VMI definition with SM BIOS hook sidecar [test_id:3155]should successfully start with hook sidecar annotation" classname="Tests Suite" time="20.370199644"></testcase>
  <testcase name="HookSidecars [rfe_id:2667][crit:medium][vendor:cnv-qe@redhat.com][level:component] VMI definition with SM BIOS hook sidecar [test_id:3157]should call Collect and OnDefineDomain on the hook sidecar" classname="Tests Suite" time="13.738509727"></testcase>
  <testcase name="HookSidecars [rfe_id:2667][crit:medium][vendor:cnv-qe@redhat.com][level:component] VMI definition with SM BIOS hook sidecar should not start with hook sidecar annotation when the version is not provided" classname="Tests Suite" time="9.625119699"></testcase>
  <testcase name="Guest Access Credentials with secret and configDrive propagation should have ssh-key under authorized keys" classname="Tests Suite" time="66.192550358"></testcase>
  <testcase name="[ref_id:1182]Probes for readiness should succeed [test_id:1202][posneg:positive]with working TCP probe and tcp server,no ip family specified " classname="Tests Suite" time="35.416123256"></testcase>
  <testcase name="[ref_id:1182]Probes for readiness should succeed [test_id:1200][posneg:positive]with working HTTP probe and http server on ipv4" classname="Tests Suite" time="35.731969341"></testcase>
  <testcase name="[ref_id:1182]Probes for liveness should not fail the VMI [test_id:1199][posneg:positive]with working TCP probe and tcp server, no ip family is specified" classname="Tests Suite" time="152.105824448"></testcase>
  <testcase name="[ref_id:1182]Probes for liveness should not fail the VMI [test_id:1201][posneg:positive]with working HTTP probe and http server on ipv4" classname="Tests Suite" time="151.779993649"></testcase>
  <testcase name="[rfe_id:609]VMIheadless [rfe_id:609]Creating a VirtualMachineInstance with headless [test_id:707]should create headless vmi without any issue" classname="Tests Suite" time="10.673848411"></testcase>
  <testcase name="[rfe_id:609]VMIheadless [rfe_id:609]Creating a VirtualMachineInstance with headless [test_id:714][posneg:positive]should not have vnc graphic device in xml" classname="Tests Suite" time="10.875774378"></testcase>
  <testcase name="[rfe_id:609]VMIheadless [rfe_id:609]Creating a VirtualMachineInstance with headless [test_id:737][posneg:positive]should match memory with overcommit enabled" classname="Tests Suite" time="9.666400606"></testcase>
  <testcase name="[rfe_id:609]VMIheadless [rfe_id:609]Creating a VirtualMachineInstance with headless [test_id:2444][posneg:negative]should not match memory with overcommit disabled" classname="Tests Suite" time="10.869566988"></testcase>
  <testcase name="[rfe_id:609]VMIheadless [rfe_id:609]Creating a VirtualMachineInstance with headless [test_id:713]should have more memory on pod when headless" classname="Tests Suite" time="18.931183637"></testcase>
  <testcase name="[rfe_id:609]VMIheadless [rfe_id:609]Creating a VirtualMachineInstance with headless [test_id:738][posneg:negative]should not connect to VNC" classname="Tests Suite" time="11.273967317"></testcase>
  <testcase name="[rfe_id:609]VMIheadless [rfe_id:609]Creating a VirtualMachineInstance with headless [test_id:709][posneg:positive]should connect to console" classname="Tests Suite" time="19.203718322"></testcase>
  <testcase name="[rfe_id:609]VMIheadless [rfe_id:609]Creating a VirtualMachineInstance without headless [test_id:714][posneg:negative]should have one vnc graphic device in xml" classname="Tests Suite" time="10.842166337"></testcase>
  <testcase name="[rfe_id:609][crit:medium][vendor:cnv-qe@redhat.com][level:component]VMIPreset CRD Validation [test_id:1595]Should reject POST if schema is invalid" classname="Tests Suite" time="3.614307034"></testcase>
  <testcase name="[rfe_id:609][crit:medium][vendor:cnv-qe@redhat.com][level:component]VMIPreset CRD Validation [test_id:1596]should reject POST if validation webhoook deems the spec is invalid" classname="Tests Suite" time="5.406243508"></testcase>
  <testcase name="[rfe_id:609][crit:medium][vendor:cnv-qe@redhat.com][level:component]VMIPreset Preset Matching [test_id:1597]Should be accepted on POST" classname="Tests Suite" time="5.395316832"></testcase>
  <testcase name="[rfe_id:609][crit:medium][vendor:cnv-qe@redhat.com][level:component]VMIPreset Preset Matching [test_id:1599]Should return 404 if VMIPreset does not exist" classname="Tests Suite" time="5.393402779"></testcase>
  <testcase name="[rfe_id:609][crit:medium][vendor:cnv-qe@redhat.com][level:component]VMIPreset Preset Matching [test_id:1602]Should ignore VMIs that don&#39;t match" classname="Tests Suite" time="15.460767868"></testcase>
  <testcase name="[rfe_id:609][crit:medium][vendor:cnv-qe@redhat.com][level:component]VMIPreset Conflict [test_id:1605]should denied to start the VMI" classname="Tests Suite" time="6.6290771920000005"></testcase>
  <testcase name="[rfe_id:609][crit:medium][vendor:cnv-qe@redhat.com][level:component]VMIPreset Override [test_id:644][rfe_id:609] should override presets" classname="Tests Suite" time="6.4661896389999995"></testcase>
  <testcase name="Controller devices with ephemeral disk a scsi controller should appear if enabled" classname="Tests Suite" time="8.31520748"></testcase>
  <testcase name="CloudInitHookSidecars VMI definition with CloudInit hook sidecar [test_id:3168]should call Collect and PreCloudInitIso on the hook sidecar" classname="Tests Suite" time="13.913498201"></testcase>
  <testcase name="Configurations when requesting virtio-transitional models should start and run the guest" classname="Tests Suite" time="33.91234674"></testcase>
  <testcase name="Configurations VirtualMachineInstance definition [rfe_id:140][crit:medium][vendor:cnv-qe@redhat.com][level:component]with diverging guest memory from requested memory [test_id:1669]should show the requested guest memory inside the VMI" classname="Tests Suite" time="31.55330936"></testcase>
  <testcase name="Configurations VirtualMachineInstance definition [rfe_id:140][crit:medium][vendor:cnv-qe@redhat.com][level:component]with support memory over commitment [test_id:755]should show the requested memory different than guest memory" classname="Tests Suite" time="41.079665403"></testcase>
  <testcase name="Configurations VirtualMachineInstance definition [rfe_id:3078][crit:medium][vendor:cnv-qe@redhat.com][level:component]with usb controller [test_id:3117]should start the VMI with usb controller when input device doesn&#39;t have bus" classname="Tests Suite" time="20.299927683"></testcase>
  <testcase name="Configurations VirtualMachineInstance definition [rfe_id:3077][crit:medium][vendor:cnv-qe@redhat.com][level:component]with input devices [test_id:3073]should start the VMI with tablet input device with usb bus" classname="Tests Suite" time="20.70338792"></testcase>
  <testcase name="Configurations VirtualMachineInstance definition [rfe_id:893][crit:medium][vendor:cnv-qe@redhat.com][level:component]with rng [test_id:1674]should have the virtio rng device present when present" classname="Tests Suite" time="20.467233424"></testcase>
  <testcase name="Configurations VirtualMachineInstance definition with Clock and timezone [test_id:5268]guest should see timezone" classname="Tests Suite" time="32.933071366"></testcase>
  <testcase name="Configurations [rfe_id:140][crit:medium][vendor:cnv-qe@redhat.com][level:component]with CPU spec [rfe_id:140][crit:medium][vendor:cnv-qe@redhat.com][level:component]when CPU model not defined [test_id:1680]should report CPU model from libvirt capabilities" classname="Tests Suite" time="62.788460867"></testcase>
  <testcase name="Configurations [rfe_id:898][crit:medium][vendor:cnv-qe@redhat.com][level:component]New VirtualMachineInstance with all supported drives [test_id:1020]should not create the VM with wrong PCI address" classname="Tests Suite" time="12.680305696"></testcase>
  <testcase name="Configurations With ephemeral CD-ROM For various bus types [test_id:3777] Should be accepted when using sata" classname="Tests Suite" time="3.626362335"></testcase>
  <testcase name="Configurations With ephemeral CD-ROM For various bus types [test_id:3809] Should be accepted when using scsi" classname="Tests Suite" time="5.596827941"></testcase>
  <testcase name="Configurations With ephemeral CD-ROM For various bus types [test_id:3808] Should be rejected when using ide" classname="Tests Suite" time="5.591997454"></testcase>
  <testcase name="Configurations Custom PCI Addresses configuration should configure custom pci address [test_id:5270]across all available PCI functions of a single slot" classname="Tests Suite" time="76.970535258"></testcase>
  <testcase name="[sig-network] Dual stack cluster network configuration when dual stack cluster configuration is enabled the cluster must be dual stack" classname="Tests Suite" time="0.00764926"></testcase>
  <testcase name="oc/kubectl integration [test_id:3812]explain vm/vmi [test_id:3810]explain vm" classname="Tests Suite" time="4.122590795"></testcase>
  <testcase name="oc/kubectl integration [test_id:3812]explain vm/vmi [test_id:3811]explain vmi" classname="Tests Suite" time="5.342541494"></testcase>
  <testcase name="oc/kubectl integration [test_id:3812]explain vm/vmi [test_id:5178]explain vmim" classname="Tests Suite" time="5.361272788"></testcase>
  <testcase name="oc/kubectl integration [test_id:3812]explain vm/vmi [test_id:5179]explain kv" classname="Tests Suite" time="5.397756223"></testcase>
  <testcase name="oc/kubectl integration [test_id:3812]explain vm/vmi [test_id:5180]explain vmsnapshot" classname="Tests Suite" time="5.396561006"></testcase>
  <testcase name="oc/kubectl integration [test_id:3812]explain vm/vmi [test_id:5181]explain vmsnapshotcontent" classname="Tests Suite" time="5.413449905"></testcase>
  <testcase name="oc/kubectl integration [test_id:5182]vmipreset have validation" classname="Tests Suite" time="5.425966689"></testcase>
  <testcase name="oc/kubectl integration [rfe_id:3423][vendor:cnv-qe@redhat.com][level:component]oc/kubectl get vm/vmi tests should verify set of columns for [test_id:3465]virtualmachineinstance" classname="Tests Suite" time="12.303588821"></testcase>
  <testcase name="oc/kubectl integration [rfe_id:3423][vendor:cnv-qe@redhat.com][level:component]oc/kubectl get vm/vmi tests should verify set of wide columns for [test_id:3466]virtualmachineinstance" classname="Tests Suite" time="9.845155003"></testcase>
  <testcase name="oc/kubectl integration [rfe_id:3423][vendor:cnv-qe@redhat.com][level:component]oc/kubectl get vm/vmi tests should verify set of wide columns for [test_id:4422]virtualmachineinstance" classname="Tests Suite" time="9.895861839"></testcase>
  <testcase name="[rfe_id:127][posneg:negative][crit:medium][vendor:cnv-qe@redhat.com][level:component]Console [rfe_id:127][posneg:negative][crit:medium][vendor:cnv-qe@redhat.com][level:component]A new VirtualMachineInstance with a serial console with a fedora image [test_id:1589]should return that we are running fedora" classname="Tests Suite" time="28.031828127"></testcase>
  <testcase name="[rfe_id:127][posneg:negative][crit:medium][vendor:cnv-qe@redhat.com][level:component]Console [rfe_id:127][posneg:negative][crit:medium][vendor:cnv-qe@redhat.com][level:component]A new VirtualMachineInstance with a serial console [test_id:1590]should be able to reconnect to console multiple times" classname="Tests Suite" time="22.337742818"></testcase>
  <testcase name="[rfe_id:127][posneg:negative][crit:medium][vendor:cnv-qe@redhat.com][level:component]Console [rfe_id:127][posneg:negative][crit:medium][vendor:cnv-qe@redhat.com][level:component]A new VirtualMachineInstance with a serial console [test_id:1592]should wait until the virtual machine is in running state and return a stream interface" classname="Tests Suite" time="10.828340053"></testcase>
  <testcase name="[rfe_id:127][posneg:negative][crit:medium][vendor:cnv-qe@redhat.com][level:component]Console [rfe_id:127][posneg:negative][crit:medium][vendor:cnv-qe@redhat.com][level:component]A new VirtualMachineInstance with a serial console [test_id:1594]should fail waiting for the expecter" classname="Tests Suite" time="34.420932666"></testcase>
  <testcase name="Subresource Api [rfe_id:1195][crit:medium][vendor:cnv-qe@redhat.com][level:component] Rbac Authorization with correct permissions [test_id:3170]should be allowed to access subresource endpoint" classname="Tests Suite" time="5.825368958"></testcase>
  <testcase name="Subresource Api [rfe_id:1195][crit:medium][vendor:cnv-qe@redhat.com][level:component] Rbac Authorization For Version Command with authenticated user [test_id:3172]should be allowed to access subresource version endpoint" classname="Tests Suite" time="6.997866758"></testcase>
  <testcase name="Subresource Api [rfe_id:1177][crit:medium][vendor:cnv-qe@redhat.com][level:component] VirtualMachine subresource with a restart endpoint [test_id:1305][posneg:negative] should return an error when VM is not running" classname="Tests Suite" time="4.397504755"></testcase>
  <testcase name="Subresource Api [rfe_id:1177][crit:medium][vendor:cnv-qe@redhat.com][level:component] VirtualMachine subresource With manual RunStrategy [test_id:3174]Should not restart when VM is not running" classname="Tests Suite" time="5.40621336"></testcase>
  <testcase name="Subresource Api [rfe_id:1177][crit:medium][vendor:cnv-qe@redhat.com][level:component] VirtualMachine subresource With manual RunStrategy [test_id:3175]Should restart when VM is running" classname="Tests Suite" time="41.615779161"></testcase>
  <testcase name="[rfe_id:500][crit:high][vendor:cnv-qe@redhat.com][level:component]User Access With default kubevirt service accounts should verify permissions on resources are correct for view, edit, and admin [test_id:528]given a vmi preset" classname="Tests Suite" time="6.780367803"></testcase>
  <testcase name="[rfe_id:500][crit:high][vendor:cnv-qe@redhat.com][level:component]User Access With default kubevirt service accounts should verify permissions on resources are correct for view, edit, and admin [test_id:3230]given a vmi migration" classname="Tests Suite" time="6.451623775"></testcase>
  <testcase name="[rfe_id:500][crit:high][vendor:cnv-qe@redhat.com][level:component]User Access With default kubevirt service accounts should verify permissions on resources are correct for view, edit, and admin [test_id:5244]given a vmsnapshotcontent" classname="Tests Suite" time="6.571699268"></testcase>
  <testcase name="[rfe_id:500][crit:high][vendor:cnv-qe@redhat.com][level:component]User Access With default kubevirt service accounts should verify permissions on subresources are correct for view, edit, and admin [test_id:3232]on vm start" classname="Tests Suite" time="7.806806514"></testcase>
  <testcase name="[rfe_id:500][crit:high][vendor:cnv-qe@redhat.com][level:component]User Access With default kubevirt service accounts should verify permissions on subresources are correct for view, edit, and admin [test_id:3234]on vm restart" classname="Tests Suite" time="7.808268971"></testcase>
  <testcase name="[rfe_id:273][crit:high][vendor:cnv-qe@redhat.com][level:component]VMIlifecycle [rfe_id:273][crit:high][vendor:cnv-qe@redhat.com][level:component]Creating a VirtualMachineInstance [test_id:3195]should carry annotations to pod" classname="Tests Suite" time="11.492156996"></testcase>
  <testcase name="[rfe_id:273][crit:high][vendor:cnv-qe@redhat.com][level:component]VMIlifecycle [rfe_id:273][crit:high][vendor:cnv-qe@redhat.com][level:component]Creating a VirtualMachineInstance [test_id:3197]should log libvirtd debug logs when enabled" classname="Tests Suite" time="9.548386102"></testcase>
  <testcase name="[rfe_id:273][crit:high][vendor:cnv-qe@redhat.com][level:component]VMIlifecycle [rfe_id:273][crit:high][vendor:cnv-qe@redhat.com][level:component]Creating a VirtualMachineInstance when name is longer than 63 characters [test_id:1625]should start it" classname="Tests Suite" time="20.911490014"></testcase>
  <testcase name="[rfe_id:273][crit:high][vendor:cnv-qe@redhat.com][level:component]VMIlifecycle [rfe_id:273][crit:high][vendor:cnv-qe@redhat.com][level:component]Creating a VirtualMachineInstance with user-data without k8s secret [test_id:1629][posneg:negative]should not be able to start virt-launcher pod" classname="Tests Suite" time="5.282061588"></testcase>
  <testcase name="[rfe_id:273][crit:high][vendor:cnv-qe@redhat.com][level:component]VMIlifecycle [rfe_id:273][crit:high][vendor:cnv-qe@redhat.com][level:component]Creating a VirtualMachineInstance with affinity [test_id:1637]the vmi with node affinity and no conflicts should be scheduled" classname="Tests Suite" time="12.570912107"></testcase>
  <testcase name="[rfe_id:273][crit:high][vendor:cnv-qe@redhat.com][level:component]VMIlifecycle [rfe_id:273][crit:high][vendor:cnv-qe@redhat.com][level:component]Creating a VirtualMachineInstance with non default namespace [rfe_id:273][crit:high][vendor:cnv-qe@redhat.com][level:component]should log libvirt start and stop lifecycle events of the domain [test_id:1642]kubevirt-test-alternative" classname="Tests Suite" time="15.001800494"></testcase>
  <testcase name="[rfe_id:273][crit:high][vendor:cnv-qe@redhat.com][level:component]VMIlifecycle [rfe_id:273][crit:high][vendor:cnv-qe@redhat.com][level:component]Creating a VirtualMachineInstance VM Accelerated Mode [test_id:1646]should request a KVM and TUN device" classname="Tests Suite" time="10.19832015"></testcase>
  <testcase name="[rfe_id:273][crit:high][vendor:cnv-qe@redhat.com][level:component]VMIlifecycle [rfe_id:273][crit:high][vendor:cnv-qe@redhat.com][level:component]Creating a VirtualMachineInstance VM Accelerated Mode [test_id:1648]Should provide KVM via plugin framework" classname="Tests Suite" time="5.182998709"></testcase>
  <testcase name="[rfe_id:273][crit:high][vendor:cnv-qe@redhat.com][level:component]VMIlifecycle [rfe_id:273][crit:high][vendor:cnv-qe@redhat.com][level:component]Get a VirtualMachineInstance when that not exist [test_id:1649]should return 404" classname="Tests Suite" time="5.998076456"></testcase>
  <testcase name="[rfe_id:273][crit:high][vendor:cnv-qe@redhat.com][level:component]VMIlifecycle [rfe_id:273][crit:high][vendor:cnv-qe@redhat.com][level:component]Delete a VirtualMachineInstance with an active pod. [test_id:1651]should result in pod being terminated" classname="Tests Suite" time="31.163281517"></testcase>
  <testcase name="[rfe_id:273][crit:high][vendor:cnv-qe@redhat.com][level:component]VMIlifecycle [rfe_id:273][crit:high][vendor:cnv-qe@redhat.com][level:component]Delete a VirtualMachineInstance with ACPI and some grace period seconds [rfe_id:273][crit:medium][vendor:cnv-qe@redhat.com][level:component]should result in vmi status succeeded [test_id:1653]with set grace period seconds" classname="Tests Suite" time="35.389151912"></testcase>
  <testcase name="[rfe_id:3064][crit:medium][vendor:cnv-qe@redhat.com][level:component]Pausing A valid VMI when paused via API [test_id:4597]should signal paused state with condition" classname="Tests Suite" time="15.329673004"></testcase>
  <testcase name="[rfe_id:3064][crit:medium][vendor:cnv-qe@redhat.com][level:component]Pausing A valid VMI when paused via virtctl multiple times [test_id:3225]should signal unpaused state with removed condition at the end" classname="Tests Suite" time="21.945116084"></testcase>
  <testcase name="[rfe_id:3064][crit:medium][vendor:cnv-qe@redhat.com][level:component]Pausing A valid VM when paused via virtctl [test_id:3081]should gracefully handle pausing the VM again" classname="Tests Suite" time="13.791800292"></testcase>
  <testcase name="[rfe_id:3064][crit:medium][vendor:cnv-qe@redhat.com][level:component]Pausing A valid VM when paused via virtctl [test_id:3082]should gracefully handle unpausing again" classname="Tests Suite" time="15.838608276"></testcase>
  <testcase name="[rfe_id:3064][crit:medium][vendor:cnv-qe@redhat.com][level:component]Pausing A valid VM when paused via virtctl [test_id:3226]should be restarted successfully into unpaused state" classname="Tests Suite" time="26.176881179"></testcase>
  <testcase name="[rfe_id:3064][crit:medium][vendor:cnv-qe@redhat.com][level:component]Pausing Guest and Host uptime difference before pause [test_id:3090]should be less than uptime difference after pause" classname="Tests Suite" time="45.040656079"></testcase>
  <testcase name="[rfe_id:151][crit:high][vendor:cnv-qe@redhat.com][level:component]CloudInit UserData [rfe_id:151][crit:medium][vendor:cnv-qe@redhat.com][level:component]A new VirtualMachineInstance with cloudInitConfigDrive userDataBase64 source with injected ssh-key [test_id:3178]should have ssh-key under authorized keys" classname="Tests Suite" time="64.778512869"></testcase>
  <testcase name="[rfe_id:151][crit:high][vendor:cnv-qe@redhat.com][level:component]CloudInit UserData [rfe_id:151][crit:medium][vendor:cnv-qe@redhat.com][level:component]A new VirtualMachineInstance with cloudInitNoCloud networkData [test_id:3181]should have cloud-init network-config with NetworkData source" classname="Tests Suite" time="30.767289952"></testcase>
  <testcase name="[rfe_id:151][crit:high][vendor:cnv-qe@redhat.com][level:component]CloudInit UserData [rfe_id:151][crit:medium][vendor:cnv-qe@redhat.com][level:component]A new VirtualMachineInstance with cloudInitConfigDrive networkData [test_id:3184]should have cloud-init network-config with NetworkData source" classname="Tests Suite" time="30.591700259"></testcase>
  <testcase name="[rfe_id:151][crit:high][vendor:cnv-qe@redhat.com][level:component]CloudInit UserData [rfe_id:151][crit:medium][vendor:cnv-qe@redhat.com][level:component]A new VirtualMachineInstance with cloudInitConfigDrive networkData [test_id:3186]should have cloud-init network-config from k8s secret" classname="Tests Suite" time="32.123091179"></testcase>
  <testcase name="[rfe_id:1177][crit:medium][vendor:cnv-qe@redhat.com][level:component]VirtualMachine An invalid VirtualMachine given [test_id:1518]should be rejected on POST" classname="Tests Suite" time="3.61807738"></testcase>
  <testcase name="[rfe_id:1177][crit:medium][vendor:cnv-qe@redhat.com][level:component]VirtualMachine An invalid VirtualMachine given [test_id:1519]should reject POST if validation webhoook deems the spec is invalid" classname="Tests Suite" time="5.40670237"></testcase>
  <testcase name="[rfe_id:1177][crit:medium][vendor:cnv-qe@redhat.com][level:component]VirtualMachine An invalid VirtualMachine given with a PVC from a Datavolume [test_id:4643]should NOT be rejected when VM template lists a DataVolume, but VM lists PVC VolumeSource" classname="Tests Suite" time="6.616810733"></testcase>
  <testcase name="[rfe_id:1177][crit:medium][vendor:cnv-qe@redhat.com][level:component]VirtualMachine A valid VirtualMachine given cpu/memory in requests/limits should allow int type" classname="Tests Suite" time="27.716501625"></testcase>
  <testcase name="[rfe_id:1177][crit:medium][vendor:cnv-qe@redhat.com][level:component]VirtualMachine A valid VirtualMachine given [test_id:1521]should remove VirtualMachineInstance once the VM is marked for deletion with ContainerDisk" classname="Tests Suite" time="3.66868918"></testcase>
  <testcase name="[rfe_id:1177][crit:medium][vendor:cnv-qe@redhat.com][level:component]VirtualMachine A valid VirtualMachine given [test_id:1523]should recreate VirtualMachineInstance if it gets deleted" classname="Tests Suite" time="58.669581606"></testcase>
  <testcase name="[rfe_id:1177][crit:medium][vendor:cnv-qe@redhat.com][level:component]VirtualMachine A valid VirtualMachine given [test_id:1528]should survive guest shutdown, multiple times" classname="Tests Suite" time="119.129917895"></testcase>
  <testcase name="[rfe_id:1177][crit:medium][vendor:cnv-qe@redhat.com][level:component]VirtualMachine A valid VirtualMachine given Using virtctl interface Using RunStrategyAlways [test_id:3164]should restart a running VM" classname="Tests Suite" time="30.792760385"></testcase>
  <testcase name="[rfe_id:1177][crit:medium][vendor:cnv-qe@redhat.com][level:component]VirtualMachine A valid VirtualMachine given Using virtctl interface Using RunStrategyAlways [test_id:4119]should migrate a running VM" classname="Tests Suite" time="18.968809074"></testcase>
  <testcase name="[rfe_id:1177][crit:medium][vendor:cnv-qe@redhat.com][level:component]VirtualMachine A valid VirtualMachine given Using virtctl interface Using RunStrategyRerunOnFailure [test_id:2186] should stop a running VM" classname="Tests Suite" time="26.980098086"></testcase>
  <testcase name="[rfe_id:1177][crit:medium][vendor:cnv-qe@redhat.com][level:component]VirtualMachine A valid VirtualMachine given Using virtctl interface Using RunStrategyManual [test_id:2036] should start" classname="Tests Suite" time="11.49143396"></testcase>
  <testcase name="[rfe_id:1177][crit:medium][vendor:cnv-qe@redhat.com][level:component]VirtualMachine A valid VirtualMachine given Using virtctl interface Using RunStrategyManual [test_id:2035] should restart" classname="Tests Suite" time="53.004595642"></testcase>
  <testcase name="[rfe_id:1177][crit:medium][vendor:cnv-qe@redhat.com][level:component]VirtualMachine A valid VirtualMachine given VM rename [test_id:4651]should reject renaming a VM with invalid name" classname="Tests Suite" time="3.640301485"></testcase>
  <testcase name="[rfe_id:1177][crit:medium][vendor:cnv-qe@redhat.com][level:component]VirtualMachine [rfe_id:273]with oc/kubectl [test_id:243][posneg:negative]should create VM only once" classname="Tests Suite" time="5.975433894"></testcase>
  <testcase name="[rfe_id:1177][crit:medium][vendor:cnv-qe@redhat.com][level:component]VirtualMachine [rfe_id:273]with oc/kubectl [test_id:299]should create VM via command line using all supported API versions with v1alpha3 api" classname="Tests Suite" time="13.546251452"></testcase>
  <testcase name="[rfe_id:1177][crit:medium][vendor:cnv-qe@redhat.com][level:component]VirtualMachine [rfe_id:273]with oc/kubectl [test_id:233][posneg:negative]should fail when deleting nonexistent VM" classname="Tests Suite" time="3.6953027929999998"></testcase>
  <testcase name="[rfe_id:1177][crit:medium][vendor:cnv-qe@redhat.com][level:component]VirtualMachine [rfe_id:273]with oc/kubectl as ordinary OCP user trough test service account should fail without right rights [test_id:2914]should create VM via command line" classname="Tests Suite" time="5.634010535"></testcase>
  <testcase name="[rfe_id:1177][crit:medium][vendor:cnv-qe@redhat.com][level:component]VirtualMachine VM rename VM update [test_id:4655]should fail if the new name is empty" classname="Tests Suite" time="5.114568174"></testcase>
  <testcase name="[rfe_id:1177][crit:medium][vendor:cnv-qe@redhat.com][level:component]VirtualMachine VM rename VM update [test_id:4657]should fail if the new name is identical to the current name" classname="Tests Suite" time="5.399643303"></testcase>
  <testcase name="[rfe_id:1177][crit:medium][vendor:cnv-qe@redhat.com][level:component]VirtualMachine VM rename VM update [test_id:4659]should succeed" classname="Tests Suite" time="7.42673951"></testcase>
  <testcase name="[rfe_id:253][crit:medium][vendor:cnv-qe@redhat.com][level:component]Expose Expose service on a VM Expose ClusterIP service [label:masquerade_binding_connectivity]Should expose a Cluster IP service on a VMI and connect to it over IPv6 IP family" classname="Tests Suite" time="35.279170823"></testcase>
  <testcase name="[rfe_id:253][crit:medium][vendor:cnv-qe@redhat.com][level:component]Expose Expose service on a VM Expose NodePort service [label:masquerade_binding_connectivity]Should expose a NodePort service on a VMI and connect to it over IPv6 IP family" classname="Tests Suite" time="45.439599832"></testcase>
  <testcase name="[rfe_id:253][crit:medium][vendor:cnv-qe@redhat.com][level:component]Expose Expose UDP service on a VMI Expose NodePort UDP service [label:masquerade_binding_connectivity]Should expose a NodePort service on a VMI and connect to it [test_id:1536] over default IPv4 IP family" classname="Tests Suite" time="59.465380022"></testcase>
  <testcase name="[rfe_id:253][crit:medium][vendor:cnv-qe@redhat.com][level:component]Expose Expose service on a VMI replica set Expose ClusterIP service [label:masquerade_binding_connectivity]Should create a ClusterIP service on VMRS and connect to it over IPv6 IP family" classname="Tests Suite" time="52.303155751"></testcase>
  <testcase name="[rfe_id:253][crit:medium][vendor:cnv-qe@redhat.com][level:component]Expose Expose a VM as a service. Expose a VM as a ClusterIP service. [label:masquerade_binding_connectivity]Should verify the exposed service is functional before and after VM restart. over IPv6 IP family" classname="Tests Suite" time="122.891096805"></testcase>
  <testcase name="[rfe_id:588][crit:medium][vendor:cnv-qe@redhat.com][level:component]ContainerDisk should [test_id:3246]generate and set Always pull policy" classname="Tests Suite" time="5.304086025"></testcase>
  <testcase name="[rfe_id:588][crit:medium][vendor:cnv-qe@redhat.com][level:component]ContainerDisk should [test_id:3248]generate and set IfNotPresent pull policy" classname="Tests Suite" time="5.724487944"></testcase>
  <testcase name="[rfe_id:588][crit:medium][vendor:cnv-qe@redhat.com][level:component]ContainerDisk should [test_id:3250]pass through IfNotPresent pull policy to the pod" classname="Tests Suite" time="5.808170139"></testcase>
  <testcase name="[rfe_id:588][crit:medium][vendor:cnv-qe@redhat.com][level:component]ContainerDisk [rfe_id:273][crit:medium][vendor:cnv-qe@redhat.com][level:component]Starting a VirtualMachineInstance with ephemeral registry disk [test_id:1464]should not modify the spec on status update" classname="Tests Suite" time="12.841305373"></testcase>
  <testcase name="[rfe_id:588][crit:medium][vendor:cnv-qe@redhat.com][level:component]ContainerDisk [rfe_id:273][crit:medium][vendor:cnv-qe@redhat.com][level:component]Starting multiple VMIs with ephemeral registry disk [test_id:1465]should success" classname="Tests Suite" time="12.495429006"></testcase>
  <testcase name="[rfe_id:588][crit:medium][vendor:cnv-qe@redhat.com][level:component]ContainerDisk [rfe_id:273][crit:medium][vendor:cnv-qe@redhat.com][level:component]Starting from custom image location with disk at /custom-disk/downloaded [test_id:1466]should boot normally" classname="Tests Suite" time="11.972759014"></testcase>
  <testcase name="[rfe_id:588][crit:medium][vendor:cnv-qe@redhat.com][level:component]ContainerDisk [rfe_id:273][crit:medium][vendor:cnv-qe@redhat.com][level:component]Starting with virtio-win with virtio-win as secondary disk [test_id:1467]should boot and have the virtio as sata CDROM" classname="Tests Suite" time="26.298914035"></testcase>
  <testcase name="Storage Starting a VirtualMachineInstance [rfe_id:3106][crit:medium][vendor:cnv-qe@redhat.com][level:component]with Alpine PVC should be successfully started [test_id:3130]with Disk PVC" classname="Tests Suite" time="15.79738223"></testcase>
  <testcase name="Storage Starting a VirtualMachineInstance [rfe_id:3106][crit:medium][vendor:cnv-qe@redhat.com][level:component]with Alpine PVC should be successfully started [test_id:3131]with CDRom PVC" classname="Tests Suite" time="15.829793708"></testcase>
  <testcase name="Storage Starting a VirtualMachineInstance [rfe_id:3106][crit:medium][vendor:cnv-qe@redhat.com][level:component]with Alpine PVC should be successfully started and stopped multiple times [test_id:3132]with Disk PVC" classname="Tests Suite" time="81.401450113"></testcase>
  <testcase name="Storage Starting a VirtualMachineInstance [rfe_id:3106][crit:medium][vendor:cnv-qe@redhat.com][level:component]With an emptyDisk defined [test_id:3134]should create a writeable emptyDisk with the right capacity" classname="Tests Suite" time="36.060906437"></testcase>
  <testcase name="Storage Starting a VirtualMachineInstance VirtIO-FS with an empty PVC should be successfully started and virtiofs could be accessed" classname="Tests Suite" time="72.849014197"></testcase>
  <testcase name="Storage Starting a VirtualMachineInstance [rfe_id:3106][crit:medium][vendor:cnv-qe@redhat.com][level:component]With ephemeral alpine PVC should be successfully started with Ephemeral PVC from NFS using ipv6 address of the NFS pod" classname="Tests Suite" time="115.760316418"></testcase>
  <testcase name="Storage Starting a VirtualMachineInstance [rfe_id:2298][crit:medium][vendor:cnv-qe@redhat.com][level:component] With HostDisk and PVC initialization With a HostDisk defined With &#39;DiskExistsOrCreate&#39; type Should create a disk image and start [test_id:3057]with sata driver" classname="Tests Suite" time="10.441852246"></testcase>
  <testcase name="Storage Starting a VirtualMachineInstance [rfe_id:2298][crit:medium][vendor:cnv-qe@redhat.com][level:component] With HostDisk and PVC initialization With a HostDisk defined With &#39;DiskExists&#39; type [test_id:2306]Should use existing disk image and start" classname="Tests Suite" time="12.403074026"></testcase>
  <testcase name="Storage Starting a VirtualMachineInstance [rfe_id:2298][crit:medium][vendor:cnv-qe@redhat.com][level:component] With HostDisk and PVC initialization With multiple empty PVCs [test_id:868]Should initialize an empty PVC by creating a disk.img" classname="Tests Suite" time="21.675485858000002"></testcase>
  <testcase name="Storage Starting a VirtualMachineInstance [rfe_id:2288][crit:high][vendor:cnv-qe@redhat.com][level:component]With Alpine ISCSI PVC (using ISCSI IPv4 address) [test_id:3139]should be successfully started" classname="Tests Suite" time="39.835351441"></testcase>
  <testcase name="[sig-storage] Hotplug rook-ceph Online VM should add/remove volume with DataVolume immediate attach" classname="Tests Suite" time="5.201396841">
    <skipped></skipped>
  </testcase>
  <testcase name="[sig-storage] Hotplug rook-ceph Online VM should add/remove volume with PersistentVolume immediate attach" classname="Tests Suite" time="5.393842978">
    <skipped></skipped>
  </testcase>
  <testcase name="[sig-storage] Hotplug rook-ceph Online VM should add/remove volume with DataVolume wait for VM to finish starting" classname="Tests Suite" time="5.397622977">
    <skipped></skipped>
  </testcase>
  <testcase name="[sig-storage] Hotplug rook-ceph Online VM should add/remove volume with Block DataVolume immediate attach" classname="Tests Suite" time="5.398174268">
    <skipped></skipped>
  </testcase>
  <testcase name="[sig-storage] Hotplug rook-ceph Online VM Should be able to add and remove multiple volumes with VMs and block" classname="Tests Suite" time="5.398003809">
    <skipped></skipped>
  </testcase>
  <testcase name="[sig-storage] Hotplug rook-ceph Online VM Should be able to add and remove and re-add multiple volumes with VMs and block" classname="Tests Suite" time="5.400203087">
    <skipped></skipped>
  </testcase>
  <testcase name="[sig-storage] Hotplug rook-ceph Online VM should allow hotplugging both a filesystem and block volume" classname="Tests Suite" time="5.400516563">
    <skipped></skipped>
  </testcase>
  <testcase name="HookSidecars [rfe_id:2667][crit:medium][vendor:cnv-qe@redhat.com][level:component] VMI definition [Serial]with sidecar feature gate disabled [test_id:2666]should not start with hook sidecar annotation" classname="Tests Suite" time="0">
    <skipped></skipped>
  </testcase>
  <testcase name="[Serial][rfe_id:151][crit:high][vendor:cnv-qe@redhat.com][level:component]IgnitionData [rfe_id:151][crit:medium][vendor:cnv-qe@redhat.com][level:component]A new VirtualMachineInstance with IgnitionData annotation with injected data [test_id:1616]should have injected data under firmware directory" classname="Tests Suite" time="0">
    <skipped></skipped>
  </testcase>
  <testcase name="[Serial][rfe_id:127][crit:medium][vendor:cnv-qe@redhat.com][level:component]VNC [rfe_id:127][crit:medium][vendor:cnv-qe@redhat.com][level:component]A new VirtualMachineInstance with VNC connection [test_id:1611]should allow accessing the VNC device multiple times" classname="Tests Suite" time="0">
    <skipped></skipped>
  </testcase>
  <testcase name="[Serial][rfe_id:127][crit:medium][vendor:cnv-qe@redhat.com][level:component]VNC [rfe_id:127][crit:medium][vendor:cnv-qe@redhat.com][level:component]A new VirtualMachineInstance [rfe_id:127][crit:medium][vendor:cnv-qe@redhat.com][level:component]should upgrade websocket connection which look like coming from a browser [test_id:1612]for vnc" classname="Tests Suite" time="0">
    <skipped></skipped>
  </testcase>
  <testcase name="[Serial][rfe_id:127][crit:medium][vendor:cnv-qe@redhat.com][level:component]VNC [rfe_id:127][crit:medium][vendor:cnv-qe@redhat.com][level:component]A new VirtualMachineInstance [rfe_id:127][crit:medium][vendor:cnv-qe@redhat.com][level:component]should upgrade websocket connection which look like coming from a browser [test_id:1613]for serial console" classname="Tests Suite" time="0">
    <skipped></skipped>
  </testcase>
  <testcase name="[Serial][rfe_id:127][crit:medium][vendor:cnv-qe@redhat.com][level:component]VNC [rfe_id:127][crit:medium][vendor:cnv-qe@redhat.com][level:component]A new VirtualMachineInstance [test_id:1614]should upgrade websocket connections without a subprotocol given" classname="Tests Suite" time="0">
    <skipped></skipped>
  </testcase>
  <testcase name="[Serial][rfe_id:127][crit:medium][vendor:cnv-qe@redhat.com][level:component]VNC [rfe_id:127][crit:medium][vendor:cnv-qe@redhat.com][level:component]A new VirtualMachineInstance [test_id:4272]should connect to vnc with --proxy-only flag" classname="Tests Suite" time="0">
    <skipped></skipped>
  </testcase>
  <testcase name="[Serial][rfe_id:127][crit:medium][vendor:cnv-qe@redhat.com][level:component]VNC [rfe_id:127][crit:medium][vendor:cnv-qe@redhat.com][level:component]A new VirtualMachineInstance [test_id:5274]should connect to vnc with --proxy-only flag to the specified port" classname="Tests Suite" time="0">
    <skipped></skipped>
  </testcase>
  <testcase name="Configurations VirtualMachineInstance definition [Serial][rfe_id:2065][crit:medium][vendor:cnv-qe@redhat.com][level:component]with 3 CPU cores [test_id:1659]should report 3 cpu cores under guest OS" classname="Tests Suite" time="0">
    <skipped></skipped>
  </testcase>
  <testcase name="Configurations VirtualMachineInstance definition [Serial][rfe_id:2065][crit:medium][vendor:cnv-qe@redhat.com][level:component]with 3 CPU cores [test_id:4624]should set a correct memory units" classname="Tests Suite" time="0">
    <skipped></skipped>
  </testcase>
  <testcase name="Configurations VirtualMachineInstance definition [Serial][rfe_id:2065][crit:medium][vendor:cnv-qe@redhat.com][level:component]with 3 CPU cores [test_id:1660]should report 3 sockets under guest OS" classname="Tests Suite" time="0">
    <skipped></skipped>
  </testcase>
  <testcase name="Configurations VirtualMachineInstance definition [Serial][rfe_id:2065][crit:medium][vendor:cnv-qe@redhat.com][level:component]with 3 CPU cores [test_id:1661]should report 2 sockets from spec.domain.resources.requests under guest OS " classname="Tests Suite" time="0">
    <skipped></skipped>
  </testcase>
  <testcase name="Configurations VirtualMachineInstance definition [Serial][rfe_id:2065][crit:medium][vendor:cnv-qe@redhat.com][level:component]with 3 CPU cores [test_id:1662]should report 2 sockets from spec.domain.resources.limits under guest OS " classname="Tests Suite" time="0">
    <skipped></skipped>
  </testcase>
  <testcase name="Configurations VirtualMachineInstance definition [Serial][rfe_id:2065][crit:medium][vendor:cnv-qe@redhat.com][level:component]with 3 CPU cores [test_id:1663]should report 4 vCPUs under guest OS" classname="Tests Suite" time="0">
    <skipped></skipped>
  </testcase>
  <testcase name="Configurations VirtualMachineInstance definition [Serial][rfe_id:2065][crit:medium][vendor:cnv-qe@redhat.com][level:component]with 3 CPU cores [Serial][test_id:1664]should map cores to virtio block queues" classname="Tests Suite" time="0">
    <skipped></skipped>
  </testcase>
  <testcase name="Configurations VirtualMachineInstance definition [Serial][rfe_id:2065][crit:medium][vendor:cnv-qe@redhat.com][level:component]with 3 CPU cores [test_id:1665]should map cores to virtio net queues" classname="Tests Suite" time="0">
    <skipped></skipped>
  </testcase>
  <testcase name="Configurations VirtualMachineInstance definition [Serial][rfe_id:2065][crit:medium][vendor:cnv-qe@redhat.com][level:component]with 3 CPU cores [test_id:1667]should not enforce explicitly rejected virtio block queues without cores" classname="Tests Suite" time="0">
    <skipped></skipped>
  </testcase>
  <testcase name="Configurations VirtualMachineInstance definition [Serial][rfe_id:609][crit:medium][vendor:cnv-qe@redhat.com][level:component]with cluster memory overcommit being applied [test_id:3114]should set requested amount of memory according to the specified virtual memory" classname="Tests Suite" time="0">
    <skipped></skipped>
  </testcase>
  <testcase name="Configurations VirtualMachineInstance definition [rfe_id:140][crit:medium][vendor:cnv-qe@redhat.com][level:component]with hugepages should consume hugepages  [Serial][test_id:1671]hugepages-2Mi" classname="Tests Suite" time="0">
    <skipped></skipped>
  </testcase>
  <testcase name="Configurations VirtualMachineInstance definition [rfe_id:140][crit:medium][vendor:cnv-qe@redhat.com][level:component]with hugepages should consume hugepages  [Serial][test_id:1672]hugepages-1Gi" classname="Tests Suite" time="0">
    <skipped></skipped>
  </testcase>
  <testcase name="[Serial][rfe_id:899][crit:medium][vendor:cnv-qe@redhat.com][level:component]Config With a ConfigMap defined With a single volume [test_id:782]Should be the fs layout the same for a pod and vmi" classname="Tests Suite" time="0">
    <skipped></skipped>
  </testcase>
  <testcase name="[Serial][rfe_id:899][crit:medium][vendor:cnv-qe@redhat.com][level:component]Config With a ConfigMap defined With multiple volumes [test_id:783]Should start VMI with multiple ConfigMaps" classname="Tests Suite" time="0">
    <skipped></skipped>
  </testcase>
  <testcase name="[Serial][rfe_id:899][crit:medium][vendor:cnv-qe@redhat.com][level:component]Config With a Secret defined With a single volume [test_id:779]Should be the fs layout the same for a pod and vmi" classname="Tests Suite" time="0">
    <skipped></skipped>
  </testcase>
  <testcase name="[Serial][rfe_id:899][crit:medium][vendor:cnv-qe@redhat.com][level:component]Config With a Secret defined With multiple volumes [test_id:780]Should start VMI with multiple Secrets" classname="Tests Suite" time="0">
    <skipped></skipped>
  </testcase>
  <testcase name="[Serial][rfe_id:899][crit:medium][vendor:cnv-qe@redhat.com][level:component]Config With a ServiceAccount defined [test_id:998]Should be the namespace and token the same for a pod and vmi" classname="Tests Suite" time="0">
    <skipped></skipped>
  </testcase>
  <testcase name="[Serial][rfe_id:899][crit:medium][vendor:cnv-qe@redhat.com][level:component]Config With a Secret and a ConfigMap defined With a single volume [test_id:786]Should be that cfgMap and secret fs layout same for the pod and vmi" classname="Tests Suite" time="0">
    <skipped></skipped>
  </testcase>
  <testcase name="[Serial][rfe_id:899][crit:medium][vendor:cnv-qe@redhat.com][level:component]Config With SSH Keys as a Secret defined With a single volume [test_id:778]Should be the fs layout the same for a pod and vmi" classname="Tests Suite" time="0">
    <skipped></skipped>
  </testcase>
  <testcase name="[Serial][rfe_id:899][crit:medium][vendor:cnv-qe@redhat.com][level:component]Config With a DownwardAPI defined [test_id:790]Should be the namespace and token the same for a pod and vmi" classname="Tests Suite" time="0">
    <skipped></skipped>
  </testcase>
  <testcase name="[rfe_id:273][crit:high][vendor:cnv-qe@redhat.com][level:component]VMIlifecycle [rfe_id:273][crit:high][vendor:cnv-qe@redhat.com][level:component]Creating a VirtualMachineInstance VirtualMachineInstance Emulation Mode [test_id:1643]should enable emulation in virt-launcher" classname="Tests Suite" time="4.794452623">
    <skipped></skipped>
  </testcase>
  <testcase name="[rfe_id:273][crit:high][vendor:cnv-qe@redhat.com][level:component]VMIlifecycle [rfe_id:273][crit:high][vendor:cnv-qe@redhat.com][level:component]Creating a VirtualMachineInstance VirtualMachineInstance Emulation Mode [test_id:1644]should be reflected in domain XML" classname="Tests Suite" time="5.9978996890000005">
    <skipped></skipped>
  </testcase>
  <testcase name="[rfe_id:273][crit:high][vendor:cnv-qe@redhat.com][level:component]VMIlifecycle [rfe_id:273][crit:high][vendor:cnv-qe@redhat.com][level:component]Creating a VirtualMachineInstance VirtualMachineInstance Emulation Mode [test_id:1645]should request a TUN device but not KVM" classname="Tests Suite" time="5.998579643">
    <skipped></skipped>
  </testcase>
  <testcase name="[Serial]Templates Creating VM from Template with Fedora Template [test_id:3292]should succeed to create VirtualMachine via oc command" classname="Tests Suite" time="0">
    <skipped></skipped>
  </testcase>
  <testcase name="[Serial]Templates Creating VM from Template with Fedora Template [test_id:3293]should fail to delete VirtualMachine via oc command" classname="Tests Suite" time="0">
    <skipped></skipped>
  </testcase>
  <testcase name="[Serial]Templates Creating VM from Template with Fedora Template when the VirtualMachine was created [test_id:3294]should succeed to start the VirtualMachine via oc command" classname="Tests Suite" time="0">
    <skipped></skipped>
  </testcase>
  <testcase name="[Serial]Templates Creating VM from Template with Fedora Template when the VirtualMachine was created [test_id:3295]should succeed to delete VirtualMachine via oc command" classname="Tests Suite" time="0">
    <skipped></skipped>
  </testcase>
  <testcase name="[Serial]Templates Creating VM from Template with Fedora Template when the VirtualMachine was created [test_id:3308]should fail to create the same VirtualMachine via oc command" classname="Tests Suite" time="0">
    <skipped></skipped>
  </testcase>
  <testcase name="[Serial]Templates Creating VM from Template [rfe_id:273][crit:medium][vendor:cnv-qe@redhat.com][level:component]with RHEL Template [test_id:3292]should succeed to create VirtualMachine via oc command" classname="Tests Suite" time="0">
    <skipped></skipped>
  </testcase>
  <testcase name="[Serial]Templates Creating VM from Template [rfe_id:273][crit:medium][vendor:cnv-qe@redhat.com][level:component]with RHEL Template [test_id:3293]should fail to delete VirtualMachine via oc command" classname="Tests Suite" time="0">
    <skipped></skipped>
  </testcase>
  <testcase name="[Serial]Templates Creating VM from Template [rfe_id:273][crit:medium][vendor:cnv-qe@redhat.com][level:component]with RHEL Template when the VirtualMachine was created [test_id:3294]should succeed to start the VirtualMachine via oc command" classname="Tests Suite" time="0">
    <skipped></skipped>
  </testcase>
  <testcase name="[Serial]Templates Creating VM from Template [rfe_id:273][crit:medium][vendor:cnv-qe@redhat.com][level:component]with RHEL Template when the VirtualMachine was created [test_id:3295]should succeed to delete VirtualMachine via oc command" classname="Tests Suite" time="0">
    <skipped></skipped>
  </testcase>
  <testcase name="[Serial]Templates Creating VM from Template [rfe_id:273][crit:medium][vendor:cnv-qe@redhat.com][level:component]with RHEL Template when the VirtualMachine was created [test_id:3308]should fail to create the same VirtualMachine via oc command" classname="Tests Suite" time="0">
    <skipped></skipped>
  </testcase>
  <testcase name="[rfe_id:1177][crit:medium][vendor:cnv-qe@redhat.com][level:component]VirtualMachine A valid VirtualMachine given [test_id:1521]should remove VirtualMachineInstance once the VM is marked for deletion [Serial]with OCS Filesystem Disk" classname="Tests Suite" time="0">
    <skipped></skipped>
  </testcase>
  <testcase name="[rfe_id:1177][crit:medium][vendor:cnv-qe@redhat.com][level:component]VirtualMachine A valid VirtualMachine given [test_id:1521]should remove VirtualMachineInstance once the VM is marked for deletion [Serial]with OCS Block Disk" classname="Tests Suite" time="0">
    <skipped></skipped>
  </testcase>
  <testcase name="[rfe_id:1177][crit:medium][vendor:cnv-qe@redhat.com][level:component]VirtualMachine A valid VirtualMachine given [test_id:1525]should stop VirtualMachineInstance if running set to false [Serial]with OCS Filesystem Disk" classname="Tests Suite" time="0">
    <skipped></skipped>
  </testcase>
  <testcase name="[rfe_id:1177][crit:medium][vendor:cnv-qe@redhat.com][level:component]VirtualMachine A valid VirtualMachine given [test_id:1525]should stop VirtualMachineInstance if running set to false [Serial]with OCS Block Disk" classname="Tests Suite" time="0">
    <skipped></skipped>
  </testcase>
  <testcase name="[sig-network] [Serial]Primary Pod Network Status VMI connected to the pod network using the default (implicit) binding should report PodIP as its own on interface status" classname="Tests Suite" time="0">
    <skipped></skipped>
  </testcase>
  <testcase name="[sig-network] [Serial]Primary Pod Network Status VMI connected to the pod network using bridge binding when Guest Agent exists should report PodIP/s IPv4 as its own on interface status" classname="Tests Suite" time="0">
    <skipped></skipped>
  </testcase>
  <testcase name="[sig-network] [Serial]Primary Pod Network Status VMI connected to the pod network using bridge binding when Guest Agent exists should report VMIs static IPv6 at interface status" classname="Tests Suite" time="0">
    <skipped></skipped>
  </testcase>
  <testcase name="[sig-network] [Serial]Primary Pod Network Status VMI connected to the pod network using bridge binding when no Guest Agent exists should report PodIP as its own on interface status" classname="Tests Suite" time="0">
    <skipped></skipped>
  </testcase>
  <testcase name="[sig-network] [Serial]Primary Pod Network Status VMI connected to the pod network using masquerade binding when Guest Agent exists [test_id:4153]should report PodIP/s as its own on interface status" classname="Tests Suite" time="0">
    <skipped></skipped>
  </testcase>
  <testcase name="[sig-network] [Serial]Primary Pod Network Status VMI connected to the pod network using masquerade binding when no Guest Agent exists [Conformance] should report PodIP as its own on interface status" classname="Tests Suite" time="0">
    <skipped></skipped>
  </testcase>
  <testcase name="[Serial]MultiQueue MultiQueue Behavior [test_id:4599]should be able to successfully boot fedora to the login prompt with networking mutiqueues enabled without being blocked by selinux" classname="Tests Suite" time="0">
    <skipped></skipped>
  </testcase>
  <testcase name="[Serial]MultiQueue MultiQueue Behavior [test_id:959][rfe_id:2065] Should honor multiQueue requests" classname="Tests Suite" time="0">
    <skipped></skipped>
  </testcase>
  <testcase name="[Serial]MultiQueue MultiQueue Behavior should be able to create a multi-queue VMI when requesting a single vCPU" classname="Tests Suite" time="0">
    <skipped></skipped>
  </testcase>
  <testcase name="[Serial][rfe_id:150][crit:high][vendor:cnv-qe@redhat.com][level:component]Networkpolicy when three cirros VMs with default networking are started and serverVMI start an HTTP server on port 80 and 81 and connectivity between VMI/s is blocked by Default-deny networkpolicy [test_id:1511] should fail to reach serverVMI from clientVMI" classname="Tests Suite" time="0">
    <skipped></skipped>
  </testcase>
  <testcase name="[Serial][rfe_id:150][crit:high][vendor:cnv-qe@redhat.com][level:component]Networkpolicy when three cirros VMs with default networking are started and serverVMI start an HTTP server on port 80 and 81 and connectivity between VMI/s is blocked by Default-deny networkpolicy [test_id:1512] should fail to reach clientVMI from serverVMI" classname="Tests Suite" time="0">
    <skipped></skipped>
  </testcase>
  <testcase name="[Serial][rfe_id:150][crit:high][vendor:cnv-qe@redhat.com][level:component]Networkpolicy when three cirros VMs with default networking are started and serverVMI start an HTTP server on port 80 and 81 and connectivity between VMI/s is blocked by Default-deny networkpolicy [test_id:369] should deny http traffic for ports 80/81 from clientVMI to serverVMI" classname="Tests Suite" time="0">
    <skipped></skipped>
  </testcase>
  <testcase name="[Serial][rfe_id:150][crit:high][vendor:cnv-qe@redhat.com][level:component]Networkpolicy when three cirros VMs with default networking are started and serverVMI start an HTTP server on port 80 and 81 and vms limited by allow same namespace networkpolicy [Conformance][test_id:1513] should succeed pinging between two VMI/s in the same namespace" classname="Tests Suite" time="0">
    <skipped></skipped>
  </testcase>
  <testcase name="[Serial][rfe_id:150][crit:high][vendor:cnv-qe@redhat.com][level:component]Networkpolicy when three cirros VMs with default networking are started and serverVMI start an HTTP server on port 80 and 81 and vms limited by allow same namespace networkpolicy [Conformance][test_id:1514] should fail pinging between two VMI/s each on different namespaces" classname="Tests Suite" time="0">
    <skipped></skipped>
  </testcase>
  <testcase name="[Serial][rfe_id:150][crit:high][vendor:cnv-qe@redhat.com][level:component]Networkpolicy when three cirros VMs with default networking are started and serverVMI start an HTTP server on port 80 and 81 and ingress traffic to VMI identified via label at networkprofile&#39;s labelSelector is blocked [test_id:1515] should fail to reach serverVMI from clientVMIAlternativeNamespace" classname="Tests Suite" time="0">
    <skipped></skipped>
  </testcase>
  <testcase name="[Serial][rfe_id:150][crit:high][vendor:cnv-qe@redhat.com][level:component]Networkpolicy when three cirros VMs with default networking are started and serverVMI start an HTTP server on port 80 and 81 and ingress traffic to VMI identified via label at networkprofile&#39;s labelSelector is blocked [test_id:1516] should fail to reach serverVMI from clientVMI" classname="Tests Suite" time="0">
    <skipped></skipped>
  </testcase>
  <testcase name="[Serial][rfe_id:150][crit:high][vendor:cnv-qe@redhat.com][level:component]Networkpolicy when three cirros VMs with default networking are started and serverVMI start an HTTP server on port 80 and 81 and ingress traffic to VMI identified via label at networkprofile&#39;s labelSelector is blocked [test_id:1517] should success to reach clientVMI from clientVMIAlternativeNamespace" classname="Tests Suite" time="0">
    <skipped></skipped>
  </testcase>
  <testcase name="[Serial][rfe_id:150][crit:high][vendor:cnv-qe@redhat.com][level:component]Networkpolicy when three cirros VMs with default networking are started and serverVMI start an HTTP server on port 80 and 81 and TCP connectivity on ports 80 and 81 between VMI/s is allowed by networkpolicy [test_id:2774] should allow http traffic for ports 80 and 81 from clientVMI to serverVMI" classname="Tests Suite" time="0">
    <skipped></skipped>
  </testcase>
  <testcase name="[Serial][rfe_id:150][crit:high][vendor:cnv-qe@redhat.com][level:component]Networkpolicy when three cirros VMs with default networking are started and serverVMI start an HTTP server on port 80 and 81 and TCP connectivity on ports 80 between VMI/s is allowed by networkpolicy [test_id:2775] should allow http traffic at port 80 and deny at port 81 from clientVMI to serverVMI" classname="Tests Suite" time="0">
    <skipped></skipped>
  </testcase>
  <testcase name="Storage Starting a VirtualMachineInstance [Serial]With feature gates disabled for [test_id:4620]HostDisk, it should fail to start a VMI" classname="Tests Suite" time="0">
    <skipped></skipped>
  </testcase>
  <testcase name="Storage Starting a VirtualMachineInstance [Serial]With feature gates disabled for VirtioFS, it should fail to start a VMI" classname="Tests Suite" time="0">
    <skipped></skipped>
  </testcase>
  <testcase name="Storage Starting a VirtualMachineInstance [rfe_id:2298][crit:medium][vendor:cnv-qe@redhat.com][level:component] With HostDisk and PVC initialization With smaller than requested PVCs [Serial][test_id:3108]Should not initialize an empty PVC with a disk.img when disk is too small even with toleration" classname="Tests Suite" time="0">
    <skipped></skipped>
  </testcase>
  <testcase name="Storage Starting a VirtualMachineInstance [rfe_id:2298][crit:medium][vendor:cnv-qe@redhat.com][level:component] With HostDisk and PVC initialization With smaller than requested PVCs [Serial][test_id:3109]Should initialize an empty PVC with a disk.img when disk is too small but within toleration" classname="Tests Suite" time="0">
    <skipped></skipped>
  </testcase>
  <testcase name="[sig-storage] Hotplug rook-ceph Online VM should add/remove volume with PersistentVolume wait for VM to finish starting" classname="Tests Suite" time="3.407562168">
    <skipped></skipped>
  </testcase>
  <testcase name="[sig-storage] Hotplug rook-ceph Online VM should add/remove volume with PersistentVolume immediate attach, VMI directly" classname="Tests Suite" time="5.401380267">
    <skipped></skipped>
  </testcase>
  <testcase name="[sig-storage] Hotplug rook-ceph Online VM Should be able to add and remove multiple volumes with VMIs" classname="Tests Suite" time="5.395494185">
    <skipped></skipped>
  </testcase>
  <testcase name="[sig-storage] Hotplug rook-ceph Online VM Should be able to add and remove and re-add multiple volumes with VMIs" classname="Tests Suite" time="5.399652493">
    <skipped></skipped>
  </testcase>
  <testcase name="[sig-storage] Hotplug rook-ceph Online VM should reject hotplugging a volume with the same name as an existing volume" classname="Tests Suite" time="5.399619506">
    <skipped></skipped>
  </testcase>
  <testcase name="[sig-storage] Hotplug rook-ceph VMI only should mark VMI not migrateable, if a volume is attached" classname="Tests Suite" time="5.395457048">
    <skipped></skipped>
  </testcase>
  <testcase name="Configurations VirtualMachineInstance definition [Serial][rfe_id:140][crit:medium][vendor:cnv-qe@redhat.com][level:component]with guestAgent [test_id:1676]should have attached a guest agent channel by default" classname="Tests Suite" time="0">
    <skipped></skipped>
  </testcase>
  <testcase name="Configurations VirtualMachineInstance definition [Serial][rfe_id:140][crit:medium][vendor:cnv-qe@redhat.com][level:component]with guestAgent [test_id:1677]VMI condition should signal agent presence" classname="Tests Suite" time="0">
    <skipped></skipped>
  </testcase>
  <testcase name="Configurations VirtualMachineInstance definition [Serial][rfe_id:140][crit:medium][vendor:cnv-qe@redhat.com][level:component]with guestAgent [test_id:4625]should remove condition when agent is off" classname="Tests Suite" time="0">
    <skipped></skipped>
  </testcase>
  <testcase name="Configurations VirtualMachineInstance definition [Serial][rfe_id:140][crit:medium][vendor:cnv-qe@redhat.com][level:component]with guestAgent [Serial]with cluster config changes [test_id:5267]VMI condition should signal unsupported agent presence" classname="Tests Suite" time="0">
    <skipped></skipped>
  </testcase>
  <testcase name="Configurations VirtualMachineInstance definition [Serial][rfe_id:140][crit:medium][vendor:cnv-qe@redhat.com][level:component]with guestAgent [test_id:4626]should have guestosinfo in status when agent is present" classname="Tests Suite" time="0">
    <skipped></skipped>
  </testcase>
  <testcase name="Configurations VirtualMachineInstance definition [Serial][rfe_id:140][crit:medium][vendor:cnv-qe@redhat.com][level:component]with guestAgent [test_id:4627]should return the whole data when agent is present" classname="Tests Suite" time="0">
    <skipped></skipped>
  </testcase>
  <testcase name="Configurations VirtualMachineInstance definition [Serial][rfe_id:140][crit:medium][vendor:cnv-qe@redhat.com][level:component]with guestAgent [test_id:4628]should not return the whole data when agent is not present" classname="Tests Suite" time="0">
    <skipped></skipped>
  </testcase>
  <testcase name="Configurations VirtualMachineInstance definition [Serial][rfe_id:140][crit:medium][vendor:cnv-qe@redhat.com][level:component]with guestAgent [test_id:4629]should return user list" classname="Tests Suite" time="0">
    <skipped></skipped>
  </testcase>
  <testcase name="Configurations VirtualMachineInstance definition [Serial][rfe_id:140][crit:medium][vendor:cnv-qe@redhat.com][level:component]with guestAgent [test_id:4630]should return filesystem list" classname="Tests Suite" time="0">
    <skipped></skipped>
  </testcase>
  <testcase name="Configurations [Serial][rfe_id:2869][crit:medium][vendor:cnv-qe@redhat.com][level:component]with machine type settings [test_id:3124]should set machine type from VMI spec" classname="Tests Suite" time="0">
    <skipped></skipped>
  </testcase>
  <testcase name="Configurations [Serial][rfe_id:2869][crit:medium][vendor:cnv-qe@redhat.com][level:component]with machine type settings [test_id:3125]should set default machine type when it is not provided" classname="Tests Suite" time="0">
    <skipped></skipped>
  </testcase>
  <testcase name="Configurations [Serial][rfe_id:2869][crit:medium][vendor:cnv-qe@redhat.com][level:component]with machine type settings [Serial][test_id:3126]should set machine type from kubevirt-config" classname="Tests Suite" time="0">
    <skipped></skipped>
  </testcase>
  <testcase name="Configurations [rfe_id:140][crit:medium][vendor:cnv-qe@redhat.com][level:component]with CPU request settings [Serial][test_id:3129]should set CPU request from kubevirt-config" classname="Tests Suite" time="0">
    <skipped></skipped>
  </testcase>
  <testcase name="Configurations [Serial][rfe_id:904][crit:medium][vendor:cnv-qe@redhat.com][level:component]with driver cache and io settings and PVC [test_id:1681]should set appropriate cache modes" classname="Tests Suite" time="0">
    <skipped></skipped>
  </testcase>
  <testcase name="Configurations [Serial][rfe_id:904][crit:medium][vendor:cnv-qe@redhat.com][level:component]with driver cache and io settings and PVC [test_id:5360]should set appropriate IO modes" classname="Tests Suite" time="0">
    <skipped></skipped>
  </testcase>
  <testcase name="[Serial][rfe_id:694][crit:medium][vendor:cnv-qe@redhat.com][level:component]Networking Multiple virtual machines connectivity using bridge binding interface should be able to reach [test_id:1539]the Inbound VirtualMachineInstance" classname="Tests Suite" time="0">
    <skipped></skipped>
  </testcase>
  <testcase name="[Serial][rfe_id:694][crit:medium][vendor:cnv-qe@redhat.com][level:component]Networking Multiple virtual machines connectivity using bridge binding interface should be able to reach [test_id:1540]the Inbound VirtualMachineInstance with pod network connectivity explicitly set" classname="Tests Suite" time="0">
    <skipped></skipped>
  </testcase>
  <testcase name="[Serial][rfe_id:694][crit:medium][vendor:cnv-qe@redhat.com][level:component]Networking Multiple virtual machines connectivity using bridge binding interface should be able to reach [test_id:1541]the Inbound VirtualMachineInstance with custom MAC address" classname="Tests Suite" time="0">
    <skipped></skipped>
  </testcase>
  <testcase name="[Serial][rfe_id:694][crit:medium][vendor:cnv-qe@redhat.com][level:component]Networking Multiple virtual machines connectivity using bridge binding interface should be able to reach [test_id:1542]the internet" classname="Tests Suite" time="0">
    <skipped></skipped>
  </testcase>
  <testcase name="[Serial][rfe_id:694][crit:medium][vendor:cnv-qe@redhat.com][level:component]Networking Multiple virtual machines connectivity using bridge binding interface should be reachable via the propagated IP from a Pod [test_id:1543]on the same node from Pod" classname="Tests Suite" time="0">
    <skipped></skipped>
  </testcase>
  <testcase name="[Serial][rfe_id:694][crit:medium][vendor:cnv-qe@redhat.com][level:component]Networking Multiple virtual machines connectivity using bridge binding interface should be reachable via the propagated IP from a Pod [test_id:1544]on a different node from Pod" classname="Tests Suite" time="0">
    <skipped></skipped>
  </testcase>
  <testcase name="[Serial][rfe_id:694][crit:medium][vendor:cnv-qe@redhat.com][level:component]Networking Multiple virtual machines connectivity using bridge binding interface should be reachable via the propagated IP from a Pod [test_id:1545]on the same node from Node" classname="Tests Suite" time="0">
    <skipped></skipped>
  </testcase>
  <testcase name="[Serial][rfe_id:694][crit:medium][vendor:cnv-qe@redhat.com][level:component]Networking Multiple virtual machines connectivity using bridge binding interface should be reachable via the propagated IP from a Pod [test_id:1546]on a different node from Node" classname="Tests Suite" time="0">
    <skipped></skipped>
  </testcase>
  <testcase name="[Serial][rfe_id:694][crit:medium][vendor:cnv-qe@redhat.com][level:component]Networking Multiple virtual machines connectivity using bridge binding interface VirtualMachineInstance with default interface model [test_id:1550]should expose the right device type to the guest" classname="Tests Suite" time="0">
    <skipped></skipped>
  </testcase>
  <testcase name="[Serial][rfe_id:694][crit:medium][vendor:cnv-qe@redhat.com][level:component]Networking Multiple virtual machines connectivity using bridge binding interface VirtualMachineInstance with default interface model [test_id:1551]should reject the creation of virtual machine with unsupported interface model" classname="Tests Suite" time="0">
    <skipped></skipped>
  </testcase>
  <testcase name="[Serial][rfe_id:694][crit:medium][vendor:cnv-qe@redhat.com][level:component]Networking VirtualMachineInstance with custom interface model [test_id:1770]should expose the right device type to the guest" classname="Tests Suite" time="0">
    <skipped></skipped>
  </testcase>
  <testcase name="[Serial][rfe_id:694][crit:medium][vendor:cnv-qe@redhat.com][level:component]Networking VirtualMachineInstance with custom MAC address [test_id:1771]should configure custom MAC address" classname="Tests Suite" time="0">
    <skipped></skipped>
  </testcase>
  <testcase name="[Serial][rfe_id:694][crit:medium][vendor:cnv-qe@redhat.com][level:component]Networking VirtualMachineInstance with custom MAC address in non-conventional format [test_id:1772]should configure custom MAC address" classname="Tests Suite" time="0">
    <skipped></skipped>
  </testcase>
  <testcase name="[Serial][rfe_id:694][crit:medium][vendor:cnv-qe@redhat.com][level:component]Networking VirtualMachineInstance with invalid MAC address [test_id:700]should failed to start with invalid MAC address" classname="Tests Suite" time="0">
    <skipped></skipped>
  </testcase>
  <testcase name="[Serial][rfe_id:694][crit:medium][vendor:cnv-qe@redhat.com][level:component]Networking VirtualMachineInstance with custom MAC address and slirp interface [test_id:1773]should configure custom MAC address" classname="Tests Suite" time="0">
    <skipped></skipped>
  </testcase>
  <testcase name="[Serial][rfe_id:694][crit:medium][vendor:cnv-qe@redhat.com][level:component]Networking VirtualMachineInstance with disabled automatic attachment of interfaces [test_id:1774]should not configure any external interfaces" classname="Tests Suite" time="0">
    <skipped></skipped>
  </testcase>
  <testcase name="[Serial][rfe_id:694][crit:medium][vendor:cnv-qe@redhat.com][level:component]Networking VirtualMachineInstance with disabled automatic attachment of interfaces [test_id:1775]should not request a tun device" classname="Tests Suite" time="0">
    <skipped></skipped>
  </testcase>
  <testcase name="[Serial][rfe_id:694][crit:medium][vendor:cnv-qe@redhat.com][level:component]Networking VirtualMachineInstance with custom PCI address [test_id:1776]should configure custom Pci address" classname="Tests Suite" time="0">
    <skipped></skipped>
  </testcase>
  <testcase name="[Serial][rfe_id:694][crit:medium][vendor:cnv-qe@redhat.com][level:component]Networking VirtualMachineInstance with learning disabled on pod interface [test_id:1777]should disable learning on pod iface" classname="Tests Suite" time="0">
    <skipped></skipped>
  </testcase>
  <testcase name="[Serial][rfe_id:694][crit:medium][vendor:cnv-qe@redhat.com][level:component]Networking VirtualMachineInstance with dhcp options [test_id:1778]should offer extra dhcp options to pod iface" classname="Tests Suite" time="0">
    <skipped></skipped>
  </testcase>
  <testcase name="[Serial][rfe_id:694][crit:medium][vendor:cnv-qe@redhat.com][level:component]Networking VirtualMachineInstance with custom dns [test_id:1779]should have custom resolv.conf" classname="Tests Suite" time="0">
    <skipped></skipped>
  </testcase>
  <testcase name="[Serial][rfe_id:694][crit:medium][vendor:cnv-qe@redhat.com][level:component]Networking VirtualMachineInstance with masquerade binding mechanism [Conformance][test_id:1780][label:masquerade_binding_connectivity]should allow regular network connection ipv4 with a specific port number [IPv4]" classname="Tests Suite" time="0">
    <skipped></skipped>
  </testcase>
  <testcase name="[Serial][rfe_id:694][crit:medium][vendor:cnv-qe@redhat.com][level:component]Networking VirtualMachineInstance with masquerade binding mechanism [Conformance][test_id:1780][label:masquerade_binding_connectivity]should allow regular network connection ipv4 without a specific port number [IPv4]" classname="Tests Suite" time="0">
    <skipped></skipped>
  </testcase>
  <testcase name="[Serial][rfe_id:694][crit:medium][vendor:cnv-qe@redhat.com][level:component]Networking VirtualMachineInstance with masquerade binding mechanism [Conformance][test_id:1780][label:masquerade_binding_connectivity]should allow regular network connection ipv4 with custom CIDR [IPv4]" classname="Tests Suite" time="0">
    <skipped></skipped>
  </testcase>
  <testcase name="[Serial][rfe_id:694][crit:medium][vendor:cnv-qe@redhat.com][level:component]Networking VirtualMachineInstance with masquerade binding mechanism [Conformance][test_id:1780][label:masquerade_binding_connectivity]should allow regular network connection IPv6 with a specific port number [IPv6]" classname="Tests Suite" time="0">
    <skipped></skipped>
  </testcase>
  <testcase name="[Serial][rfe_id:694][crit:medium][vendor:cnv-qe@redhat.com][level:component]Networking VirtualMachineInstance with masquerade binding mechanism [Conformance][test_id:1780][label:masquerade_binding_connectivity]should allow regular network connection IPv6 without a specific port number [IPv6]" classname="Tests Suite" time="0">
    <skipped></skipped>
  </testcase>
  <testcase name="[Serial][rfe_id:694][crit:medium][vendor:cnv-qe@redhat.com][level:component]Networking VirtualMachineInstance with masquerade binding mechanism when performing migration [Conformance] preserves connectivity IPv4" classname="Tests Suite" time="0">
    <skipped></skipped>
  </testcase>
  <testcase name="[Serial][rfe_id:694][crit:medium][vendor:cnv-qe@redhat.com][level:component]Networking VirtualMachineInstance with masquerade binding mechanism when performing migration [Conformance] preserves connectivity IPv6" classname="Tests Suite" time="0">
    <skipped></skipped>
  </testcase>
  <testcase name="[Serial][rfe_id:694][crit:medium][vendor:cnv-qe@redhat.com][level:component]Networking VirtualMachineInstance with masquerade binding mechanism MTU verification should have the correct MTU IPv4" classname="Tests Suite" time="0">
    <skipped></skipped>
  </testcase>
  <testcase name="[Serial][rfe_id:694][crit:medium][vendor:cnv-qe@redhat.com][level:component]Networking VirtualMachineInstance with masquerade binding mechanism MTU verification should have the correct MTU IPv6" classname="Tests Suite" time="0">
    <skipped></skipped>
  </testcase>
  <testcase name="[Serial][rfe_id:694][crit:medium][vendor:cnv-qe@redhat.com][level:component]Networking VirtualMachineInstance with TX offload disabled [test_id:1781]should get turned off for interfaces that serve dhcp" classname="Tests Suite" time="0">
    <skipped></skipped>
  </testcase>
  <testcase name="[Serial][rfe_id:694][crit:medium][vendor:cnv-qe@redhat.com][level:component]Networking vmi with default bridge interface on pod network [test_id:2964]should reject VMIs with bridge interface when it&#39;s not permitted on pod network" classname="Tests Suite" time="0">
    <skipped></skipped>
  </testcase>
  <testcase name="[Serial]VirtualMachineSnapshot Tests With simple VM [test_id:4609]should successfully create a snapshot" classname="Tests Suite" time="0">
    <skipped></skipped>
  </testcase>
  <testcase name="[Serial]VirtualMachineSnapshot Tests With simple VM [test_id:4610]should not create a snapshot when VM is running" classname="Tests Suite" time="0">
    <skipped></skipped>
  </testcase>
  <testcase name="[Serial]VirtualMachineSnapshot Tests With simple VM VM should contain snapshot status for all volumes" classname="Tests Suite" time="0">
    <skipped></skipped>
  </testcase>
  <testcase name="[Serial]VirtualMachineSnapshot Tests rook-ceph With more complicated VM [test_id:4611]should successfully create a snapshot" classname="Tests Suite" time="0">
    <skipped></skipped>
  </testcase>
  <testcase name="[Serial]VirtualMachineSnapshot Tests rook-ceph With more complicated VM VM should contain snapshot status for all volumes" classname="Tests Suite" time="0">
    <skipped></skipped>
  </testcase>
  <testcase name="[Serial]VirtualMachineSnapshot Tests rook-ceph With more complicated VM should error if VolumeSnapshot deleted" classname="Tests Suite" time="0">
    <skipped></skipped>
  </testcase>
  <testcase name="[Serial]VirtualMachineSnapshot Tests rook-ceph With more complicated VM should not error if VolumeSnapshot has error" classname="Tests Suite" time="0">
    <skipped></skipped>
  </testcase>
  <testcase name="[Serial]Operator [test_id:1746]should have created and available condition" classname="Tests Suite" time="0">
    <skipped></skipped>
  </testcase>
  <testcase name="[Serial]Operator Validation Webhooks should deny KV update when VMI is running" classname="Tests Suite" time="0">
    <skipped></skipped>
  </testcase>
  <testcase name="[Serial]Operator Validation Webhooks should allow KV update when there are no VMIs running" classname="Tests Suite" time="0">
    <skipped></skipped>
  </testcase>
  <testcase name="[Serial]Operator [rfe_id:2291][crit:high][vendor:cnv-qe@redhat.com][level:component]should start a VM [test_id:3144]using virt-launcher with a shasum" classname="Tests Suite" time="0">
    <skipped></skipped>
  </testcase>
  <testcase name="[Serial]Operator [test_id:4744]should apply component customization test applying and removing a patch" classname="Tests Suite" time="0">
    <skipped></skipped>
  </testcase>
  <testcase name="[Serial]Operator [rfe_id:2291][crit:high][vendor:cnv-qe@redhat.com][level:component]should update kubevirt [test_id:3145]from previous release to target tested release" classname="Tests Suite" time="0">
    <skipped></skipped>
  </testcase>
  <testcase name="[Serial]Operator [rfe_id:2291][crit:high][vendor:cnv-qe@redhat.com][level:component]infrastructure management [test_id:3146]should be able to delete and re-create kubevirt install" classname="Tests Suite" time="0">
    <skipped></skipped>
  </testcase>
  <testcase name="[Serial]Operator [rfe_id:2291][crit:high][vendor:cnv-qe@redhat.com][level:component]infrastructure management [rfe_id:3578][crit:high][vendor:cnv-qe@redhat.com][level:component] deleting with BlockUninstallIfWorkloadsExist [test_id:3683]should be blocked if a workload exists" classname="Tests Suite" time="0">
    <skipped></skipped>
  </testcase>
  <testcase name="[Serial]Operator [rfe_id:2291][crit:high][vendor:cnv-qe@redhat.com][level:component]infrastructure management [test_id:3148]should be able to create kubevirt install with custom image tag" classname="Tests Suite" time="0">
    <skipped></skipped>
  </testcase>
  <testcase name="[Serial]Operator [rfe_id:2291][crit:high][vendor:cnv-qe@redhat.com][level:component]infrastructure management [test_id:3149]should be able to create kubevirt install with image prefix" classname="Tests Suite" time="0">
    <skipped></skipped>
  </testcase>
  <testcase name="[Serial]Operator [rfe_id:2291][crit:high][vendor:cnv-qe@redhat.com][level:component]infrastructure management [test_id:3150]should be able to update kubevirt install with custom image tag" classname="Tests Suite" time="0">
    <skipped></skipped>
  </testcase>
  <testcase name="[Serial]Operator [rfe_id:2291][crit:high][vendor:cnv-qe@redhat.com][level:component]infrastructure management [test_id:3151]should be able to update kubevirt install when operator updates if no custom image tag is set" classname="Tests Suite" time="0">
    <skipped></skipped>
  </testcase>
  <testcase name="[Serial]Operator [rfe_id:2291][crit:high][vendor:cnv-qe@redhat.com][level:component]infrastructure management [test_id:3152]should fail if KV object already exists" classname="Tests Suite" time="0">
    <skipped></skipped>
  </testcase>
  <testcase name="[Serial]Operator [rfe_id:2291][crit:high][vendor:cnv-qe@redhat.com][level:component]infrastructure management [test_id:4612]should create non-namespaces resources without owner references" classname="Tests Suite" time="0">
    <skipped></skipped>
  </testcase>
  <testcase name="[Serial]Operator [rfe_id:2291][crit:high][vendor:cnv-qe@redhat.com][level:component]infrastructure management [test_id:4613]should remove owner references on non-namespaces resources when updating a resource" classname="Tests Suite" time="0">
    <skipped></skipped>
  </testcase>
  <testcase name="[Serial]Operator [rfe_id:2291][crit:high][vendor:cnv-qe@redhat.com][level:component]infrastructure management [test_id:5010]should be able to update product related labels of kubevirt install" classname="Tests Suite" time="0">
    <skipped></skipped>
  </testcase>
  <testcase name="[Serial]Operator [rfe_id:2291][crit:high][vendor:cnv-qe@redhat.com][level:component]infrastructure management [rfe_id:2897][crit:medium][vendor:cnv-qe@redhat.com][level:component]With OpenShift cluster [test_id:2910]Should have kubevirt SCCs created" classname="Tests Suite" time="0">
    <skipped></skipped>
  </testcase>
  <testcase name="[Serial]Operator [rfe_id:2897][crit:medium][vendor:cnv-qe@redhat.com][level:component]Dynamic feature detection [test_id:3153]Ensure infra can handle dynamically detecting DataVolume Support" classname="Tests Suite" time="0">
    <skipped></skipped>
  </testcase>
  <testcase name="[Serial]Operator [rfe_id:2897][crit:medium][vendor:cnv-qe@redhat.com][level:component]With ServiceMonitor Disabled [test_id:3154]Should not create RBAC Role or RoleBinding for ServiceMonitor" classname="Tests Suite" time="0">
    <skipped></skipped>
  </testcase>
  <testcase name="[Serial]Operator With PrometheusRule Enabled [test_id:4614]Checks if the kubevirt PrometheusRule cr exists and verify it&#39;s spec" classname="Tests Suite" time="0">
    <skipped></skipped>
  </testcase>
  <testcase name="[Serial]Operator With PrometheusRule Disabled [test_id:4615]Checks that we do not deploy a PrometheusRule cr when not needed" classname="Tests Suite" time="0">
    <skipped></skipped>
  </testcase>
  <testcase name="[Serial]Operator [rfe_id:2937][crit:medium][vendor:cnv-qe@redhat.com][level:component]With ServiceMonitor Enabled [test_id:2936]Should allow Prometheus to scrape KubeVirt endpoints" classname="Tests Suite" time="0">
    <skipped></skipped>
  </testcase>
  <testcase name="[Serial]Operator [rfe_id:2937][crit:medium][vendor:cnv-qe@redhat.com][level:component]With ServiceMonitor Enabled [test_id:4616]Should patch our namespace labels with openshift.io/cluster-monitoring=true" classname="Tests Suite" time="0">
    <skipped></skipped>
  </testcase>
  <testcase name="[Serial]Operator [test_id:4617]should adopt previously unmanaged entities by updating its metadata" classname="Tests Suite" time="0">
    <skipped></skipped>
  </testcase>
  <testcase name="[Serial]Operator [rfe_id:4356]Node Placement [test_id:4927]should dynamically update infra config" classname="Tests Suite" time="0">
    <skipped></skipped>
  </testcase>
  <testcase name="[Serial]Operator [rfe_id:4356]Node Placement [test_id:4928]should dynamically update workloads config" classname="Tests Suite" time="0">
    <skipped></skipped>
  </testcase>
  <testcase name="[Serial]VMIDefaults Disk defaults [test_id:4115]Should be applied to VMIs" classname="Tests Suite" time="0">
    <skipped></skipped>
  </testcase>
  <testcase name="[Serial]VMIDefaults MemBalloon defaults [test_id:4556]Should be present in domain" classname="Tests Suite" time="0">
    <skipped></skipped>
  </testcase>
  <testcase name="[Serial]VMIDefaults MemBalloon defaults Should override period in domain if present in virt-config  [test_id:4557]with period 12" classname="Tests Suite" time="0">
    <skipped></skipped>
  </testcase>
  <testcase name="[Serial]VMIDefaults MemBalloon defaults Should override period in domain if present in virt-config  [test_id:4558]with period 0" classname="Tests Suite" time="0">
    <skipped></skipped>
  </testcase>
  <testcase name="[Serial]VMIDefaults MemBalloon defaults [test_id:4559]Should not be present in domain " classname="Tests Suite" time="0">
    <skipped></skipped>
  </testcase>
  <testcase name="[rfe_id:500][crit:high][vendor:cnv-qe@redhat.com][level:component]User Access [Serial][rfe_id:2919][crit:high][vendor:cnv-qe@redhat.com][level:component] With regular OpenShift user should fail without admin rights for the project should verify permissions on resources are correct for view, edit, and admin [test_id:2921]given a vmi" classname="Tests Suite" time="0">
    <skipped></skipped>
  </testcase>
  <testcase name="[rfe_id:500][crit:high][vendor:cnv-qe@redhat.com][level:component]User Access [Serial][rfe_id:2919][crit:high][vendor:cnv-qe@redhat.com][level:component] With regular OpenShift user should fail without admin rights for the project should verify permissions on resources are correct for view, edit, and admin [test_id:2915]given a vm" classname="Tests Suite" time="0">
    <skipped></skipped>
  </testcase>
  <testcase name="[rfe_id:500][crit:high][vendor:cnv-qe@redhat.com][level:component]User Access [Serial][rfe_id:2919][crit:high][vendor:cnv-qe@redhat.com][level:component] With regular OpenShift user should fail without admin rights for the project should verify permissions on resources are correct for view, edit, and admin [test_id:2917]given a vmi preset" classname="Tests Suite" time="0">
    <skipped></skipped>
  </testcase>
  <testcase name="[rfe_id:500][crit:high][vendor:cnv-qe@redhat.com][level:component]User Access [Serial][rfe_id:2919][crit:high][vendor:cnv-qe@redhat.com][level:component] With regular OpenShift user should fail without admin rights for the project should verify permissions on resources are correct for view, edit, and admin [test_id:2919]given a vmi replica set" classname="Tests Suite" time="0">
    <skipped></skipped>
  </testcase>
  <testcase name="[rfe_id:500][crit:high][vendor:cnv-qe@redhat.com][level:component]User Access [Serial][rfe_id:2919][crit:high][vendor:cnv-qe@redhat.com][level:component] With regular OpenShift user should fail without admin rights for the project should verify permissions on resources are correct for view, edit, and admin [test_id:3235]given a vmi migration" classname="Tests Suite" time="0">
    <skipped></skipped>
  </testcase>
  <testcase name="[rfe_id:500][crit:high][vendor:cnv-qe@redhat.com][level:component]User Access [Serial][rfe_id:2919][crit:high][vendor:cnv-qe@redhat.com][level:component] With regular OpenShift user should fail without admin rights for the project should verify permissions on resources are correct for view, edit, and admin [test_id:5246]given a vmsnapshot" classname="Tests Suite" time="0">
    <skipped></skipped>
  </testcase>
  <testcase name="[rfe_id:500][crit:high][vendor:cnv-qe@redhat.com][level:component]User Access [Serial][rfe_id:2919][crit:high][vendor:cnv-qe@redhat.com][level:component] With regular OpenShift user should fail without admin rights for the project should verify permissions on resources are correct for view, edit, and admin [test_id:5247]given a vmsnapshotcontent" classname="Tests Suite" time="0">
    <skipped></skipped>
  </testcase>
  <testcase name="[rfe_id:500][crit:high][vendor:cnv-qe@redhat.com][level:component]User Access [Serial][rfe_id:2919][crit:high][vendor:cnv-qe@redhat.com][level:component] With regular OpenShift user should fail without admin rights for the project should verify permissions on resources are correct for view, edit, and admin [test_id:5248]given a vmsrestore" classname="Tests Suite" time="0">
    <skipped></skipped>
  </testcase>
  <testcase name="[rfe_id:500][crit:high][vendor:cnv-qe@redhat.com][level:component]User Access [Serial][rfe_id:2919][crit:high][vendor:cnv-qe@redhat.com][level:component] With regular OpenShift user should fail without admin rights for the project should verify permissions on resources are correct for subresources [test_id:2921]given a vmi" classname="Tests Suite" time="0">
    <skipped></skipped>
  </testcase>
  <testcase name="[rfe_id:500][crit:high][vendor:cnv-qe@redhat.com][level:component]User Access [Serial][rfe_id:2919][crit:high][vendor:cnv-qe@redhat.com][level:component] With regular OpenShift user should succeed with admin rights for the project should verify permissions on resources are correct the test user [test_id:2920]given a vmi" classname="Tests Suite" time="0">
    <skipped></skipped>
  </testcase>
  <testcase name="[rfe_id:500][crit:high][vendor:cnv-qe@redhat.com][level:component]User Access [Serial][rfe_id:2919][crit:high][vendor:cnv-qe@redhat.com][level:component] With regular OpenShift user should succeed with admin rights for the project should verify permissions on resources are correct the test user [test_id:2831]given a vm" classname="Tests Suite" time="0">
    <skipped></skipped>
  </testcase>
  <testcase name="[rfe_id:500][crit:high][vendor:cnv-qe@redhat.com][level:component]User Access [Serial][rfe_id:2919][crit:high][vendor:cnv-qe@redhat.com][level:component] With regular OpenShift user should succeed with admin rights for the project should verify permissions on resources are correct the test user [test_id:2916]given a vmi preset" classname="Tests Suite" time="0">
    <skipped></skipped>
  </testcase>
  <testcase name="[rfe_id:500][crit:high][vendor:cnv-qe@redhat.com][level:component]User Access [Serial][rfe_id:2919][crit:high][vendor:cnv-qe@redhat.com][level:component] With regular OpenShift user should succeed with admin rights for the project should verify permissions on resources are correct the test user [test_id:2918][crit:low]given a vmi replica set" classname="Tests Suite" time="0">
    <skipped></skipped>
  </testcase>
  <testcase name="[rfe_id:500][crit:high][vendor:cnv-qe@redhat.com][level:component]User Access [Serial][rfe_id:2919][crit:high][vendor:cnv-qe@redhat.com][level:component] With regular OpenShift user should succeed with admin rights for the project should verify permissions on resources are correct the test user [test_id:2837]given a vmi migration" classname="Tests Suite" time="0">
    <skipped></skipped>
  </testcase>
  <testcase name="[rfe_id:500][crit:high][vendor:cnv-qe@redhat.com][level:component]User Access [Serial][rfe_id:2919][crit:high][vendor:cnv-qe@redhat.com][level:component] With regular OpenShift user should succeed with admin rights for the project should verify permissions on resources are correct the test user [test_id:5249]given a vmsnapshot" classname="Tests Suite" time="0">
    <skipped></skipped>
  </testcase>
  <testcase name="[rfe_id:500][crit:high][vendor:cnv-qe@redhat.com][level:component]User Access [Serial][rfe_id:2919][crit:high][vendor:cnv-qe@redhat.com][level:component] With regular OpenShift user should succeed with admin rights for the project should verify permissions on resources are correct the test user [test_id:5250]given a vmsnapshotcontent" classname="Tests Suite" time="0">
    <skipped></skipped>
  </testcase>
  <testcase name="[rfe_id:500][crit:high][vendor:cnv-qe@redhat.com][level:component]User Access [Serial][rfe_id:2919][crit:high][vendor:cnv-qe@redhat.com][level:component] With regular OpenShift user should succeed with admin rights for the project should verify permissions on resources are correct the test user [test_id:5251]given a vmsrestore" classname="Tests Suite" time="0">
    <skipped></skipped>
  </testcase>
  <testcase name="[rfe_id:500][crit:high][vendor:cnv-qe@redhat.com][level:component]User Access [Serial][rfe_id:2919][crit:high][vendor:cnv-qe@redhat.com][level:component] With regular OpenShift user should succeed with admin rights for the project should verify permissions on resources are correct for subresources [test_id:2921]given a vmi" classname="Tests Suite" time="0">
    <skipped></skipped>
  </testcase>
  <testcase name="[Serial]VirtualMachineRestore Tests With simple VM and no snapshot [test_id:5255]should reject restore" classname="Tests Suite" time="0">
    <skipped></skipped>
  </testcase>
  <testcase name="[Serial]VirtualMachineRestore Tests With simple VM and good snapshot exists [test_id:5256]should successfully restore" classname="Tests Suite" time="0">
    <skipped></skipped>
  </testcase>
  <testcase name="[Serial]VirtualMachineRestore Tests With simple VM and good snapshot exists [test_id:5257]should reject restore if VM running" classname="Tests Suite" time="0">
    <skipped></skipped>
  </testcase>
  <testcase name="[Serial]VirtualMachineRestore Tests With simple VM and good snapshot exists [test_id:5258]should reject restore if another in progress" classname="Tests Suite" time="0">
    <skipped></skipped>
  </testcase>
  <testcase name="[Serial]VirtualMachineRestore Tests rook-ceph With a more complicated VM [test_id:5259]should restore a vm multiple from the same snapshot" classname="Tests Suite" time="0">
    <skipped></skipped>
  </testcase>
  <testcase name="[Serial]VirtualMachineRestore Tests rook-ceph With a more complicated VM [test_id:5260]should restore a vm that boots from a datavolumetemplate" classname="Tests Suite" time="0">
    <skipped></skipped>
  </testcase>
  <testcase name="[Serial]VirtualMachineRestore Tests rook-ceph With a more complicated VM [test_id:5261]should restore a vm that boots from a datavolume (not template)" classname="Tests Suite" time="0">
    <skipped></skipped>
  </testcase>
  <testcase name="[Serial]VirtualMachineRestore Tests rook-ceph With a more complicated VM [test_id:5262]should restore a vm that boots from a PVC" classname="Tests Suite" time="0">
    <skipped></skipped>
  </testcase>
  <testcase name="[Serial]VirtualMachineRestore Tests rook-ceph With a more complicated VM [test_id:5263]should restore a vm with containerdisk and blank datavolume" classname="Tests Suite" time="0">
    <skipped></skipped>
  </testcase>
  <testcase name="[Serial]KubeVirtConfigmapConfiguration [test_id:4670]check health check returns configmap resource version" classname="Tests Suite" time="0">
    <skipped></skipped>
  </testcase>
  <testcase name="[Serial]KubeVirtConfigmapConfiguration [test_id:4671]test kubevirt config-map is used for configuration when present" classname="Tests Suite" time="0">
    <skipped></skipped>
  </testcase>
  <testcase name="[Serial]IOThreads IOThreads Policies [test_id:4122]Should honor shared ioThreadsPolicy for single disk" classname="Tests Suite" time="0">
    <skipped></skipped>
  </testcase>
  <testcase name="[Serial]IOThreads IOThreads Policies [test_id:864][ref_id:2065] Should honor a mix of shared and dedicated ioThreadsPolicy" classname="Tests Suite" time="0">
    <skipped></skipped>
  </testcase>
  <testcase name="[Serial]IOThreads IOThreads Policies [ref_id:2065] should honor auto ioThreadPolicy [test_id:3097]for one CPU" classname="Tests Suite" time="0">
    <skipped></skipped>
  </testcase>
  <testcase name="[Serial]IOThreads IOThreads Policies [ref_id:2065] should honor auto ioThreadPolicy [test_id:856] for two CPUs" classname="Tests Suite" time="0">
    <skipped></skipped>
  </testcase>
  <testcase name="[Serial]IOThreads IOThreads Policies [ref_id:2065] should honor auto ioThreadPolicy [test_id:3095] for three CPUs" classname="Tests Suite" time="0">
    <skipped></skipped>
  </testcase>
  <testcase name="[Serial]IOThreads IOThreads Policies [ref_id:2065] should honor auto ioThreadPolicy [test_id:3096]for four CPUs" classname="Tests Suite" time="0">
    <skipped></skipped>
  </testcase>
  <testcase name="[Serial]IOThreads IOThreads Policies [test_id:4025]Should place io and emulator threads on the same pcpu with auto ioThreadsPolicy" classname="Tests Suite" time="0">
    <skipped></skipped>
  </testcase>
  <testcase name="[Serial][ref_id:2717]KubeVirt control plane resilience pod eviction when evicting pods of control plane [test_id:2830]last eviction should fail for virt-controller pods" classname="Tests Suite" time="0">
    <skipped></skipped>
  </testcase>
  <testcase name="[Serial][ref_id:2717]KubeVirt control plane resilience pod eviction when evicting pods of control plane [test_id:2799]last eviction should fail for virt-api pods" classname="Tests Suite" time="0">
    <skipped></skipped>
  </testcase>
  <testcase name="[Serial][ref_id:2717]KubeVirt control plane resilience control plane components check when control plane pods are running [test_id:2806]virt-controller and virt-api pods have a pod disruption budget" classname="Tests Suite" time="0">
    <skipped></skipped>
  </testcase>
  <testcase name="[Serial]Infrastructure CRDs [test_id:5177]Should have structural schema" classname="Tests Suite" time="0">
    <skipped></skipped>
  </testcase>
  <testcase name="[Serial]Infrastructure [rfe_id:4102][crit:medium][vendor:cnv-qe@redhat.com][level:component]certificates [test_id:4099] should be rotated when a new CA is created" classname="Tests Suite" time="0">
    <skipped></skipped>
  </testcase>
  <testcase name="[Serial]Infrastructure [rfe_id:4102][crit:medium][vendor:cnv-qe@redhat.com][level:component]certificates [test_id:4100] should be valid during the whole rotation process" classname="Tests Suite" time="0">
    <skipped></skipped>
  </testcase>
  <testcase name="[Serial]Infrastructure [rfe_id:4102][crit:medium][vendor:cnv-qe@redhat.com][level:component]certificates should be rotated when deleted for  [test_id:4101] virt-operator" classname="Tests Suite" time="0">
    <skipped></skipped>
  </testcase>
  <testcase name="[Serial]Infrastructure [rfe_id:4102][crit:medium][vendor:cnv-qe@redhat.com][level:component]certificates should be rotated when deleted for  [test_id:4103] virt-api" classname="Tests Suite" time="0">
    <skipped></skipped>
  </testcase>
  <testcase name="[Serial]Infrastructure [rfe_id:4102][crit:medium][vendor:cnv-qe@redhat.com][level:component]certificates should be rotated when deleted for  [test_id:4104] virt-controller" classname="Tests Suite" time="0">
    <skipped></skipped>
  </testcase>
  <testcase name="[Serial]Infrastructure [rfe_id:4102][crit:medium][vendor:cnv-qe@redhat.com][level:component]certificates should be rotated when deleted for  [test_id:4105] virt-handlers client side" classname="Tests Suite" time="0">
    <skipped></skipped>
  </testcase>
  <testcase name="[Serial]Infrastructure [rfe_id:4102][crit:medium][vendor:cnv-qe@redhat.com][level:component]certificates should be rotated when deleted for  [test_id:4106] virt-handlers server side" classname="Tests Suite" time="0">
    <skipped></skipped>
  </testcase>
  <testcase name="[Serial]Infrastructure [rfe_id:4126][crit:medium][vendor:cnv-qe@redhat.com][level:component]Taints and toleration CriticalAddonsOnly taint set on a node [test_id:4134] kubevirt components on that node should not evict" classname="Tests Suite" time="0">
    <skipped></skipped>
  </testcase>
  <testcase name="[Serial]Infrastructure [rfe_id:3187][crit:medium][vendor:cnv-qe@redhat.com][level:component]Prometheus scraped metrics [test_id:4135]should find VMI namespace on namespace label of the metric" classname="Tests Suite" time="0">
    <skipped></skipped>
  </testcase>
  <testcase name="[Serial]Infrastructure [rfe_id:3187][crit:medium][vendor:cnv-qe@redhat.com][level:component]Prometheus Endpoints [test_id:4136][flaky] should find one leading virt-controller and two ready" classname="Tests Suite" time="0">
    <skipped></skipped>
  </testcase>
  <testcase name="[Serial]Infrastructure [rfe_id:3187][crit:medium][vendor:cnv-qe@redhat.com][level:component]Prometheus Endpoints [test_id:4137]should find one leading virt-operator and two ready" classname="Tests Suite" time="0">
    <skipped></skipped>
  </testcase>
  <testcase name="[Serial]Infrastructure [rfe_id:3187][crit:medium][vendor:cnv-qe@redhat.com][level:component]Prometheus Endpoints [test_id:4138]should be exposed and registered on the metrics endpoint" classname="Tests Suite" time="0">
    <skipped></skipped>
  </testcase>
  <testcase name="[Serial]Infrastructure [rfe_id:3187][crit:medium][vendor:cnv-qe@redhat.com][level:component]Prometheus Endpoints [test_id:4139]should return Prometheus metrics" classname="Tests Suite" time="0">
    <skipped></skipped>
  </testcase>
  <testcase name="[Serial]Infrastructure [rfe_id:3187][crit:medium][vendor:cnv-qe@redhat.com][level:component]Prometheus Endpoints should throttle the Prometheus metrics access [test_id:4140] by using IPv4" classname="Tests Suite" time="0">
    <skipped></skipped>
  </testcase>
  <testcase name="[Serial]Infrastructure [rfe_id:3187][crit:medium][vendor:cnv-qe@redhat.com][level:component]Prometheus Endpoints should throttle the Prometheus metrics access by using IPv6" classname="Tests Suite" time="0">
    <skipped></skipped>
  </testcase>
  <testcase name="[Serial]Infrastructure [rfe_id:3187][crit:medium][vendor:cnv-qe@redhat.com][level:component]Prometheus Endpoints should include the metrics for a running VM [test_id:4141] by using IPv4" classname="Tests Suite" time="0">
    <skipped></skipped>
  </testcase>
  <testcase name="[Serial]Infrastructure [rfe_id:3187][crit:medium][vendor:cnv-qe@redhat.com][level:component]Prometheus Endpoints should include the metrics for a running VM by using IPv6" classname="Tests Suite" time="0">
    <skipped></skipped>
  </testcase>
  <testcase name="[Serial]Infrastructure [rfe_id:3187][crit:medium][vendor:cnv-qe@redhat.com][level:component]Prometheus Endpoints should include the storage metrics for a running VM [test_id:4142] by using IPv4" classname="Tests Suite" time="0">
    <skipped></skipped>
  </testcase>
  <testcase name="[Serial]Infrastructure [rfe_id:3187][crit:medium][vendor:cnv-qe@redhat.com][level:component]Prometheus Endpoints should include the storage metrics for a running VM by using IPv6" classname="Tests Suite" time="0">
    <skipped></skipped>
  </testcase>
  <testcase name="[Serial]Infrastructure [rfe_id:3187][crit:medium][vendor:cnv-qe@redhat.com][level:component]Prometheus Endpoints should include metrics for a running VM [test_id:4143] network metrics by IPv4" classname="Tests Suite" time="0">
    <skipped></skipped>
  </testcase>
  <testcase name="[Serial]Infrastructure [rfe_id:3187][crit:medium][vendor:cnv-qe@redhat.com][level:component]Prometheus Endpoints should include metrics for a running VM network metrics by IPv6" classname="Tests Suite" time="0">
    <skipped></skipped>
  </testcase>
  <testcase name="[Serial]Infrastructure [rfe_id:3187][crit:medium][vendor:cnv-qe@redhat.com][level:component]Prometheus Endpoints should include metrics for a running VM [test_id:4144] memory metrics by IPv4" classname="Tests Suite" time="0">
    <skipped></skipped>
  </testcase>
  <testcase name="[Serial]Infrastructure [rfe_id:3187][crit:medium][vendor:cnv-qe@redhat.com][level:component]Prometheus Endpoints should include metrics for a running VM memory metrics by IPv6" classname="Tests Suite" time="0">
    <skipped></skipped>
  </testcase>
  <testcase name="[Serial]Infrastructure [rfe_id:3187][crit:medium][vendor:cnv-qe@redhat.com][level:component]Prometheus Endpoints should include metrics for a running VM [test_id:4553] vcpu wait by IPv4" classname="Tests Suite" time="0">
    <skipped></skipped>
  </testcase>
  <testcase name="[Serial]Infrastructure [rfe_id:3187][crit:medium][vendor:cnv-qe@redhat.com][level:component]Prometheus Endpoints should include metrics for a running VM vcpu wait by IPv6" classname="Tests Suite" time="0">
    <skipped></skipped>
  </testcase>
  <testcase name="[Serial]Infrastructure [rfe_id:3187][crit:medium][vendor:cnv-qe@redhat.com][level:component]Prometheus Endpoints should include metrics for a running VM [test_id:4554] vcpu seconds by IPv4" classname="Tests Suite" time="0">
    <skipped></skipped>
  </testcase>
  <testcase name="[Serial]Infrastructure [rfe_id:3187][crit:medium][vendor:cnv-qe@redhat.com][level:component]Prometheus Endpoints should include metrics for a running VM vcpu seconds by IPv6" classname="Tests Suite" time="0">
    <skipped></skipped>
  </testcase>
  <testcase name="[Serial]Infrastructure [rfe_id:3187][crit:medium][vendor:cnv-qe@redhat.com][level:component]Prometheus Endpoints should include metrics for a running VM [test_id:4556] vmi unused memory by IPv4" classname="Tests Suite" time="0">
    <skipped></skipped>
  </testcase>
  <testcase name="[Serial]Infrastructure [rfe_id:3187][crit:medium][vendor:cnv-qe@redhat.com][level:component]Prometheus Endpoints should include metrics for a running VM vmi unused memory by IPv6" classname="Tests Suite" time="0">
    <skipped></skipped>
  </testcase>
  <testcase name="[Serial]Infrastructure [rfe_id:3187][crit:medium][vendor:cnv-qe@redhat.com][level:component]Prometheus Endpoints should include VMI infos for a running VM [test_id:4145] by IPv4" classname="Tests Suite" time="0">
    <skipped></skipped>
  </testcase>
  <testcase name="[Serial]Infrastructure [rfe_id:3187][crit:medium][vendor:cnv-qe@redhat.com][level:component]Prometheus Endpoints should include VMI infos for a running VM by IPv6" classname="Tests Suite" time="0">
    <skipped></skipped>
  </testcase>
  <testcase name="[Serial]Infrastructure [rfe_id:3187][crit:medium][vendor:cnv-qe@redhat.com][level:component]Prometheus Endpoints should include VMI phase metrics for all running VMs [test_id:4146] by IPv4" classname="Tests Suite" time="0">
    <skipped></skipped>
  </testcase>
  <testcase name="[Serial]Infrastructure [rfe_id:3187][crit:medium][vendor:cnv-qe@redhat.com][level:component]Prometheus Endpoints should include VMI phase metrics for all running VMs by IPv6" classname="Tests Suite" time="0">
    <skipped></skipped>
  </testcase>
  <testcase name="[Serial]Infrastructure [rfe_id:3187][crit:medium][vendor:cnv-qe@redhat.com][level:component]Prometheus Endpoints should include kubernetes labels to VMI metrics [test_id:4147] by IPv4" classname="Tests Suite" time="0">
    <skipped></skipped>
  </testcase>
  <testcase name="[Serial]Infrastructure [rfe_id:3187][crit:medium][vendor:cnv-qe@redhat.com][level:component]Prometheus Endpoints should include kubernetes labels to VMI metrics by IPv6" classname="Tests Suite" time="0">
    <skipped></skipped>
  </testcase>
  <testcase name="[Serial]Infrastructure [rfe_id:3187][crit:medium][vendor:cnv-qe@redhat.com][level:component]Prometheus Endpoints should include swap metrics [test_id:4555] by IPv4" classname="Tests Suite" time="0">
    <skipped></skipped>
  </testcase>
  <testcase name="[Serial]Infrastructure [rfe_id:3187][crit:medium][vendor:cnv-qe@redhat.com][level:component]Prometheus Endpoints should include swap metrics by IPv6" classname="Tests Suite" time="0">
    <skipped></skipped>
  </testcase>
  <testcase name="[Serial]Infrastructure Start a VirtualMachineInstance when the controller pod is not running and an election happens [test_id:4642]should succeed afterwards" classname="Tests Suite" time="0">
    <skipped></skipped>
  </testcase>
  <testcase name="[sig-network] [Serial]Services bridge interface binding with a service matching the vmi exposed [test_id:1547] should be able to reach the vmi based on labels specified on the vmi" classname="Tests Suite" time="0">
    <skipped></skipped>
  </testcase>
  <testcase name="[sig-network] [Serial]Services bridge interface binding with a service matching the vmi exposed [test_id:1548] should fail to reach the vmi if an invalid servicename is used" classname="Tests Suite" time="0">
    <skipped></skipped>
  </testcase>
  <testcase name="[sig-network] [Serial]Services bridge interface binding with a subdomain and a headless service given [test_id:1549]should be able to reach the vmi via its unique fully qualified domain name" classname="Tests Suite" time="0">
    <skipped></skipped>
  </testcase>
  <testcase name="[sig-network] [Serial]Services Masquerade interface binding with a service matching the vmi exposed [Conformance] should be able to reach the vmi based on labels specified on the vmi when the service is exposed by an IPv4 address." classname="Tests Suite" time="0">
    <skipped></skipped>
  </testcase>
  <testcase name="[sig-network] [Serial]Services Masquerade interface binding with a service matching the vmi exposed [Conformance] should be able to reach the vmi based on labels specified on the vmi when the service is exposed by an IPv6 address." classname="Tests Suite" time="0">
    <skipped></skipped>
  </testcase>
  <testcase name="[sig-network] [Serial]Services Masquerade interface binding *without* a service matching the vmi exposed should fail to reach the vmi" classname="Tests Suite" time="0">
    <skipped></skipped>
  </testcase>
  <testcase name="[Serial]GPU with ephemeral disk [test_id:4607]Should create a valid VMI but pod should not go to running state" classname="Tests Suite" time="0">
    <skipped></skipped>
  </testcase>
  <testcase name="[Serial]GPU with ephemeral disk [test_id:4608]Should create a valid VMI and appropriate libvirt domain" classname="Tests Suite" time="0">
    <skipped></skipped>
  </testcase>
  <testcase name="[rfe_id:273][crit:high][vendor:cnv-qe@redhat.com][level:component]VMIlifecycle when virt-handler is deleted [Serial][test_id:4716]should label the node with kubevirt.io/schedulable=false" classname="Tests Suite" time="0">
    <skipped></skipped>
  </testcase>
  <testcase name="[rfe_id:273][crit:high][vendor:cnv-qe@redhat.com][level:component]VMIlifecycle [rfe_id:273][crit:high][vendor:cnv-qe@redhat.com][level:component]Creating a VirtualMachineInstance [Serial]with default cpu model [test_id:3199]should set default cpu model when vmi doesn&#39;t have it set" classname="Tests Suite" time="0">
    <skipped></skipped>
  </testcase>
  <testcase name="[rfe_id:273][crit:high][vendor:cnv-qe@redhat.com][level:component]VMIlifecycle [rfe_id:273][crit:high][vendor:cnv-qe@redhat.com][level:component]Creating a VirtualMachineInstance [Serial]with default cpu model [test_id:3200]should not set default cpu model when vmi has it set" classname="Tests Suite" time="0">
    <skipped></skipped>
  </testcase>
  <testcase name="[rfe_id:273][crit:high][vendor:cnv-qe@redhat.com][level:component]VMIlifecycle [rfe_id:273][crit:high][vendor:cnv-qe@redhat.com][level:component]Creating a VirtualMachineInstance [Serial]with default cpu model [test_id:3201]should not set cpu model when vmi does not have it set and default cpu model is not set" classname="Tests Suite" time="0">
    <skipped></skipped>
  </testcase>
  <testcase name="[rfe_id:273][crit:high][vendor:cnv-qe@redhat.com][level:component]VMIlifecycle [rfe_id:273][crit:high][vendor:cnv-qe@redhat.com][level:component]Creating a VirtualMachineInstance [Serial]with node feature discovery [test_id:1639]the vmi with cpu.model matching a nfd label on a node should be scheduled" classname="Tests Suite" time="0">
    <skipped></skipped>
  </testcase>
  <testcase name="[rfe_id:273][crit:high][vendor:cnv-qe@redhat.com][level:component]VMIlifecycle [rfe_id:273][crit:high][vendor:cnv-qe@redhat.com][level:component]Creating a VirtualMachineInstance [Serial]with node feature discovery [test_id:1640]the vmi with cpu.model that cannot match an nfd label on node should not be scheduled" classname="Tests Suite" time="0">
    <skipped></skipped>
  </testcase>
  <testcase name="[rfe_id:273][crit:high][vendor:cnv-qe@redhat.com][level:component]VMIlifecycle [rfe_id:273][crit:high][vendor:cnv-qe@redhat.com][level:component]Creating a VirtualMachineInstance [Serial]with node feature discovery [test_id:3202]the vmi with cpu.features matching nfd labels on a node should be scheduled" classname="Tests Suite" time="0">
    <skipped></skipped>
  </testcase>
  <testcase name="[rfe_id:273][crit:high][vendor:cnv-qe@redhat.com][level:component]VMIlifecycle [rfe_id:273][crit:high][vendor:cnv-qe@redhat.com][level:component]Creating a VirtualMachineInstance [Serial]with node feature discovery [test_id:3203]the vmi with cpu.features that cannot match nfd labels on a node should not be scheduled" classname="Tests Suite" time="0">
    <skipped></skipped>
  </testcase>
  <testcase name="[rfe_id:273][crit:high][vendor:cnv-qe@redhat.com][level:component]VMIlifecycle [rfe_id:273][crit:high][vendor:cnv-qe@redhat.com][level:component]Creating a VirtualMachineInstance [Serial]with node feature discovery [test_id:3204]the vmi with cpu.feature policy &#39;forbid&#39; should not be scheduled on a node with that cpu feature label" classname="Tests Suite" time="0">
    <skipped></skipped>
  </testcase>
  <testcase name="[rfe_id:273][crit:high][vendor:cnv-qe@redhat.com][level:component]VMIlifecycle [Serial][rfe_id:273][crit:high][vendor:cnv-qe@redhat.com][level:component]Killed VirtualMachineInstance [test_id:1656]should be in Failed phase" classname="Tests Suite" time="0">
    <skipped></skipped>
  </testcase>
  <testcase name="[rfe_id:273][crit:high][vendor:cnv-qe@redhat.com][level:component]VMIlifecycle [Serial][rfe_id:273][crit:high][vendor:cnv-qe@redhat.com][level:component]Killed VirtualMachineInstance [test_id:1657]should be left alone by virt-handler" classname="Tests Suite" time="0">
    <skipped></skipped>
  </testcase>
  <testcase name="[sig-storage] Hotplug rook-ceph Online VM should add/remove volume with DataVolume immediate attach, VMI directly" classname="Tests Suite" time="3.40914901">
    <skipped></skipped>
  </testcase>
  <testcase name="[sig-storage] Hotplug rook-ceph Online VM Should be able to add and remove multiple volumes with VMs" classname="Tests Suite" time="5.418832368">
    <skipped></skipped>
  </testcase>
  <testcase name="[sig-storage] Hotplug rook-ceph Online VM Should be able to add and remove and re-add multiple volumes with VMs" classname="Tests Suite" time="5.375954821">
    <skipped></skipped>
  </testcase>
  <testcase name="[sig-storage] Hotplug rook-ceph Online VM should hotplug and permanently add volume when added to VM" classname="Tests Suite" time="5.399110884">
    <skipped></skipped>
  </testcase>
  <testcase name="[sig-storage] Hotplug rook-ceph VMI only should mark VMI failed, if an attachment pod is deleted" classname="Tests Suite" time="5.400727276">
    <skipped></skipped>
  </testcase>
  <testcase name="[Serial]ImageUpload Upload an image and start a VMI with PVC on rook-ceph [test_id:4621] Should succeed DataVolume" classname="Tests Suite" time="0">
    <skipped></skipped>
  </testcase>
  <testcase name="[Serial]ImageUpload Upload an image and start a VMI with PVC on rook-ceph [test_id:4621] Should succeed PVC" classname="Tests Suite" time="0">
    <skipped></skipped>
  </testcase>
  <testcase name="[Serial]Slirp Networking should be able to VirtualMachineInstance with slirp interface" classname="Tests Suite" time="0">
    <skipped></skipped>
  </testcase>
  <testcase name="[Serial]Slirp Networking should be able to VirtualMachineInstance with slirp interface with custom MAC address" classname="Tests Suite" time="0">
    <skipped></skipped>
  </testcase>
  <testcase name="[Serial]Slirp Networking vmi with default slirp interface should reject VMIs with default interface slirp when it&#39;s not permitted" classname="Tests Suite" time="0">
    <skipped></skipped>
  </testcase>
  <testcase name="[Serial]Multus [rfe_id:694][crit:medium][vendor:cnv-qe@redhat.com][level:component]VirtualMachineInstance using different types of interfaces. VirtualMachineInstance with cni ptp plugin interface [test_id:1751]should create a virtual machine with one interface" classname="Tests Suite" time="0">
    <skipped></skipped>
  </testcase>
  <testcase name="[Serial]Multus [rfe_id:694][crit:medium][vendor:cnv-qe@redhat.com][level:component]VirtualMachineInstance using different types of interfaces. VirtualMachineInstance with cni ptp plugin interface [test_id:1752]should create a virtual machine with one interface with network definition from different namespace" classname="Tests Suite" time="0">
    <skipped></skipped>
  </testcase>
  <testcase name="[Serial]Multus [rfe_id:694][crit:medium][vendor:cnv-qe@redhat.com][level:component]VirtualMachineInstance using different types of interfaces. VirtualMachineInstance with cni ptp plugin interface [test_id:1753]should create a virtual machine with two interfaces" classname="Tests Suite" time="0">
    <skipped></skipped>
  </testcase>
  <testcase name="[Serial]Multus [rfe_id:694][crit:medium][vendor:cnv-qe@redhat.com][level:component]VirtualMachineInstance using different types of interfaces. VirtualMachineInstance with multus network as default network [test_id:1751]should create a virtual machine with one interface with multus default network definition" classname="Tests Suite" time="0">
    <skipped></skipped>
  </testcase>
  <testcase name="[Serial]Multus [rfe_id:694][crit:medium][vendor:cnv-qe@redhat.com][level:component]VirtualMachineInstance using different types of interfaces. VirtualMachineInstance with cni ptp plugin interface with custom MAC address [test_id:1705]should configure valid custom MAC address on ptp interface when using tuning plugin" classname="Tests Suite" time="0">
    <skipped></skipped>
  </testcase>
  <testcase name="[Serial]Multus [rfe_id:694][crit:medium][vendor:cnv-qe@redhat.com][level:component]VirtualMachineInstance using different types of interfaces. VirtualMachineInstance with Linux bridge plugin interface [test_id:1577]should create two virtual machines with one interface" classname="Tests Suite" time="0">
    <skipped></skipped>
  </testcase>
  <testcase name="[Serial]Multus [rfe_id:694][crit:medium][vendor:cnv-qe@redhat.com][level:component]VirtualMachineInstance using different types of interfaces. VirtualMachineInstance with Linux bridge plugin interface [test_id:1578]should create two virtual machines with two interfaces" classname="Tests Suite" time="0">
    <skipped></skipped>
  </testcase>
  <testcase name="[Serial]Multus [rfe_id:694][crit:medium][vendor:cnv-qe@redhat.com][level:component]VirtualMachineInstance using different types of interfaces. VirtualMachineInstance with Linux bridge CNI plugin interface and custom MAC address. [test_id:676]should configure valid custom MAC address on Linux bridge CNI interface." classname="Tests Suite" time="0">
    <skipped></skipped>
  </testcase>
  <testcase name="[Serial]Multus [rfe_id:694][crit:medium][vendor:cnv-qe@redhat.com][level:component]VirtualMachineInstance using different types of interfaces. Single VirtualMachineInstance with Linux bridge CNI plugin interface [test_id:1756]should report all interfaces in Status" classname="Tests Suite" time="0">
    <skipped></skipped>
  </testcase>
  <testcase name="[Serial]Multus [rfe_id:694][crit:medium][vendor:cnv-qe@redhat.com][level:component]VirtualMachineInstance using different types of interfaces. VirtualMachineInstance with invalid MAC address [test_id:1713]should failed to start with invalid MAC address" classname="Tests Suite" time="0">
    <skipped></skipped>
  </testcase>
  <testcase name="[Serial]Multus [rfe_id:1758][crit:medium][vendor:cnv-qe@redhat.com][level:component]VirtualMachineInstance definition with qemu guest agent [test_id:1757] should report guest interfaces in VMI status" classname="Tests Suite" time="0">
    <skipped></skipped>
  </testcase>
  <testcase name="[Serial]Macvtap a virtual machine with one macvtap interface, with a custom MAC address should have the specified MAC address reported back via the API" classname="Tests Suite" time="0">
    <skipped></skipped>
  </testcase>
  <testcase name="[Serial]Macvtap a virtual machine with one macvtap interface, with a custom MAC address and another virtual machine connected to the same network can communicate with the virtual machine in the same network" classname="Tests Suite" time="0">
    <skipped></skipped>
  </testcase>
  <testcase name="[Serial]Macvtap VMI migration should be successful when the VMI MAC address is defined in its spec" classname="Tests Suite" time="0">
    <skipped></skipped>
  </testcase>
  <testcase name="[Serial]Macvtap VMI migration with live traffic should keep connectivity after a migration" classname="Tests Suite" time="0">
    <skipped></skipped>
  </testcase>
  <testcase name="Ensure stable functionality by repeately starting vmis many times without issues" classname="Tests Suite" time="0">
    <skipped></skipped>
  </testcase>
  <testcase name="[Serial]SecurityFeatures Check virt-launcher securityContext With selinuxLauncherType as container_t [test_id:2953]Ensure virt-launcher pod securityContext type is correctly set" classname="Tests Suite" time="0">
    <skipped></skipped>
  </testcase>
  <testcase name="[Serial]SecurityFeatures Check virt-launcher securityContext With selinuxLauncherType as container_t [test_id:2895]Make sure the virt-launcher pod is not priviledged" classname="Tests Suite" time="0">
    <skipped></skipped>
  </testcase>
  <testcase name="[Serial]SecurityFeatures Check virt-launcher securityContext With selinuxLauncherType as container_t [test_id:4297]Make sure qemu processes are MCS constrained" classname="Tests Suite" time="0">
    <skipped></skipped>
  </testcase>
  <testcase name="[Serial]SecurityFeatures Check virt-launcher securityContext With selinuxLauncherType defined as spc_t [test_id:3787]Should honor custom SELinux type for virt-launcher" classname="Tests Suite" time="0">
    <skipped></skipped>
  </testcase>
  <testcase name="[Serial]SecurityFeatures Check virt-launcher securityContext With selinuxLauncherType defined as virt_launcher.process [test_id:4298]qemu process type is virt_launcher.process, when selinuxLauncherType is virt_launcher.process" classname="Tests Suite" time="0">
    <skipped></skipped>
  </testcase>
  <testcase name="[Serial]SecurityFeatures Check virt-launcher capabilities [test_id:4300]has precisely the documented extra capabilities relative to a regular user pod" classname="Tests Suite" time="0">
    <skipped></skipped>
  </testcase>
  <testcase name="Configurations VirtualMachineInstance definition [rfe_id:2262][crit:medium][vendor:cnv-qe@redhat.com][level:component]with EFI bootloader method [Serial][test_id:1668]should use EFI" classname="Tests Suite" time="0">
    <skipped></skipped>
  </testcase>
  <testcase name="Configurations VirtualMachineInstance definition [rfe_id:2262][crit:medium][vendor:cnv-qe@redhat.com][level:component]with EFI bootloader method [Serial][test_id:4437]should enable EFI secure boot" classname="Tests Suite" time="0">
    <skipped></skipped>
  </testcase>
  <testcase name="Configurations [rfe_id:897][crit:medium][vendor:cnv-qe@redhat.com][level:component]VirtualMachineInstance with CPU pinning [Serial]with cpu pinning enabled [test_id:1684]should set the cpumanager label to false when it&#39;s not running" classname="Tests Suite" time="0">
    <skipped></skipped>
  </testcase>
  <testcase name="Configurations [rfe_id:897][crit:medium][vendor:cnv-qe@redhat.com][level:component]VirtualMachineInstance with CPU pinning [Serial]with cpu pinning enabled [test_id:1685]non master node should have a cpumanager label" classname="Tests Suite" time="0">
    <skipped></skipped>
  </testcase>
  <testcase name="Configurations [rfe_id:897][crit:medium][vendor:cnv-qe@redhat.com][level:component]VirtualMachineInstance with CPU pinning [Serial]with cpu pinning enabled [test_id:991]should be scheduled on a node with running cpu manager" classname="Tests Suite" time="0">
    <skipped></skipped>
  </testcase>
  <testcase name="Configurations [rfe_id:897][crit:medium][vendor:cnv-qe@redhat.com][level:component]VirtualMachineInstance with CPU pinning [Serial]with cpu pinning enabled [test_id:4632]should be able to start a vm with guest memory different from requested and keep guaranteed qos" classname="Tests Suite" time="0">
    <skipped></skipped>
  </testcase>
  <testcase name="Configurations [rfe_id:897][crit:medium][vendor:cnv-qe@redhat.com][level:component]VirtualMachineInstance with CPU pinning [Serial]with cpu pinning enabled [test_id:4023]should start a vmi with dedicated cpus and isolated emulator thread" classname="Tests Suite" time="0">
    <skipped></skipped>
  </testcase>
  <testcase name="Configurations [rfe_id:897][crit:medium][vendor:cnv-qe@redhat.com][level:component]VirtualMachineInstance with CPU pinning [Serial]with cpu pinning enabled [test_id:4024]should fail the vmi creation if IsolateEmulatorThread requested without dedicated cpus" classname="Tests Suite" time="0">
    <skipped></skipped>
  </testcase>
  <testcase name="Configurations [rfe_id:897][crit:medium][vendor:cnv-qe@redhat.com][level:component]VirtualMachineInstance with CPU pinning [Serial]with cpu pinning enabled [test_id:802]should configure correct number of vcpus with requests.cpus" classname="Tests Suite" time="0">
    <skipped></skipped>
  </testcase>
  <testcase name="Configurations [rfe_id:897][crit:medium][vendor:cnv-qe@redhat.com][level:component]VirtualMachineInstance with CPU pinning [Serial]with cpu pinning enabled [test_id:1688]should fail the vmi creation if the requested resources are inconsistent" classname="Tests Suite" time="0">
    <skipped></skipped>
  </testcase>
  <testcase name="Configurations [rfe_id:897][crit:medium][vendor:cnv-qe@redhat.com][level:component]VirtualMachineInstance with CPU pinning [Serial]with cpu pinning enabled [test_id:1689]should fail the vmi creation if cpu is not an integer" classname="Tests Suite" time="0">
    <skipped></skipped>
  </testcase>
  <testcase name="Configurations [rfe_id:897][crit:medium][vendor:cnv-qe@redhat.com][level:component]VirtualMachineInstance with CPU pinning [Serial]with cpu pinning enabled [test_id:1690]should fail the vmi creation if Guaranteed QOS cannot be set" classname="Tests Suite" time="0">
    <skipped></skipped>
  </testcase>
  <testcase name="Configurations [rfe_id:897][crit:medium][vendor:cnv-qe@redhat.com][level:component]VirtualMachineInstance with CPU pinning [Serial]with cpu pinning enabled [test_id:830]should start a vm with no cpu pinning after a vm with cpu pinning on same node" classname="Tests Suite" time="0">
    <skipped></skipped>
  </testcase>
  <testcase name="Configurations [rfe_id:897][crit:medium][vendor:cnv-qe@redhat.com][level:component]VirtualMachineInstance with CPU pinning [Serial]cpu pinning with fedora images, dedicated and non dedicated cpu should be possible on same node via spec.domain.cpu.cores [test_id:829]should start a vm with no cpu pinning after a vm with cpu pinning on same node" classname="Tests Suite" time="0">
    <skipped></skipped>
  </testcase>
  <testcase name="Configurations [rfe_id:897][crit:medium][vendor:cnv-qe@redhat.com][level:component]VirtualMachineInstance with CPU pinning [Serial]cpu pinning with fedora images, dedicated and non dedicated cpu should be possible on same node via spec.domain.cpu.cores [test_id:832]should start a vm with cpu pinning after a vm with no cpu pinning on same node" classname="Tests Suite" time="0">
    <skipped></skipped>
  </testcase>
  <testcase name="Configurations [rfe_id:2926][crit:medium][vendor:cnv-qe@redhat.com][level:component]Check Chassis value [Serial][test_id:2927]Test Chassis value in a newly created VM" classname="Tests Suite" time="0">
    <skipped></skipped>
  </testcase>
  <testcase name="Configurations [Serial][rfe_id:2926][crit:medium][vendor:cnv-qe@redhat.com][level:component]Check SMBios with default and custom values [test_id:2751]test default SMBios" classname="Tests Suite" time="0">
    <skipped></skipped>
  </testcase>
  <testcase name="Configurations [Serial][rfe_id:2926][crit:medium][vendor:cnv-qe@redhat.com][level:component]Check SMBios with default and custom values [test_id:2752]test custom SMBios values" classname="Tests Suite" time="0">
    <skipped></skipped>
  </testcase>
  <testcase name="[Serial]SRIOV VirtualMachineInstance with sriov plugin interface [test_id:1754]should create a virtual machine with sriov interface" classname="Tests Suite" time="0">
    <skipped></skipped>
  </testcase>
  <testcase name="[Serial]SRIOV VirtualMachineInstance with sriov plugin interface [test_id:1754]should create a virtual machine with sriov interface with all pci devices on the root bus" classname="Tests Suite" time="0">
    <skipped></skipped>
  </testcase>
  <testcase name="[Serial]SRIOV VirtualMachineInstance with sriov plugin interface [test_id:3959]should create a virtual machine with sriov interface and dedicatedCPUs" classname="Tests Suite" time="0">
    <skipped></skipped>
  </testcase>
  <testcase name="[Serial]SRIOV VirtualMachineInstance with sriov plugin interface [test_id:3985]should create a virtual machine with sriov interface with custom MAC address" classname="Tests Suite" time="0">
    <skipped></skipped>
  </testcase>
  <testcase name="[Serial]SRIOV VirtualMachineInstance with sriov plugin interface [test_id:1755]should create a virtual machine with two sriov interfaces referring the same resource" classname="Tests Suite" time="0">
    <skipped></skipped>
  </testcase>
  <testcase name="[Serial]SRIOV VirtualMachineInstance with sriov plugin interface [test_id:3956]should connect to another machine with sriov interface over IPv4" classname="Tests Suite" time="0">
    <skipped></skipped>
  </testcase>
  <testcase name="[Serial]SRIOV VirtualMachineInstance with sriov plugin interface [test_id:3957]should connect to another machine with sriov interface over IPv6" classname="Tests Suite" time="0">
    <skipped></skipped>
  </testcase>
  <testcase name="[Serial]SRIOV VirtualMachineInstance with sriov plugin interface With VLAN should be able to ping between two VMIs with the same VLAN over SRIOV network" classname="Tests Suite" time="0">
    <skipped></skipped>
  </testcase>
  <testcase name="[Serial]SRIOV VirtualMachineInstance with sriov plugin interface With VLAN should NOT be able to ping between Vlaned VMI and a non Vlaned VMI" classname="Tests Suite" time="0">
    <skipped></skipped>
  </testcase>
  <testcase name="[Serial][rfe_id:393][crit:high][vendor:cnv-qe@redhat.com][level:system] VM Live Migration Starting a VirtualMachineInstance  with a bridge network interface [test_id:3226]should reject a migration of a vmi with a bridge interface" classname="Tests Suite" time="0">
    <skipped></skipped>
  </testcase>
  <testcase name="[Serial][rfe_id:393][crit:high][vendor:cnv-qe@redhat.com][level:system] VM Live Migration Starting a VirtualMachineInstance  with a Cirros disk [test_id:4113]should be successfully migrate with cloud-init disk with devices on the root bus" classname="Tests Suite" time="0">
    <skipped></skipped>
  </testcase>
  <testcase name="[Serial][rfe_id:393][crit:high][vendor:cnv-qe@redhat.com][level:system] VM Live Migration Starting a VirtualMachineInstance  with a Cirros disk [test_id:1783]should be successfully migrated multiple times with cloud-init disk" classname="Tests Suite" time="0">
    <skipped></skipped>
  </testcase>
  <testcase name="[Serial][rfe_id:393][crit:high][vendor:cnv-qe@redhat.com][level:system] VM Live Migration Starting a VirtualMachineInstance  with a Cirros disk [test_id:4746]should migrate even if libvirt has restarted at some point." classname="Tests Suite" time="0">
    <skipped></skipped>
  </testcase>
  <testcase name="[Serial][rfe_id:393][crit:high][vendor:cnv-qe@redhat.com][level:system] VM Live Migration Starting a VirtualMachineInstance  with a Cirros disk should migrate to a persistent (non-transient) libvirt domain." classname="Tests Suite" time="0">
    <skipped></skipped>
  </testcase>
  <testcase name="[Serial][rfe_id:393][crit:high][vendor:cnv-qe@redhat.com][level:system] VM Live Migration Starting a VirtualMachineInstance  with auto converge enabled [test_id:3237]should complete a migration" classname="Tests Suite" time="0">
    <skipped></skipped>
  </testcase>
  <testcase name="[Serial][rfe_id:393][crit:high][vendor:cnv-qe@redhat.com][level:system] VM Live Migration Starting a VirtualMachineInstance  with setting guest time [test_id:4114]should set an updated time after a migration" classname="Tests Suite" time="0">
    <skipped></skipped>
  </testcase>
  <testcase name="[Serial][rfe_id:393][crit:high][vendor:cnv-qe@redhat.com][level:system] VM Live Migration Starting a VirtualMachineInstance  with a shared ISCSI Filesystem PVC (using ISCSI IPv4 address) [test_id:3238]should migrate a vmi with UNSAFE_MIGRATION flag set" classname="Tests Suite" time="0">
    <skipped></skipped>
  </testcase>
  <testcase name="[Serial][rfe_id:393][crit:high][vendor:cnv-qe@redhat.com][level:system] VM Live Migration Starting a VirtualMachineInstance  with an Alpine DataVolume [test_id:3239]should reject a migration of a vmi with a non-shared data volume" classname="Tests Suite" time="0">
    <skipped></skipped>
  </testcase>
  <testcase name="[Serial][rfe_id:393][crit:high][vendor:cnv-qe@redhat.com][level:system] VM Live Migration Starting a VirtualMachineInstance  with an Alpine DataVolume [test_id:1479] should migrate a vmi with a shared OCS disk" classname="Tests Suite" time="0">
    <skipped></skipped>
  </testcase>
  <testcase name="[Serial][rfe_id:393][crit:high][vendor:cnv-qe@redhat.com][level:system] VM Live Migration Starting a VirtualMachineInstance  with an Alpine shared ISCSI PVC (using ISCSI IPv4 address) [test_id:1854]should migrate a VMI with shared and non-shared disks" classname="Tests Suite" time="0">
    <skipped></skipped>
  </testcase>
  <testcase name="[Serial][rfe_id:393][crit:high][vendor:cnv-qe@redhat.com][level:system] VM Live Migration Starting a VirtualMachineInstance  with an Alpine shared ISCSI PVC (using ISCSI IPv4 address) [test_id:1377]should be successfully migrated multiple times" classname="Tests Suite" time="0">
    <skipped></skipped>
  </testcase>
  <testcase name="[Serial][rfe_id:393][crit:high][vendor:cnv-qe@redhat.com][level:system] VM Live Migration Starting a VirtualMachineInstance  with an Cirros shared ISCSI PVC (using ISCSI IPv4 address) [test_id:3240]should be successfully with a cloud init" classname="Tests Suite" time="0">
    <skipped></skipped>
  </testcase>
  <testcase name="[Serial][rfe_id:393][crit:high][vendor:cnv-qe@redhat.com][level:system] VM Live Migration Starting a VirtualMachineInstance  with a Fedora shared NFS PVC (using nfs ipv4 address), cloud init and service account should be migrated successfully, using guest agent on VM [test_id:2653] with default migration configuration" classname="Tests Suite" time="0">
    <skipped></skipped>
  </testcase>
  <testcase name="[Serial][rfe_id:393][crit:high][vendor:cnv-qe@redhat.com][level:system] VM Live Migration Starting a VirtualMachineInstance  with a Fedora shared NFS PVC (using nfs ipv4 address), cloud init and service account should be migrated successfully, using guest agent on VM [test_id:5004] with postcopy" classname="Tests Suite" time="0">
    <skipped></skipped>
  </testcase>
  <testcase name="[Serial][rfe_id:393][crit:high][vendor:cnv-qe@redhat.com][level:system] VM Live Migration Starting a VirtualMachineInstance  with a Fedora shared NFS PVC (using nfs ipv4 address), cloud init and service account should have guest agent functional after migration" classname="Tests Suite" time="0">
    <skipped></skipped>
  </testcase>
  <testcase name="[Serial][rfe_id:393][crit:high][vendor:cnv-qe@redhat.com][level:system] VM Live Migration Starting a VirtualMachineInstance  migration security [test_id:2303][posneg:negative] should secure migrations with TLS" classname="Tests Suite" time="0">
    <skipped></skipped>
  </testcase>
  <testcase name="[Serial][rfe_id:393][crit:high][vendor:cnv-qe@redhat.com][level:system] VM Live Migration Starting a VirtualMachineInstance  migration postcopy [test_id:4747] should migrate using cluster level config for postcopy" classname="Tests Suite" time="0">
    <skipped></skipped>
  </testcase>
  <testcase name="[Serial][rfe_id:393][crit:high][vendor:cnv-qe@redhat.com][level:system] VM Live Migration Starting a VirtualMachineInstance  migration monitor [test_id:2227] should abort a vmi migration without progress" classname="Tests Suite" time="0">
    <skipped></skipped>
  </testcase>
  <testcase name="[Serial][rfe_id:393][crit:high][vendor:cnv-qe@redhat.com][level:system] VM Live Migration Starting a VirtualMachineInstance  migration monitor  Should detect a failed migration" classname="Tests Suite" time="0">
    <skipped></skipped>
  </testcase>
  <testcase name="[Serial][rfe_id:393][crit:high][vendor:cnv-qe@redhat.com][level:system] VM Live Migration Starting a VirtualMachineInstance  with an Cirros non-shared ISCSI PVC (using ISCSI IPv4 address) [test_id:1862][posneg:negative]should reject migrations for a non-migratable vmi" classname="Tests Suite" time="0">
    <skipped></skipped>
  </testcase>
  <testcase name="[Serial][rfe_id:393][crit:high][vendor:cnv-qe@redhat.com][level:system] VM Live Migration Starting a VirtualMachineInstance  rook-ceph live migration cancelation should be able to cancel a migration [test_id:2226] with ContainerDisk" classname="Tests Suite" time="0">
    <skipped></skipped>
  </testcase>
  <testcase name="[Serial][rfe_id:393][crit:high][vendor:cnv-qe@redhat.com][level:system] VM Live Migration Starting a VirtualMachineInstance  rook-ceph live migration cancelation should be able to cancel a migration [test_id:2731] with OCS Disk (using ISCSI IPv4 address)" classname="Tests Suite" time="0">
    <skipped></skipped>
  </testcase>
  <testcase name="[Serial][rfe_id:393][crit:high][vendor:cnv-qe@redhat.com][level:system] VM Live Migration Starting a VirtualMachineInstance  rook-ceph live migration cancelation [test_id:3241]should be able to cancel a migration right after posting it" classname="Tests Suite" time="0">
    <skipped></skipped>
  </testcase>
  <testcase name="[Serial][rfe_id:393][crit:high][vendor:cnv-qe@redhat.com][level:system] VM Live Migration with sata disks [test_id:1853]VM with containerDisk + CloudInit + ServiceAccount + ConfigMap + Secret + DownwardAPI" classname="Tests Suite" time="0">
    <skipped></skipped>
  </testcase>
  <testcase name="[Serial][rfe_id:393][crit:high][vendor:cnv-qe@redhat.com][level:system] VM Live Migration with a live-migrate eviction strategy set [ref_id:2293] with a VMI running with an eviction strategy set [test_id:3242]should block the eviction api and migrate" classname="Tests Suite" time="0">
    <skipped></skipped>
  </testcase>
  <testcase name="[Serial][rfe_id:393][crit:high][vendor:cnv-qe@redhat.com][level:system] VM Live Migration with a live-migrate eviction strategy set [ref_id:2293] with a VMI running with an eviction strategy set [test_id:3243]should recreate the PDB if VMIs with similar names are recreated" classname="Tests Suite" time="0">
    <skipped></skipped>
  </testcase>
  <testcase name="[Serial][rfe_id:393][crit:high][vendor:cnv-qe@redhat.com][level:system] VM Live Migration with a live-migrate eviction strategy set [ref_id:2293] with a VMI running with an eviction strategy set [test_id:3244]should block the eviction api while a slow migration is in progress" classname="Tests Suite" time="0">
    <skipped></skipped>
  </testcase>
  <testcase name="[Serial][rfe_id:393][crit:high][vendor:cnv-qe@redhat.com][level:system] VM Live Migration with a live-migrate eviction strategy set [ref_id:2293] with a VMI running with an eviction strategy set with node tainted during node drain should migrate a VMI only one time" classname="Tests Suite" time="0">
    <skipped></skipped>
  </testcase>
  <testcase name="[Serial][rfe_id:393][crit:high][vendor:cnv-qe@redhat.com][level:system] VM Live Migration with a live-migrate eviction strategy set [ref_id:2293] with a VMI running with an eviction strategy set with node tainted during node drain [test_id:2221] should migrate a VMI under load to another node" classname="Tests Suite" time="0">
    <skipped></skipped>
  </testcase>
  <testcase name="[Serial][rfe_id:393][crit:high][vendor:cnv-qe@redhat.com][level:system] VM Live Migration with a live-migrate eviction strategy set [ref_id:2293] with a VMI running with an eviction strategy set with node tainted during node drain [test_id:2222] should migrate a VMI when custom taint key is configured" classname="Tests Suite" time="0">
    <skipped></skipped>
  </testcase>
  <testcase name="[Serial][rfe_id:393][crit:high][vendor:cnv-qe@redhat.com][level:system] VM Live Migration with a live-migrate eviction strategy set [ref_id:2293] with a VMI running with an eviction strategy set with node tainted during node drain [test_id:2224] should handle mixture of VMs with different eviction strategies." classname="Tests Suite" time="0">
    <skipped></skipped>
  </testcase>
  <testcase name="[Serial][rfe_id:393][crit:high][vendor:cnv-qe@redhat.com][level:system] VM Live Migration with a live-migrate eviction strategy set with multiple VMIs with eviction policies set [test_id:3245]should not migrate more than two VMIs at the same time from a node" classname="Tests Suite" time="0">
    <skipped></skipped>
  </testcase>
  <testcase name="[rfe_id:127][posneg:negative][crit:medium][vendor:cnv-qe@redhat.com][level:component]Console [rfe_id:127][posneg:negative][crit:medium][vendor:cnv-qe@redhat.com][level:component]A new VirtualMachineInstance with a serial console with an alpine image should return that we are running alpine [test_id:4637]with OCS Filesystem Disk" classname="Tests Suite" time="3.615837725">
    <skipped></skipped>
  </testcase>
  <testcase name="[rfe_id:127][posneg:negative][crit:medium][vendor:cnv-qe@redhat.com][level:component]Console [rfe_id:127][posneg:negative][crit:medium][vendor:cnv-qe@redhat.com][level:component]A new VirtualMachineInstance with a serial console with an alpine image should return that we are running alpine [test_id:4638]with OCS Block Disk" classname="Tests Suite" time="5.399924239">
    <skipped></skipped>
  </testcase>
  <testcase name="[rfe_id:273][crit:high][vendor:cnv-qe@redhat.com][level:component]VMIlifecycle [rfe_id:273][crit:high][vendor:cnv-qe@redhat.com][level:component]Creating a VirtualMachineInstance when virt-launcher crashes [Serial][test_id:1631]should be stopped and have Failed phase" classname="Tests Suite" time="0">
    <skipped></skipped>
  </testcase>
  <testcase name="[rfe_id:273][crit:high][vendor:cnv-qe@redhat.com][level:component]VMIlifecycle [rfe_id:273][crit:high][vendor:cnv-qe@redhat.com][level:component]Creating a VirtualMachineInstance [Serial]when virt-handler crashes [test_id:1632]should recover and continue management" classname="Tests Suite" time="0">
    <skipped></skipped>
  </testcase>
  <testcase name="[rfe_id:273][crit:high][vendor:cnv-qe@redhat.com][level:component]VMIlifecycle [rfe_id:273][crit:high][vendor:cnv-qe@redhat.com][level:component]Creating a VirtualMachineInstance [Serial]when virt-handler is responsive [test_id:1633]should indicate that a node is ready for vmis" classname="Tests Suite" time="0">
    <skipped></skipped>
  </testcase>
  <testcase name="[rfe_id:273][crit:high][vendor:cnv-qe@redhat.com][level:component]VMIlifecycle [rfe_id:273][crit:high][vendor:cnv-qe@redhat.com][level:component]Creating a VirtualMachineInstance [Serial]when virt-handler is responsive [test_id:3198]device plugins should re-register if the kubelet restarts" classname="Tests Suite" time="0">
    <skipped></skipped>
  </testcase>
  <testcase name="[rfe_id:273][crit:high][vendor:cnv-qe@redhat.com][level:component]VMIlifecycle [rfe_id:273][crit:high][vendor:cnv-qe@redhat.com][level:component]Creating a VirtualMachineInstance [Serial]when virt-handler is responsive VMIs with Bridge Networking shouldn&#39;t fail after the kubelet restarts" classname="Tests Suite" time="0">
    <skipped></skipped>
  </testcase>
  <testcase name="[rfe_id:273][crit:high][vendor:cnv-qe@redhat.com][level:component]VMIlifecycle [rfe_id:273][crit:high][vendor:cnv-qe@redhat.com][level:component]Creating a VirtualMachineInstance [Serial]when virt-handler is responsive VMIs with Bridge Networking should work with Duplicate Address Detection (DAD)" classname="Tests Suite" time="0">
    <skipped></skipped>
  </testcase>
  <testcase name="[rfe_id:273][crit:high][vendor:cnv-qe@redhat.com][level:component]VMIlifecycle [rfe_id:273][crit:high][vendor:cnv-qe@redhat.com][level:component]Creating a VirtualMachineInstance [Serial]when virt-handler is not responsive [test_id:1634]the node controller should mark the node as unschedulable when the virt-handler heartbeat has timedout" classname="Tests Suite" time="0">
    <skipped></skipped>
  </testcase>
  <testcase name="[rfe_id:273][crit:high][vendor:cnv-qe@redhat.com][level:component]VMIlifecycle [rfe_id:273][crit:high][vendor:cnv-qe@redhat.com][level:component]Creating a VirtualMachineInstance [Serial]with node tainted [test_id:1635]the vmi with tolerations should be scheduled" classname="Tests Suite" time="0">
    <skipped></skipped>
  </testcase>
  <testcase name="[rfe_id:273][crit:high][vendor:cnv-qe@redhat.com][level:component]VMIlifecycle [rfe_id:273][crit:high][vendor:cnv-qe@redhat.com][level:component]Creating a VirtualMachineInstance [Serial]with node tainted [test_id:1636]the vmi without tolerations should not be scheduled" classname="Tests Suite" time="0">
    <skipped></skipped>
  </testcase>
  <testcase name="[Serial]DataVolume Integration [rfe_id:3188][crit:high][vendor:cnv-qe@redhat.com][level:system] Starting a VirtualMachineInstance with a DataVolume as a volume source Alpine import [test_id:3189]should be successfully started and stopped multiple times" classname="Tests Suite" time="0">
    <skipped></skipped>
  </testcase>
  <testcase name="[Serial]DataVolume Integration [rfe_id:3188][crit:high][vendor:cnv-qe@redhat.com][level:system] Starting a VirtualMachineInstance with a DataVolume as a volume source Alpine import [test_id:5252]should be successfully started when using a PVC volume owned by a DataVolume" classname="Tests Suite" time="0">
    <skipped></skipped>
  </testcase>
  <testcase name="[Serial]DataVolume Integration [rfe_id:3188][crit:high][vendor:cnv-qe@redhat.com][level:system] Starting a VirtualMachine with an invalid DataVolume using DataVolume with invalid URL [test_id:3190]should correctly handle invalid DataVolumes" classname="Tests Suite" time="0">
    <skipped></skipped>
  </testcase>
  <testcase name="[Serial]DataVolume Integration [rfe_id:3188][crit:high][vendor:cnv-qe@redhat.com][level:system] Starting a VirtualMachine with an invalid DataVolume using DataVolume with invalid URL [test_id:3190]should correctly handle eventually consistent DataVolumes" classname="Tests Suite" time="0">
    <skipped></skipped>
  </testcase>
  <testcase name="[Serial]DataVolume Integration [rfe_id:896][crit:high][vendor:cnv-qe@redhat.com][level:system] with oc/kubectl [test_id:836] Creating a VM with DataVolumeTemplates should succeed." classname="Tests Suite" time="0">
    <skipped></skipped>
  </testcase>
  <testcase name="[Serial]DataVolume Integration [rfe_id:896][crit:high][vendor:cnv-qe@redhat.com][level:system] with oc/kubectl [test_id:837]deleting VM with cascade=true should automatically delete DataVolumes and VMI owned by VM." classname="Tests Suite" time="0">
    <skipped></skipped>
  </testcase>
  <testcase name="[Serial]DataVolume Integration [rfe_id:896][crit:high][vendor:cnv-qe@redhat.com][level:system] with oc/kubectl [test_id:838]deleting VM with cascade=false should orphan DataVolumes and VMI owned by VM." classname="Tests Suite" time="0">
    <skipped></skipped>
  </testcase>
  <testcase name="[Serial]DataVolume Integration [rfe_id:3188][crit:high][vendor:cnv-qe@redhat.com][level:system] Starting a VirtualMachine with a DataVolume using Alpine http import [test_id:3191]should be successfully started and stopped multiple times with http import" classname="Tests Suite" time="0">
    <skipped></skipped>
  </testcase>
  <testcase name="[Serial]DataVolume Integration [rfe_id:3188][crit:high][vendor:cnv-qe@redhat.com][level:system] Starting a VirtualMachine with a DataVolume using Alpine http import [test_id:3191]should be successfully started and stopped multiple times with registry import" classname="Tests Suite" time="0">
    <skipped></skipped>
  </testcase>
  <testcase name="[Serial]DataVolume Integration [rfe_id:3188][crit:high][vendor:cnv-qe@redhat.com][level:system] Starting a VirtualMachine with a DataVolume using Alpine http import [test_id:3192]should remove owner references on DataVolume if VM is orphan deleted." classname="Tests Suite" time="0">
    <skipped></skipped>
  </testcase>
  <testcase name="[Serial]DataVolume Integration [rfe_id:3188][crit:high][vendor:cnv-qe@redhat.com][level:system] DataVolume clone permission checking using Alpine import/clone deny then allow clone request on rook-ceph [test_id:3193]with explicit role" classname="Tests Suite" time="0">
    <skipped></skipped>
  </testcase>
  <testcase name="[Serial]DataVolume Integration [rfe_id:3188][crit:high][vendor:cnv-qe@redhat.com][level:system] DataVolume clone permission checking using Alpine import/clone deny then allow clone request on rook-ceph [test_id:3194]with implicit role" classname="Tests Suite" time="0">
    <skipped></skipped>
  </testcase>
  <testcase name="[Serial]DataVolume Integration [rfe_id:3188][crit:high][vendor:cnv-qe@redhat.com][level:system] DataVolume clone permission checking using Alpine import/clone deny then allow clone request on rook-ceph [test_id:5253]with explicit role (all namespaces)" classname="Tests Suite" time="0">
    <skipped></skipped>
  </testcase>
  <testcase name="[Serial]DataVolume Integration [rfe_id:3188][crit:high][vendor:cnv-qe@redhat.com][level:system] DataVolume clone permission checking using Alpine import/clone deny then allow clone request on rook-ceph [test_id:5254]with explicit role (one namespace)" classname="Tests Suite" time="0">
    <skipped></skipped>
  </testcase>
  <testcase name="[Serial]Windows VirtualMachineInstance [test_id:487]should succeed to start a vmi" classname="Tests Suite" time="0">
    <skipped></skipped>
  </testcase>
  <testcase name="[Serial]Windows VirtualMachineInstance [test_id:488]should succeed to stop a running vmi" classname="Tests Suite" time="0">
    <skipped></skipped>
  </testcase>
  <testcase name="[Serial]Windows VirtualMachineInstance [ref_id:139]with winrm connection [test_id:240]should have correct UUID" classname="Tests Suite" time="0">
    <skipped></skipped>
  </testcase>
  <testcase name="[Serial]Windows VirtualMachineInstance [ref_id:139]with winrm connection [test_id:3159]should have default masquerade IP" classname="Tests Suite" time="0">
    <skipped></skipped>
  </testcase>
  <testcase name="[Serial]Windows VirtualMachineInstance [ref_id:139]with winrm connection [test_id:3160]should have the domain set properly" classname="Tests Suite" time="0">
    <skipped></skipped>
  </testcase>
  <testcase name="[Serial]Windows VirtualMachineInstance [ref_id:142]with kubectl command [test_id:223]should succeed to start a vmi" classname="Tests Suite" time="0">
    <skipped></skipped>
  </testcase>
  <testcase name="[Serial]Windows VirtualMachineInstance [ref_id:142]with kubectl command [test_id:239]should succeed to stop a vmi" classname="Tests Suite" time="0">
    <skipped></skipped>
  </testcase>
  <testcase name="[rfe_id:1177][crit:medium][vendor:cnv-qe@redhat.com][level:component]VirtualMachine An invalid VirtualMachine given with a PVC from a Datavolume [Serial][test_id:4644]should fail to start when a volume is backed by PVC created by DataVolume instead of the DataVolume itself" classname="Tests Suite" time="0">
    <skipped></skipped>
  </testcase>
  <testcase name="[rfe_id:1177][crit:medium][vendor:cnv-qe@redhat.com][level:component]VirtualMachine [Serial]A mutated VirtualMachine given [test_id:3312]should set the default MachineType when created without explicit value" classname="Tests Suite" time="0">
    <skipped></skipped>
  </testcase>
  <testcase name="[rfe_id:1177][crit:medium][vendor:cnv-qe@redhat.com][level:component]VirtualMachine [Serial]A mutated VirtualMachine given [test_id:3311]should keep the supplied MachineType when created" classname="Tests Suite" time="0">
    <skipped></skipped>
  </testcase>
  <testcase name="[rfe_id:1177][crit:medium][vendor:cnv-qe@redhat.com][level:component]VirtualMachine A valid VirtualMachine given [test_id:1520]should update VirtualMachine once VMIs are up [Serial]with OCS Filesystem Disk" classname="Tests Suite" time="0">
    <skipped></skipped>
  </testcase>
  <testcase name="[rfe_id:1177][crit:medium][vendor:cnv-qe@redhat.com][level:component]VirtualMachine A valid VirtualMachine given [test_id:1520]should update VirtualMachine once VMIs are up [Serial]with OCS Block Disk" classname="Tests Suite" time="0">
    <skipped></skipped>
  </testcase>
  <testcase name="[rfe_id:1177][crit:medium][vendor:cnv-qe@redhat.com][level:component]VirtualMachine [rfe_id:273]with oc/kubectl as ordinary OCP user trough test service account should succeed with right rights [test_id:2839]should create VM via command line" classname="Tests Suite" time="5.375445003">
    <skipped></skipped>
  </testcase>
  <testcase name="[Serial]HostDevices with ephemeral disk Should successfully passthrough an emulated PCI device" classname="Tests Suite" time="0">
    <skipped></skipped>
  </testcase>
  <testcase name="[Serial][rfe_id:588][crit:medium][vendor:cnv-qe@redhat.com][level:component]VirtualMachineInstanceReplicaSet [rfe_id:588][crit:medium][vendor:cnv-qe@redhat.com][level:component]should scale [test_id:1405]to three, to two and then to zero replicas" classname="Tests Suite" time="0">
    <skipped></skipped>
  </testcase>
  <testcase name="[Serial][rfe_id:588][crit:medium][vendor:cnv-qe@redhat.com][level:component]VirtualMachineInstanceReplicaSet [rfe_id:588][crit:medium][vendor:cnv-qe@redhat.com][level:component]should scale [test_id:1406]to five, to six and then to zero replicas" classname="Tests Suite" time="0">
    <skipped></skipped>
  </testcase>
  <testcase name="[Serial][rfe_id:588][crit:medium][vendor:cnv-qe@redhat.com][level:component]VirtualMachineInstanceReplicaSet [rfe_id:588][crit:medium][vendor:cnv-qe@redhat.com][level:component]should scale with scale subresource [test_id:1407]to three, to two and then to zero replicas" classname="Tests Suite" time="0">
    <skipped></skipped>
  </testcase>
  <testcase name="[Serial][rfe_id:588][crit:medium][vendor:cnv-qe@redhat.com][level:component]VirtualMachineInstanceReplicaSet [rfe_id:588][crit:medium][vendor:cnv-qe@redhat.com][level:component]should scale with scale subresource [test_id:1408]to five, to six and then to zero replicas" classname="Tests Suite" time="0">
    <skipped></skipped>
  </testcase>
  <testcase name="[Serial][rfe_id:588][crit:medium][vendor:cnv-qe@redhat.com][level:component]VirtualMachineInstanceReplicaSet [rfe_id:588][crit:medium][vendor:cnv-qe@redhat.com][level:component]should scale with the horizontal pod autoscaler [test_id:1409]to three, to two and then to one replicas" classname="Tests Suite" time="0">
    <skipped></skipped>
  </testcase>
  <testcase name="[Serial][rfe_id:588][crit:medium][vendor:cnv-qe@redhat.com][level:component]VirtualMachineInstanceReplicaSet [rfe_id:588][crit:medium][vendor:cnv-qe@redhat.com][level:component]should scale with the horizontal pod autoscaler [test_id:1410]to five, to six and then to one replicas" classname="Tests Suite" time="0">
    <skipped></skipped>
  </testcase>
  <testcase name="[Serial][rfe_id:588][crit:medium][vendor:cnv-qe@redhat.com][level:component]VirtualMachineInstanceReplicaSet [test_id:1411]should be rejected on POST if spec is invalid" classname="Tests Suite" time="0">
    <skipped></skipped>
  </testcase>
  <testcase name="[Serial][rfe_id:588][crit:medium][vendor:cnv-qe@redhat.com][level:component]VirtualMachineInstanceReplicaSet [test_id:1412]should reject POST if validation webhoook deems the spec is invalid" classname="Tests Suite" time="0">
    <skipped></skipped>
  </testcase>
  <testcase name="[Serial][rfe_id:588][crit:medium][vendor:cnv-qe@redhat.com][level:component]VirtualMachineInstanceReplicaSet [test_id:1413]should update readyReplicas once VMIs are up" classname="Tests Suite" time="0">
    <skipped></skipped>
  </testcase>
  <testcase name="[Serial][rfe_id:588][crit:medium][vendor:cnv-qe@redhat.com][level:component]VirtualMachineInstanceReplicaSet [test_id:1414]should return the correct data when using server-side printing" classname="Tests Suite" time="0">
    <skipped></skipped>
  </testcase>
  <testcase name="[Serial][rfe_id:588][crit:medium][vendor:cnv-qe@redhat.com][level:component]VirtualMachineInstanceReplicaSet [test_id:1415]should remove VMIs once they are marked for deletion" classname="Tests Suite" time="0">
    <skipped></skipped>
  </testcase>
  <testcase name="[Serial][rfe_id:588][crit:medium][vendor:cnv-qe@redhat.com][level:component]VirtualMachineInstanceReplicaSet [test_id:1416]should remove owner references on the VirtualMachineInstance if it is orphan deleted" classname="Tests Suite" time="0">
    <skipped></skipped>
  </testcase>
  <testcase name="[Serial][rfe_id:588][crit:medium][vendor:cnv-qe@redhat.com][level:component]VirtualMachineInstanceReplicaSet [test_id:1417]should not scale when paused and scale when resume" classname="Tests Suite" time="0">
    <skipped></skipped>
  </testcase>
  <testcase name="[Serial][rfe_id:588][crit:medium][vendor:cnv-qe@redhat.com][level:component]VirtualMachineInstanceReplicaSet [test_id:1418]should replace finished VMIs" classname="Tests Suite" time="0">
    <skipped></skipped>
  </testcase>
  <testcase name="[Serial][rfe_id:588][crit:medium][vendor:cnv-qe@redhat.com][level:component]VirtualMachineInstanceReplicaSet should replace a VMI immediately when a virt-launcher pod gets deleted" classname="Tests Suite" time="0">
    <skipped></skipped>
  </testcase>
  <testcase name="[Serial][rfe_id:588][crit:medium][vendor:cnv-qe@redhat.com][level:component]VirtualMachineInstanceReplicaSet [test_id:4121]should create and verify kubectl/oc output for vm replicaset" classname="Tests Suite" time="0">
    <skipped></skipped>
  </testcase>
  <testcase name="Storage Starting a VirtualMachineInstance [rfe_id:3106][crit:medium][vendor:cnv-qe@redhat.com][level:component]with Alpine PVC should be successfully started with NFS Disk PVC using ipv6 address of the NFS pod" classname="Tests Suite" time="0">
    <skipped></skipped>
  </testcase>
  <testcase name="Storage Starting a VirtualMachineInstance [rfe_id:3106][crit:medium][vendor:cnv-qe@redhat.com][level:component]with Alpine PVC should be successfully started with NFS Disk PVC using ipv4 address of the NFS pod not owned by qemu" classname="Tests Suite" time="0">
    <skipped></skipped>
  </testcase>
</testsuite>